mode: atomic
github.com/greycoderk/lore/internal/cli/exitcodes.go:27.40,29.2 1 2
github.com/greycoderk/lore/internal/cli/exitcodes.go:32.34,34.24 2 4
github.com/greycoderk/lore/internal/cli/exitcodes.go:34.24,36.3 1 2
github.com/greycoderk/lore/internal/cli/exitcodes.go:37.2,37.11 1 2
github.com/greycoderk/lore/internal/angela/coherence.go:15.92,16.22 1 7
github.com/greycoderk/lore/internal/angela/coherence.go:16.22,18.3 1 1
github.com/greycoderk/lore/internal/angela/coherence.go:20.2,23.31 2 6
github.com/greycoderk/lore/internal/angela/coherence.go:23.31,24.38 1 6
github.com/greycoderk/lore/internal/angela/coherence.go:24.38,25.12 1 0
github.com/greycoderk/lore/internal/angela/coherence.go:27.3,27.69 1 6
github.com/greycoderk/lore/internal/angela/coherence.go:27.69,33.4 1 1
github.com/greycoderk/lore/internal/angela/coherence.go:37.2,37.31 1 6
github.com/greycoderk/lore/internal/angela/coherence.go:37.31,38.38 1 6
github.com/greycoderk/lore/internal/angela/coherence.go:38.38,39.12 1 0
github.com/greycoderk/lore/internal/angela/coherence.go:41.3,41.53 1 6
github.com/greycoderk/lore/internal/angela/coherence.go:41.53,42.12 1 1
github.com/greycoderk/lore/internal/angela/coherence.go:44.3,44.69 1 5
github.com/greycoderk/lore/internal/angela/coherence.go:44.69,50.4 1 1
github.com/greycoderk/lore/internal/angela/coherence.go:54.2,54.22 1 6
github.com/greycoderk/lore/internal/angela/coherence.go:54.22,55.32 1 2
github.com/greycoderk/lore/internal/angela/coherence.go:55.32,56.39 1 2
github.com/greycoderk/lore/internal/angela/coherence.go:56.39,57.13 1 0
github.com/greycoderk/lore/internal/angela/coherence.go:59.4,59.33 1 2
github.com/greycoderk/lore/internal/angela/coherence.go:59.33,60.32 1 2
github.com/greycoderk/lore/internal/angela/coherence.go:60.32,66.6 1 1
github.com/greycoderk/lore/internal/angela/coherence.go:66.11,66.63 1 1
github.com/greycoderk/lore/internal/angela/coherence.go:66.63,72.6 1 1
github.com/greycoderk/lore/internal/angela/coherence.go:78.2,80.31 3 6
github.com/greycoderk/lore/internal/angela/coherence.go:80.31,81.38 1 6
github.com/greycoderk/lore/internal/angela/coherence.go:81.38,82.12 1 0
github.com/greycoderk/lore/internal/angela/coherence.go:84.3,85.57 2 6
github.com/greycoderk/lore/internal/angela/coherence.go:85.57,86.55 1 1
github.com/greycoderk/lore/internal/angela/coherence.go:86.55,92.5 1 1
github.com/greycoderk/lore/internal/angela/coherence.go:96.2,96.20 1 6
github.com/greycoderk/lore/internal/angela/coherence.go:99.39,100.25 1 8
github.com/greycoderk/lore/internal/angela/coherence.go:100.25,101.26 1 3
github.com/greycoderk/lore/internal/angela/coherence.go:101.26,102.20 1 3
github.com/greycoderk/lore/internal/angela/coherence.go:102.20,104.5 1 3
github.com/greycoderk/lore/internal/angela/coherence.go:107.2,107.14 1 5
github.com/greycoderk/lore/internal/angela/coherence.go:110.39,112.2 1 2
github.com/greycoderk/lore/internal/angela/coherence.go:114.63,116.28 2 8
github.com/greycoderk/lore/internal/angela/coherence.go:116.28,117.33 1 1
github.com/greycoderk/lore/internal/angela/coherence.go:117.33,119.4 1 1
github.com/greycoderk/lore/internal/angela/coherence.go:121.2,121.14 1 7
github.com/greycoderk/lore/internal/angela/corpus_signals.go:57.61,65.20 2 19
github.com/greycoderk/lore/internal/angela/corpus_signals.go:65.20,67.3 1 1
github.com/greycoderk/lore/internal/angela/corpus_signals.go:70.2,71.27 2 18
github.com/greycoderk/lore/internal/angela/corpus_signals.go:71.27,73.22 2 83
github.com/greycoderk/lore/internal/angela/corpus_signals.go:73.22,76.4 2 0
github.com/greycoderk/lore/internal/angela/corpus_signals.go:77.3,77.32 1 83
github.com/greycoderk/lore/internal/angela/corpus_signals.go:77.32,78.27 1 112
github.com/greycoderk/lore/internal/angela/corpus_signals.go:78.27,80.5 1 49
github.com/greycoderk/lore/internal/angela/corpus_signals.go:81.4,81.37 1 112
github.com/greycoderk/lore/internal/angela/corpus_signals.go:84.2,84.34 1 18
github.com/greycoderk/lore/internal/angela/corpus_signals.go:84.34,85.24 1 49
github.com/greycoderk/lore/internal/angela/corpus_signals.go:85.24,87.4 1 112
github.com/greycoderk/lore/internal/angela/corpus_signals.go:88.3,88.41 1 49
github.com/greycoderk/lore/internal/angela/corpus_signals.go:92.2,93.32 2 18
github.com/greycoderk/lore/internal/angela/corpus_signals.go:93.32,94.22 1 49
github.com/greycoderk/lore/internal/angela/corpus_signals.go:94.22,95.25 1 29
github.com/greycoderk/lore/internal/angela/corpus_signals.go:95.25,97.5 1 92
github.com/greycoderk/lore/internal/angela/corpus_signals.go:104.2,105.23 2 18
github.com/greycoderk/lore/internal/angela/corpus_signals.go:105.23,107.3 1 0
github.com/greycoderk/lore/internal/angela/corpus_signals.go:108.2,108.35 1 18
github.com/greycoderk/lore/internal/angela/corpus_signals.go:108.35,109.40 1 83
github.com/greycoderk/lore/internal/angela/corpus_signals.go:109.40,110.36 1 384
github.com/greycoderk/lore/internal/angela/corpus_signals.go:110.36,111.13 1 122
github.com/greycoderk/lore/internal/angela/corpus_signals.go:113.4,116.38 3 262
github.com/greycoderk/lore/internal/angela/corpus_signals.go:116.38,117.13 1 52
github.com/greycoderk/lore/internal/angela/corpus_signals.go:120.4,124.17 3 210
github.com/greycoderk/lore/internal/angela/corpus_signals.go:124.17,126.5 1 0
github.com/greycoderk/lore/internal/angela/corpus_signals.go:127.4,127.29 1 210
github.com/greycoderk/lore/internal/angela/corpus_signals.go:127.29,129.37 2 180
github.com/greycoderk/lore/internal/angela/corpus_signals.go:129.37,131.6 1 0
github.com/greycoderk/lore/internal/angela/corpus_signals.go:132.5,138.7 1 180
github.com/greycoderk/lore/internal/angela/corpus_signals.go:143.3,143.67 1 83
github.com/greycoderk/lore/internal/angela/corpus_signals.go:143.67,145.4 1 3
github.com/greycoderk/lore/internal/angela/corpus_signals.go:149.2,149.63 1 18
github.com/greycoderk/lore/internal/angela/corpus_signals.go:149.63,151.3 1 1355
github.com/greycoderk/lore/internal/angela/corpus_signals.go:154.2,154.38 1 18
github.com/greycoderk/lore/internal/angela/corpus_signals.go:154.38,156.3 1 1
github.com/greycoderk/lore/internal/angela/corpus_signals.go:159.2,159.50 1 18
github.com/greycoderk/lore/internal/angela/corpus_signals.go:159.50,160.21 1 0
github.com/greycoderk/lore/internal/angela/corpus_signals.go:160.21,161.12 1 0
github.com/greycoderk/lore/internal/angela/corpus_signals.go:163.3,164.27 2 0
github.com/greycoderk/lore/internal/angela/corpus_signals.go:164.27,165.42 1 0
github.com/greycoderk/lore/internal/angela/corpus_signals.go:165.42,167.10 2 0
github.com/greycoderk/lore/internal/angela/corpus_signals.go:170.3,170.18 1 0
github.com/greycoderk/lore/internal/angela/corpus_signals.go:170.18,175.4 1 0
github.com/greycoderk/lore/internal/angela/corpus_signals.go:178.2,178.16 1 18
github.com/greycoderk/lore/internal/angela/corpus_signals.go:182.44,184.24 2 264
github.com/greycoderk/lore/internal/angela/corpus_signals.go:184.24,186.3 1 326
github.com/greycoderk/lore/internal/angela/corpus_signals.go:187.2,189.24 3 264
github.com/greycoderk/lore/internal/angela/corpus_signals.go:189.24,190.30 1 329
github.com/greycoderk/lore/internal/angela/corpus_signals.go:190.30,193.4 2 224
github.com/greycoderk/lore/internal/angela/corpus_signals.go:195.2,195.15 1 264
github.com/greycoderk/lore/internal/angela/corpus_signals.go:200.46,201.40 1 212
github.com/greycoderk/lore/internal/angela/corpus_signals.go:201.40,203.3 1 2
github.com/greycoderk/lore/internal/angela/corpus_signals.go:206.2,209.14 4 210
github.com/greycoderk/lore/internal/angela/corpus_signals.go:209.14,211.3 1 82
github.com/greycoderk/lore/internal/angela/corpus_signals.go:212.2,212.13 1 210
github.com/greycoderk/lore/internal/angela/corpus_signals.go:216.39,217.20 1 420
github.com/greycoderk/lore/internal/angela/corpus_signals.go:217.20,219.3 1 0
github.com/greycoderk/lore/internal/angela/corpus_signals.go:220.2,221.16 2 420
github.com/greycoderk/lore/internal/angela/corpus_signals.go:221.16,223.3 1 152
github.com/greycoderk/lore/internal/angela/corpus_signals.go:224.2,224.30 1 268
github.com/greycoderk/lore/internal/angela/diff.go:34.56,39.67 3 10
github.com/greycoderk/lore/internal/angela/diff.go:39.67,45.3 1 0
github.com/greycoderk/lore/internal/angela/diff.go:48.2,54.50 3 10
github.com/greycoderk/lore/internal/angela/diff.go:64.40,67.20 3 10
github.com/greycoderk/lore/internal/angela/diff.go:67.20,69.3 1 33
github.com/greycoderk/lore/internal/angela/diff.go:70.2,70.26 1 10
github.com/greycoderk/lore/internal/angela/diff.go:70.26,71.27 1 23
github.com/greycoderk/lore/internal/angela/diff.go:71.27,72.24 1 73
github.com/greycoderk/lore/internal/angela/diff.go:72.24,74.5 1 16
github.com/greycoderk/lore/internal/angela/diff.go:74.10,74.39 1 57
github.com/greycoderk/lore/internal/angela/diff.go:74.39,76.5 1 39
github.com/greycoderk/lore/internal/angela/diff.go:76.10,78.5 1 18
github.com/greycoderk/lore/internal/angela/diff.go:81.2,81.11 1 10
github.com/greycoderk/lore/internal/angela/diff.go:84.57,87.21 3 10
github.com/greycoderk/lore/internal/angela/diff.go:87.21,88.41 1 30
github.com/greycoderk/lore/internal/angela/diff.go:88.41,92.4 3 16
github.com/greycoderk/lore/internal/angela/diff.go:92.9,92.59 1 14
github.com/greycoderk/lore/internal/angela/diff.go:92.59,95.4 2 7
github.com/greycoderk/lore/internal/angela/diff.go:95.9,98.4 2 7
github.com/greycoderk/lore/internal/angela/diff.go:101.2,101.52 1 10
github.com/greycoderk/lore/internal/angela/diff.go:101.52,103.3 1 12
github.com/greycoderk/lore/internal/angela/diff.go:104.2,104.12 1 10
github.com/greycoderk/lore/internal/angela/diff.go:107.91,113.27 5 10
github.com/greycoderk/lore/internal/angela/diff.go:113.27,114.21 1 30
github.com/greycoderk/lore/internal/angela/diff.go:114.21,115.17 1 14
github.com/greycoderk/lore/internal/angela/diff.go:115.17,118.5 2 9
github.com/greycoderk/lore/internal/angela/diff.go:119.9,119.22 1 16
github.com/greycoderk/lore/internal/angela/diff.go:119.22,122.4 2 7
github.com/greycoderk/lore/internal/angela/diff.go:124.2,124.14 1 10
github.com/greycoderk/lore/internal/angela/diff.go:124.14,126.3 1 2
github.com/greycoderk/lore/internal/angela/diff.go:128.2,129.28 2 10
github.com/greycoderk/lore/internal/angela/diff.go:129.28,133.43 2 9
github.com/greycoderk/lore/internal/angela/diff.go:133.43,134.22 1 14
github.com/greycoderk/lore/internal/angela/diff.go:134.22,136.27 2 7
github.com/greycoderk/lore/internal/angela/diff.go:136.27,138.6 1 7
github.com/greycoderk/lore/internal/angela/diff.go:139.5,139.21 1 7
github.com/greycoderk/lore/internal/angela/diff.go:141.4,141.22 1 14
github.com/greycoderk/lore/internal/angela/diff.go:141.22,143.26 2 7
github.com/greycoderk/lore/internal/angela/diff.go:143.26,145.6 1 7
github.com/greycoderk/lore/internal/angela/diff.go:146.5,146.20 1 7
github.com/greycoderk/lore/internal/angela/diff.go:150.3,150.25 1 9
github.com/greycoderk/lore/internal/angela/diff.go:150.25,152.4 1 2
github.com/greycoderk/lore/internal/angela/diff.go:153.3,153.24 1 9
github.com/greycoderk/lore/internal/angela/diff.go:153.24,155.4 1 2
github.com/greycoderk/lore/internal/angela/diff.go:158.3,159.19 2 9
github.com/greycoderk/lore/internal/angela/diff.go:159.19,161.4 1 8
github.com/greycoderk/lore/internal/angela/diff.go:162.3,162.39 1 9
github.com/greycoderk/lore/internal/angela/diff.go:162.39,163.28 1 9
github.com/greycoderk/lore/internal/angela/diff.go:163.28,165.5 1 7
github.com/greycoderk/lore/internal/angela/diff.go:169.3,170.26 2 9
github.com/greycoderk/lore/internal/angela/diff.go:170.26,172.4 1 8
github.com/greycoderk/lore/internal/angela/diff.go:173.3,173.35 1 9
github.com/greycoderk/lore/internal/angela/diff.go:173.35,174.28 1 9
github.com/greycoderk/lore/internal/angela/diff.go:174.28,176.5 1 7
github.com/greycoderk/lore/internal/angela/diff.go:179.3,179.30 1 9
github.com/greycoderk/lore/internal/angela/diff.go:182.2,182.14 1 10
github.com/greycoderk/lore/internal/angela/diff.go:186.61,188.26 2 4
github.com/greycoderk/lore/internal/angela/diff.go:188.26,189.12 1 6
github.com/greycoderk/lore/internal/angela/diff.go:189.12,191.4 1 2
github.com/greycoderk/lore/internal/angela/diff.go:192.3,192.40 1 6
github.com/greycoderk/lore/internal/angela/diff.go:192.40,194.4 1 1
github.com/greycoderk/lore/internal/angela/diff.go:195.3,195.35 1 6
github.com/greycoderk/lore/internal/angela/diff.go:195.35,197.4 1 6
github.com/greycoderk/lore/internal/angela/diff.go:198.3,198.35 1 6
github.com/greycoderk/lore/internal/angela/diff.go:198.35,200.4 1 6
github.com/greycoderk/lore/internal/angela/diff.go:201.3,201.39 1 6
github.com/greycoderk/lore/internal/angela/diff.go:201.39,203.4 1 1
github.com/greycoderk/lore/internal/angela/diff.go:215.100,218.17 2 4
github.com/greycoderk/lore/internal/angela/diff.go:218.17,221.3 2 1
github.com/greycoderk/lore/internal/angela/diff.go:223.2,223.17 1 3
github.com/greycoderk/lore/internal/angela/diff.go:223.17,224.27 1 1
github.com/greycoderk/lore/internal/angela/diff.go:224.27,226.4 1 2
github.com/greycoderk/lore/internal/angela/diff.go:227.3,228.23 2 1
github.com/greycoderk/lore/internal/angela/diff.go:231.2,232.26 2 2
github.com/greycoderk/lore/internal/angela/diff.go:232.26,235.40 2 5
github.com/greycoderk/lore/internal/angela/diff.go:235.40,237.4 1 0
github.com/greycoderk/lore/internal/angela/diff.go:238.3,238.35 1 5
github.com/greycoderk/lore/internal/angela/diff.go:238.35,240.4 1 5
github.com/greycoderk/lore/internal/angela/diff.go:241.3,241.35 1 5
github.com/greycoderk/lore/internal/angela/diff.go:241.35,243.4 1 5
github.com/greycoderk/lore/internal/angela/diff.go:244.3,244.39 1 5
github.com/greycoderk/lore/internal/angela/diff.go:244.39,246.4 1 0
github.com/greycoderk/lore/internal/angela/diff.go:248.3,249.22 2 5
github.com/greycoderk/lore/internal/angela/diff.go:249.22,251.21 2 1
github.com/greycoderk/lore/internal/angela/diff.go:251.21,253.5 1 0
github.com/greycoderk/lore/internal/angela/diff.go:254.4,254.9 1 1
github.com/greycoderk/lore/internal/angela/diff.go:256.3,257.16 2 4
github.com/greycoderk/lore/internal/angela/diff.go:258.19,259.22 1 2
github.com/greycoderk/lore/internal/angela/diff.go:260.20,261.24 1 1
github.com/greycoderk/lore/internal/angela/diff.go:262.11,263.23 1 1
github.com/greycoderk/lore/internal/angela/diff.go:267.2,267.22 1 1
github.com/greycoderk/lore/internal/angela/diff.go:272.75,276.39 2 3
github.com/greycoderk/lore/internal/angela/diff.go:276.39,277.19 1 4
github.com/greycoderk/lore/internal/angela/diff.go:277.19,278.12 1 2
github.com/greycoderk/lore/internal/angela/diff.go:280.3,284.14 3 2
github.com/greycoderk/lore/internal/angela/diff.go:284.14,285.12 1 0
github.com/greycoderk/lore/internal/angela/diff.go:289.3,293.19 5 2
github.com/greycoderk/lore/internal/angela/diff.go:296.2,296.34 1 3
github.com/greycoderk/lore/internal/angela/diff.go:301.63,302.24 1 4
github.com/greycoderk/lore/internal/angela/diff.go:302.24,304.38 1 1
github.com/greycoderk/lore/internal/angela/diff.go:304.38,306.4 1 1
github.com/greycoderk/lore/internal/angela/diff.go:307.3,307.20 1 0
github.com/greycoderk/lore/internal/angela/diff.go:311.2,311.51 1 3
github.com/greycoderk/lore/internal/angela/diff.go:311.51,312.59 1 3
github.com/greycoderk/lore/internal/angela/diff.go:312.59,314.4 1 2
github.com/greycoderk/lore/internal/angela/diff.go:318.2,318.49 1 1
github.com/greycoderk/lore/internal/angela/diff.go:318.49,319.53 1 3
github.com/greycoderk/lore/internal/angela/diff.go:319.53,321.4 1 1
github.com/greycoderk/lore/internal/angela/diff.go:323.2,323.11 1 0
github.com/greycoderk/lore/internal/angela/diff.go:326.37,327.22 1 7
github.com/greycoderk/lore/internal/angela/diff.go:327.22,329.3 1 1
github.com/greycoderk/lore/internal/angela/diff.go:330.2,330.19 1 6
github.com/greycoderk/lore/internal/angela/diff.go:330.19,331.19 1 6
github.com/greycoderk/lore/internal/angela/diff.go:331.19,333.4 1 3
github.com/greycoderk/lore/internal/angela/diff.go:335.2,335.13 1 3
github.com/greycoderk/lore/internal/angela/diff.go:338.36,339.13 1 24
github.com/greycoderk/lore/internal/angela/diff.go:339.13,341.3 1 5
github.com/greycoderk/lore/internal/angela/diff.go:342.2,342.31 1 19
github.com/greycoderk/lore/internal/angela/draft.go:23.136,39.23 6 9
github.com/greycoderk/lore/internal/angela/draft.go:39.23,41.3 1 1
github.com/greycoderk/lore/internal/angela/draft.go:43.2,43.20 1 9
github.com/greycoderk/lore/internal/angela/draft.go:47.42,48.38 1 15
github.com/greycoderk/lore/internal/angela/draft.go:48.38,50.3 1 0
github.com/greycoderk/lore/internal/angela/draft.go:51.2,52.13 2 15
github.com/greycoderk/lore/internal/angela/draft.go:52.13,54.3 1 0
github.com/greycoderk/lore/internal/angela/draft.go:55.2,55.22 1 15
github.com/greycoderk/lore/internal/angela/draft.go:59.66,64.18 4 9
github.com/greycoderk/lore/internal/angela/draft.go:64.18,67.3 2 3
github.com/greycoderk/lore/internal/angela/draft.go:69.2,74.14 5 9
github.com/greycoderk/lore/internal/angela/draft.go:74.14,80.3 1 1
github.com/greycoderk/lore/internal/angela/draft.go:82.2,82.27 1 9
github.com/greycoderk/lore/internal/angela/draft.go:82.27,88.3 1 1
github.com/greycoderk/lore/internal/angela/draft.go:90.2,90.45 1 9
github.com/greycoderk/lore/internal/angela/draft.go:90.45,96.3 1 1
github.com/greycoderk/lore/internal/angela/draft.go:96.8,96.53 1 8
github.com/greycoderk/lore/internal/angela/draft.go:96.53,102.3 1 3
github.com/greycoderk/lore/internal/angela/draft.go:104.2,104.16 1 9
github.com/greycoderk/lore/internal/angela/draft.go:104.16,110.3 1 3
github.com/greycoderk/lore/internal/angela/draft.go:113.2,114.20 2 9
github.com/greycoderk/lore/internal/angela/draft.go:114.20,120.3 1 1
github.com/greycoderk/lore/internal/angela/draft.go:123.2,123.80 1 9
github.com/greycoderk/lore/internal/angela/draft.go:123.80,129.3 1 1
github.com/greycoderk/lore/internal/angela/draft.go:131.2,131.20 1 9
github.com/greycoderk/lore/internal/angela/draft.go:135.152,139.18 3 9
github.com/greycoderk/lore/internal/angela/draft.go:139.18,141.3 1 3
github.com/greycoderk/lore/internal/angela/draft.go:144.2,144.43 1 9
github.com/greycoderk/lore/internal/angela/draft.go:144.43,150.3 1 0
github.com/greycoderk/lore/internal/angela/draft.go:153.2,153.53 1 9
github.com/greycoderk/lore/internal/angela/draft.go:153.53,159.3 1 4
github.com/greycoderk/lore/internal/angela/draft.go:162.2,162.47 1 9
github.com/greycoderk/lore/internal/angela/draft.go:162.47,168.3 1 0
github.com/greycoderk/lore/internal/angela/draft.go:171.2,172.84 2 9
github.com/greycoderk/lore/internal/angela/draft.go:172.84,178.3 1 1
github.com/greycoderk/lore/internal/angela/draft.go:180.2,180.20 1 9
github.com/greycoderk/lore/internal/angela/draft.go:184.43,186.29 2 36
github.com/greycoderk/lore/internal/angela/draft.go:186.29,187.40 1 185
github.com/greycoderk/lore/internal/angela/draft.go:187.40,189.4 1 27
github.com/greycoderk/lore/internal/angela/draft.go:191.2,191.14 1 9
github.com/greycoderk/lore/internal/angela/persona.go:55.70,57.19 2 3
github.com/greycoderk/lore/internal/angela/persona.go:57.19,59.7 1 0
github.com/greycoderk/lore/internal/angela/persona.go:60.6,62.52 3 3
github.com/greycoderk/lore/internal/angela/persona.go:62.52,64.79 2 16
github.com/greycoderk/lore/internal/angela/persona.go:64.79,66.8 1 12
github.com/greycoderk/lore/internal/angela/persona.go:67.7,67.47 1 16
github.com/greycoderk/lore/internal/angela/persona.go:69.6,69.36 1 3
github.com/greycoderk/lore/internal/angela/persona.go:69.36,75.7 1 3
github.com/greycoderk/lore/internal/angela/persona.go:76.6,76.16 1 0
github.com/greycoderk/lore/internal/angela/persona.go:102.70,103.60 1 0
github.com/greycoderk/lore/internal/angela/persona.go:103.60,105.26 2 0
github.com/greycoderk/lore/internal/angela/persona.go:105.26,106.16 1 0
github.com/greycoderk/lore/internal/angela/persona.go:108.7,109.31 2 0
github.com/greycoderk/lore/internal/angela/persona.go:109.31,111.139 2 0
github.com/greycoderk/lore/internal/angela/persona.go:111.139,113.14 2 0
github.com/greycoderk/lore/internal/angela/persona.go:116.7,116.18 1 0
github.com/greycoderk/lore/internal/angela/persona.go:116.18,122.8 1 0
github.com/greycoderk/lore/internal/angela/persona.go:124.6,124.16 1 0
github.com/greycoderk/lore/internal/angela/persona.go:150.70,161.26 3 0
github.com/greycoderk/lore/internal/angela/persona.go:161.26,167.7 1 0
github.com/greycoderk/lore/internal/angela/persona.go:168.6,168.16 1 0
github.com/greycoderk/lore/internal/angela/persona.go:193.70,208.34 4 0
github.com/greycoderk/lore/internal/angela/persona.go:208.34,214.7 1 0
github.com/greycoderk/lore/internal/angela/persona.go:215.6,215.16 1 0
github.com/greycoderk/lore/internal/angela/persona.go:240.70,253.37 4 0
github.com/greycoderk/lore/internal/angela/persona.go:253.37,259.7 1 0
github.com/greycoderk/lore/internal/angela/persona.go:260.6,260.16 1 0
github.com/greycoderk/lore/internal/angela/persona.go:285.70,305.34 4 0
github.com/greycoderk/lore/internal/angela/persona.go:305.34,311.7 1 0
github.com/greycoderk/lore/internal/angela/persona.go:312.6,312.16 1 0
github.com/greycoderk/lore/internal/angela/persona.go:328.37,330.29 2 16
github.com/greycoderk/lore/internal/angela/persona.go:330.29,336.3 5 96
github.com/greycoderk/lore/internal/angela/persona.go:337.2,337.12 1 16
github.com/greycoderk/lore/internal/angela/persona.go:343.43,345.58 2 610
github.com/greycoderk/lore/internal/angela/persona.go:345.58,347.24 2 4391
github.com/greycoderk/lore/internal/angela/persona.go:347.24,349.4 1 41
github.com/greycoderk/lore/internal/angela/persona.go:351.3,351.47 1 4350
github.com/greycoderk/lore/internal/angela/persona.go:351.47,352.53 1 8695
github.com/greycoderk/lore/internal/angela/persona.go:352.53,353.23 1 8834
github.com/greycoderk/lore/internal/angela/persona.go:353.23,355.6 1 6
github.com/greycoderk/lore/internal/angela/persona.go:359.2,359.14 1 563
github.com/greycoderk/lore/internal/angela/persona.go:363.56,369.29 5 14
github.com/greycoderk/lore/internal/angela/persona.go:369.29,371.40 2 111
github.com/greycoderk/lore/internal/angela/persona.go:371.40,372.27 1 32
github.com/greycoderk/lore/internal/angela/persona.go:372.27,374.5 1 21
github.com/greycoderk/lore/internal/angela/persona.go:375.4,377.12 3 32
github.com/greycoderk/lore/internal/angela/persona.go:379.3,379.26 1 79
github.com/greycoderk/lore/internal/angela/persona.go:379.26,381.4 1 75
github.com/greycoderk/lore/internal/angela/persona.go:383.2,383.25 1 14
github.com/greycoderk/lore/internal/angela/persona.go:383.25,385.3 1 11
github.com/greycoderk/lore/internal/angela/persona.go:387.2,387.17 1 14
github.com/greycoderk/lore/internal/angela/persona.go:393.60,398.29 4 13
github.com/greycoderk/lore/internal/angela/persona.go:398.29,402.33 2 78
github.com/greycoderk/lore/internal/angela/persona.go:402.33,403.23 1 135
github.com/greycoderk/lore/internal/angela/persona.go:403.23,405.10 2 27
github.com/greycoderk/lore/internal/angela/persona.go:410.3,410.43 1 78
github.com/greycoderk/lore/internal/angela/persona.go:410.43,411.35 1 598
github.com/greycoderk/lore/internal/angela/persona.go:411.35,413.5 1 39
github.com/greycoderk/lore/internal/angela/persona.go:416.3,416.16 1 78
github.com/greycoderk/lore/internal/angela/persona.go:416.16,418.4 1 29
github.com/greycoderk/lore/internal/angela/persona.go:422.2,422.23 1 13
github.com/greycoderk/lore/internal/angela/persona.go:422.23,423.30 1 2
github.com/greycoderk/lore/internal/angela/persona.go:423.30,424.31 1 4
github.com/greycoderk/lore/internal/angela/persona.go:424.31,426.5 1 2
github.com/greycoderk/lore/internal/angela/persona.go:431.2,431.36 1 11
github.com/greycoderk/lore/internal/angela/persona.go:431.36,432.67 1 18
github.com/greycoderk/lore/internal/angela/persona.go:432.67,434.4 1 17
github.com/greycoderk/lore/internal/angela/persona.go:438.2,438.22 1 11
github.com/greycoderk/lore/internal/angela/persona.go:438.22,440.3 1 4
github.com/greycoderk/lore/internal/angela/persona.go:442.2,442.16 1 11
github.com/greycoderk/lore/internal/angela/persona.go:446.56,448.28 2 1
github.com/greycoderk/lore/internal/angela/persona.go:448.28,450.3 1 2
github.com/greycoderk/lore/internal/angela/persona.go:451.2,451.12 1 1
github.com/greycoderk/lore/internal/angela/persona.go:455.51,456.22 1 2
github.com/greycoderk/lore/internal/angela/persona.go:456.22,458.3 1 1
github.com/greycoderk/lore/internal/angela/persona.go:459.2,460.28 2 1
github.com/greycoderk/lore/internal/angela/persona.go:460.28,462.3 1 2
github.com/greycoderk/lore/internal/angela/persona.go:463.2,463.46 1 1
github.com/greycoderk/lore/internal/angela/persona.go:468.81,470.2 1 2
github.com/greycoderk/lore/internal/angela/persona.go:473.121,476.29 2 3
github.com/greycoderk/lore/internal/angela/persona.go:476.29,477.36 1 3
github.com/greycoderk/lore/internal/angela/persona.go:477.36,478.47 1 3
github.com/greycoderk/lore/internal/angela/persona.go:478.47,482.5 3 3
github.com/greycoderk/lore/internal/angela/persona.go:486.2,486.20 1 3
github.com/greycoderk/lore/internal/angela/persona.go:490.59,491.24 1 3
github.com/greycoderk/lore/internal/angela/persona.go:491.24,493.3 1 1
github.com/greycoderk/lore/internal/angela/persona.go:495.2,498.29 3 2
github.com/greycoderk/lore/internal/angela/persona.go:498.29,500.3 1 4
github.com/greycoderk/lore/internal/angela/persona.go:501.2,503.29 2 2
github.com/greycoderk/lore/internal/angela/persona.go:503.29,506.3 2 4
github.com/greycoderk/lore/internal/angela/persona.go:508.2,508.20 1 2
github.com/greycoderk/lore/internal/angela/polish.go:17.142,111.23 4 9
github.com/greycoderk/lore/internal/angela/polish.go:111.23,113.3 1 1
github.com/greycoderk/lore/internal/angela/polish.go:115.2,115.22 1 9
github.com/greycoderk/lore/internal/angela/polish.go:115.22,120.3 4 3
github.com/greycoderk/lore/internal/angela/polish.go:122.2,122.25 1 9
github.com/greycoderk/lore/internal/angela/polish.go:122.25,127.3 4 3
github.com/greycoderk/lore/internal/angela/polish.go:130.2,136.35 6 9
github.com/greycoderk/lore/internal/angela/polish.go:141.57,143.25 2 1
github.com/greycoderk/lore/internal/angela/polish.go:143.25,145.3 1 0
github.com/greycoderk/lore/internal/angela/polish.go:147.2,148.29 2 1
github.com/greycoderk/lore/internal/angela/polish.go:148.29,152.23 4 20
github.com/greycoderk/lore/internal/angela/polish.go:152.23,154.4 1 0
github.com/greycoderk/lore/internal/angela/polish.go:155.3,155.49 1 20
github.com/greycoderk/lore/internal/angela/polish.go:155.49,157.4 1 0
github.com/greycoderk/lore/internal/angela/polish.go:158.3,158.25 1 20
github.com/greycoderk/lore/internal/angela/polish.go:158.25,160.4 1 0
github.com/greycoderk/lore/internal/angela/polish.go:161.3,161.21 1 20
github.com/greycoderk/lore/internal/angela/polish.go:161.21,163.4 1 0
github.com/greycoderk/lore/internal/angela/polish.go:164.3,164.23 1 20
github.com/greycoderk/lore/internal/angela/polish.go:166.2,166.22 1 1
github.com/greycoderk/lore/internal/angela/polish.go:166.22,168.3 1 1
github.com/greycoderk/lore/internal/angela/polish.go:169.2,169.20 1 1
github.com/greycoderk/lore/internal/angela/polish.go:177.179,178.21 1 3
github.com/greycoderk/lore/internal/angela/polish.go:178.21,180.3 1 1
github.com/greycoderk/lore/internal/angela/polish.go:181.2,181.31 1 2
github.com/greycoderk/lore/internal/angela/polish.go:181.31,183.3 1 0
github.com/greycoderk/lore/internal/angela/polish.go:185.2,189.16 5 2
github.com/greycoderk/lore/internal/angela/polish.go:189.16,191.3 1 0
github.com/greycoderk/lore/internal/angela/polish.go:194.2,196.20 2 2
github.com/greycoderk/lore/internal/angela/polish.go:201.38,205.34 2 3
github.com/greycoderk/lore/internal/angela/polish.go:205.34,207.3 1 2
github.com/greycoderk/lore/internal/angela/polish.go:210.2,211.13 2 1
github.com/greycoderk/lore/internal/angela/polish.go:211.13,213.3 1 0
github.com/greycoderk/lore/internal/angela/polish.go:216.2,216.71 1 1
github.com/greycoderk/lore/internal/angela/polish.go:216.71,218.85 1 0
github.com/greycoderk/lore/internal/angela/polish.go:218.85,220.4 1 0
github.com/greycoderk/lore/internal/angela/polish.go:224.2,226.20 3 1
github.com/greycoderk/lore/internal/angela/polish.go:226.20,228.3 1 1
github.com/greycoderk/lore/internal/angela/polish.go:230.2,230.33 1 1
github.com/greycoderk/lore/internal/angela/review.go:57.45,68.2 2 823
github.com/greycoderk/lore/internal/angela/review.go:73.103,124.22 4 17
github.com/greycoderk/lore/internal/angela/review.go:124.22,129.3 4 3
github.com/greycoderk/lore/internal/angela/review.go:132.2,140.35 5 17
github.com/greycoderk/lore/internal/angela/review.go:145.123,146.21 1 10
github.com/greycoderk/lore/internal/angela/review.go:146.21,148.3 1 1
github.com/greycoderk/lore/internal/angela/review.go:150.2,152.39 3 9
github.com/greycoderk/lore/internal/angela/review.go:152.39,154.3 1 0
github.com/greycoderk/lore/internal/angela/review.go:155.2,157.16 3 9
github.com/greycoderk/lore/internal/angela/review.go:157.16,159.3 1 1
github.com/greycoderk/lore/internal/angela/review.go:161.2,162.16 2 8
github.com/greycoderk/lore/internal/angela/review.go:162.16,164.3 1 1
github.com/greycoderk/lore/internal/angela/review.go:166.2,171.8 2 7
github.com/greycoderk/lore/internal/angela/review.go:184.68,189.67 3 8
github.com/greycoderk/lore/internal/angela/review.go:189.67,191.3 1 6
github.com/greycoderk/lore/internal/angela/review.go:194.2,195.23 2 2
github.com/greycoderk/lore/internal/angela/review.go:195.23,196.89 1 1
github.com/greycoderk/lore/internal/angela/review.go:196.89,198.4 1 1
github.com/greycoderk/lore/internal/angela/review.go:202.2,202.81 1 1
github.com/greycoderk/lore/internal/angela/review.go:216.59,217.14 1 7
github.com/greycoderk/lore/internal/angela/review.go:217.14,219.3 1 0
github.com/greycoderk/lore/internal/angela/review.go:220.2,220.19 1 7
github.com/greycoderk/lore/internal/angela/review.go:220.19,222.38 2 14
github.com/greycoderk/lore/internal/angela/review.go:222.38,224.4 1 1
github.com/greycoderk/lore/internal/angela/review.go:226.2,226.10 1 7
github.com/greycoderk/lore/internal/angela/review.go:231.45,232.49 1 7
github.com/greycoderk/lore/internal/angela/review.go:232.49,236.3 3 13
github.com/greycoderk/lore/internal/angela/review.go:241.35,242.40 1 26
github.com/greycoderk/lore/internal/angela/review.go:242.40,244.3 1 26
github.com/greycoderk/lore/internal/angela/review.go:245.2,245.27 1 0
github.com/greycoderk/lore/internal/angela/review.go:251.81,253.16 2 3
github.com/greycoderk/lore/internal/angela/review.go:253.16,255.3 1 0
github.com/greycoderk/lore/internal/angela/review.go:257.2,258.20 2 3
github.com/greycoderk/lore/internal/angela/review.go:258.20,260.3 1 1
github.com/greycoderk/lore/internal/angela/review.go:263.2,263.42 1 2
github.com/greycoderk/lore/internal/angela/review.go:263.42,265.3 1 81
github.com/greycoderk/lore/internal/angela/review.go:268.2,269.22 2 2
github.com/greycoderk/lore/internal/angela/review.go:269.22,271.3 1 1
github.com/greycoderk/lore/internal/angela/review.go:271.8,274.3 2 1
github.com/greycoderk/lore/internal/angela/review.go:277.2,278.32 2 2
github.com/greycoderk/lore/internal/angela/review.go:278.32,280.21 2 55
github.com/greycoderk/lore/internal/angela/review.go:280.21,281.12 1 0
github.com/greycoderk/lore/internal/angela/review.go:284.3,293.5 2 55
github.com/greycoderk/lore/internal/angela/review.go:296.2,296.35 1 2
github.com/greycoderk/lore/internal/angela/review.go:307.54,315.29 7 106
github.com/greycoderk/lore/internal/angela/review.go:315.29,319.23 2 850
github.com/greycoderk/lore/internal/angela/review.go:319.23,320.24 1 198
github.com/greycoderk/lore/internal/angela/review.go:320.24,323.13 3 99
github.com/greycoderk/lore/internal/angela/review.go:325.4,325.21 1 99
github.com/greycoderk/lore/internal/angela/review.go:325.21,327.13 2 99
github.com/greycoderk/lore/internal/angela/review.go:330.3,330.20 1 652
github.com/greycoderk/lore/internal/angela/review.go:330.20,331.12 1 187
github.com/greycoderk/lore/internal/angela/review.go:335.3,335.40 1 465
github.com/greycoderk/lore/internal/angela/review.go:335.40,337.28 1 189
github.com/greycoderk/lore/internal/angela/review.go:337.28,339.19 2 85
github.com/greycoderk/lore/internal/angela/review.go:339.19,341.6 1 85
github.com/greycoderk/lore/internal/angela/review.go:343.4,345.12 3 189
github.com/greycoderk/lore/internal/angela/review.go:349.3,349.39 1 276
github.com/greycoderk/lore/internal/angela/review.go:349.39,350.28 1 0
github.com/greycoderk/lore/internal/angela/review.go:350.28,352.19 2 0
github.com/greycoderk/lore/internal/angela/review.go:352.19,354.6 1 0
github.com/greycoderk/lore/internal/angela/review.go:355.5,356.24 2 0
github.com/greycoderk/lore/internal/angela/review.go:358.4,358.12 1 0
github.com/greycoderk/lore/internal/angela/review.go:362.3,362.27 1 276
github.com/greycoderk/lore/internal/angela/review.go:362.27,363.46 1 274
github.com/greycoderk/lore/internal/angela/review.go:363.46,364.30 1 274
github.com/greycoderk/lore/internal/angela/review.go:364.30,366.6 1 85
github.com/greycoderk/lore/internal/angela/review.go:367.5,367.37 1 274
github.com/greycoderk/lore/internal/angela/review.go:373.2,373.26 1 106
github.com/greycoderk/lore/internal/angela/review.go:373.26,375.17 2 104
github.com/greycoderk/lore/internal/angela/review.go:375.17,377.4 1 104
github.com/greycoderk/lore/internal/angela/review.go:380.2,380.17 1 106
github.com/greycoderk/lore/internal/angela/review.go:384.51,385.43 1 192
github.com/greycoderk/lore/internal/angela/review.go:385.43,387.3 1 187
github.com/greycoderk/lore/internal/angela/review.go:388.2,389.33 2 5
github.com/greycoderk/lore/internal/angela/review_cache.go:29.81,31.53 2 2
github.com/greycoderk/lore/internal/angela/review_cache.go:31.53,33.3 1 0
github.com/greycoderk/lore/internal/angela/review_cache.go:35.2,44.16 3 2
github.com/greycoderk/lore/internal/angela/review_cache.go:44.16,46.3 1 0
github.com/greycoderk/lore/internal/angela/review_cache.go:48.2,49.63 2 2
github.com/greycoderk/lore/internal/angela/review_cache.go:49.63,51.3 1 0
github.com/greycoderk/lore/internal/angela/review_cache.go:52.2,52.12 1 2
github.com/greycoderk/lore/internal/angela/review_cache.go:56.60,59.16 3 5
github.com/greycoderk/lore/internal/angela/review_cache.go:59.16,60.25 1 1
github.com/greycoderk/lore/internal/angela/review_cache.go:60.25,62.4 1 1
github.com/greycoderk/lore/internal/angela/review_cache.go:63.3,63.64 1 0
github.com/greycoderk/lore/internal/angela/review_cache.go:66.2,67.53 2 4
github.com/greycoderk/lore/internal/angela/review_cache.go:67.53,69.3 1 1
github.com/greycoderk/lore/internal/angela/review_cache.go:70.2,70.41 1 3
github.com/greycoderk/lore/internal/angela/review_cache.go:70.41,73.3 1 1
github.com/greycoderk/lore/internal/angela/review_cache.go:74.2,74.20 1 2
github.com/greycoderk/lore/internal/angela/style.go:33.64,41.18 2 4
github.com/greycoderk/lore/internal/angela/style.go:41.18,43.3 1 1
github.com/greycoderk/lore/internal/angela/style.go:45.2,45.25 1 3
github.com/greycoderk/lore/internal/angela/style.go:45.25,46.23 1 8
github.com/greycoderk/lore/internal/angela/style.go:46.23,52.4 1 1
github.com/greycoderk/lore/internal/angela/style.go:55.2,55.39 1 3
github.com/greycoderk/lore/internal/angela/style.go:55.39,56.28 1 2
github.com/greycoderk/lore/internal/angela/style.go:56.28,58.4 1 2
github.com/greycoderk/lore/internal/angela/style.go:60.2,60.48 1 3
github.com/greycoderk/lore/internal/angela/style.go:60.48,61.28 1 2
github.com/greycoderk/lore/internal/angela/style.go:61.28,63.4 1 2
github.com/greycoderk/lore/internal/angela/style.go:65.2,65.43 1 3
github.com/greycoderk/lore/internal/angela/style.go:65.43,66.24 1 1
github.com/greycoderk/lore/internal/angela/style.go:67.12,68.27 1 1
github.com/greycoderk/lore/internal/angela/style.go:69.16,70.32 1 0
github.com/greycoderk/lore/internal/angela/style.go:73.2,73.36 1 3
github.com/greycoderk/lore/internal/angela/style.go:73.36,74.24 1 2
github.com/greycoderk/lore/internal/angela/style.go:75.12,76.21 1 2
github.com/greycoderk/lore/internal/angela/style.go:77.16,78.26 1 0
github.com/greycoderk/lore/internal/angela/style.go:82.2,82.14 1 3
github.com/greycoderk/lore/internal/angela/style.go:87.54,88.18 1 3
github.com/greycoderk/lore/internal/angela/style.go:88.18,90.3 1 1
github.com/greycoderk/lore/internal/angela/style.go:91.2,92.22 2 2
github.com/greycoderk/lore/internal/angela/style.go:92.22,94.3 1 1
github.com/greycoderk/lore/internal/angela/style.go:95.2,95.31 1 2
github.com/greycoderk/lore/internal/angela/style.go:95.31,97.3 1 1
github.com/greycoderk/lore/internal/angela/style.go:98.2,98.29 1 2
github.com/greycoderk/lore/internal/angela/style.go:98.29,100.3 1 1
github.com/greycoderk/lore/internal/angela/style.go:101.2,101.23 1 2
github.com/greycoderk/lore/internal/angela/style.go:101.23,103.3 1 1
github.com/greycoderk/lore/internal/angela/style.go:104.2,104.19 1 2
github.com/greycoderk/lore/internal/angela/summary.go:21.39,25.100 2 215
github.com/greycoderk/lore/internal/angela/summary.go:25.100,26.30 1 1004
github.com/greycoderk/lore/internal/angela/summary.go:26.30,28.4 1 61
github.com/greycoderk/lore/internal/angela/summary.go:32.2,32.95 1 154
github.com/greycoderk/lore/internal/angela/summary.go:32.95,33.30 1 759
github.com/greycoderk/lore/internal/angela/summary.go:33.30,35.4 1 5
github.com/greycoderk/lore/internal/angela/summary.go:39.2,39.109 1 149
github.com/greycoderk/lore/internal/angela/summary.go:39.109,40.30 1 369
github.com/greycoderk/lore/internal/angela/summary.go:40.30,42.4 1 108
github.com/greycoderk/lore/internal/angela/summary.go:46.2,46.116 1 41
github.com/greycoderk/lore/internal/angela/summary.go:46.116,47.30 1 126
github.com/greycoderk/lore/internal/angela/summary.go:47.30,49.4 1 35
github.com/greycoderk/lore/internal/angela/summary.go:52.2,52.10 1 6
github.com/greycoderk/lore/internal/angela/summary.go:59.63,62.24 2 106
github.com/greycoderk/lore/internal/angela/summary.go:62.24,66.3 2 2
github.com/greycoderk/lore/internal/angela/summary.go:69.2,70.31 2 104
github.com/greycoderk/lore/internal/angela/summary.go:70.31,72.45 2 189
github.com/greycoderk/lore/internal/angela/summary.go:72.45,74.4 1 10
github.com/greycoderk/lore/internal/angela/summary.go:75.3,75.79 1 189
github.com/greycoderk/lore/internal/angela/summary.go:79.2,79.47 1 104
github.com/greycoderk/lore/internal/angela/summary.go:79.47,81.3 1 86
github.com/greycoderk/lore/internal/angela/summary.go:84.2,85.21 2 104
github.com/greycoderk/lore/internal/angela/summary.go:85.21,87.3 1 73
github.com/greycoderk/lore/internal/angela/summary.go:88.2,93.31 4 104
github.com/greycoderk/lore/internal/angela/summary.go:93.31,96.3 2 189
github.com/greycoderk/lore/internal/angela/summary.go:98.2,98.35 1 104
github.com/greycoderk/lore/internal/angela/tokens.go:11.58,12.14 1 25
github.com/greycoderk/lore/internal/angela/tokens.go:13.16,14.24 1 11
github.com/greycoderk/lore/internal/angela/tokens.go:14.24,16.4 1 2
github.com/greycoderk/lore/internal/angela/tokens.go:17.3,20.22 4 9
github.com/greycoderk/lore/internal/angela/tokens.go:21.16,22.14 1 10
github.com/greycoderk/lore/internal/angela/tokens.go:23.16,24.13 1 1
github.com/greycoderk/lore/internal/angela/tokens.go:25.13,26.14 1 1
github.com/greycoderk/lore/internal/angela/tokens.go:27.10,28.14 1 2
github.com/greycoderk/lore/internal/angela/toon.go:13.34,18.2 4 868
github.com/greycoderk/lore/internal/angela/toon.go:22.75,28.32 4 25
github.com/greycoderk/lore/internal/angela/toon.go:28.32,39.3 2 115
github.com/greycoderk/lore/internal/angela/toon.go:42.2,43.16 2 25
github.com/greycoderk/lore/internal/angela/toon.go:43.16,46.44 3 6
github.com/greycoderk/lore/internal/angela/toon.go:46.44,51.4 3 15
github.com/greycoderk/lore/internal/angela/toon.go:52.3,52.44 1 6
github.com/greycoderk/lore/internal/angela/toon.go:52.44,54.4 1 2
github.com/greycoderk/lore/internal/angela/toon.go:55.3,55.51 1 6
github.com/greycoderk/lore/internal/angela/toon.go:55.51,59.4 2 0
github.com/greycoderk/lore/internal/angela/toon.go:62.2,62.20 1 25
github.com/greycoderk/lore/internal/ai/anthropic.go:35.66,37.17 2 2
github.com/greycoderk/lore/internal/ai/anthropic.go:37.17,39.3 1 2
github.com/greycoderk/lore/internal/ai/anthropic.go:40.2,41.57 2 2
github.com/greycoderk/lore/internal/ai/anthropic.go:41.57,43.3 1 2
github.com/greycoderk/lore/internal/ai/anthropic.go:44.2,50.3 1 2
github.com/greycoderk/lore/internal/ai/anthropic.go:85.113,100.27 8 8
github.com/greycoderk/lore/internal/ai/anthropic.go:100.27,108.3 1 1
github.com/greycoderk/lore/internal/ai/anthropic.go:110.2,111.16 2 8
github.com/greycoderk/lore/internal/ai/anthropic.go:111.16,113.3 1 0
github.com/greycoderk/lore/internal/ai/anthropic.go:115.2,116.16 2 8
github.com/greycoderk/lore/internal/ai/anthropic.go:116.16,118.3 1 0
github.com/greycoderk/lore/internal/ai/anthropic.go:119.2,124.16 5 8
github.com/greycoderk/lore/internal/ai/anthropic.go:124.16,126.3 1 1
github.com/greycoderk/lore/internal/ai/anthropic.go:127.2,127.15 1 7
github.com/greycoderk/lore/internal/ai/anthropic.go:127.15,128.45 1 7
github.com/greycoderk/lore/internal/ai/anthropic.go:128.45,130.4 1 0
github.com/greycoderk/lore/internal/ai/anthropic.go:133.2,134.16 2 7
github.com/greycoderk/lore/internal/ai/anthropic.go:134.16,136.3 1 0
github.com/greycoderk/lore/internal/ai/anthropic.go:138.2,138.38 1 7
github.com/greycoderk/lore/internal/ai/anthropic.go:138.38,140.3 1 2
github.com/greycoderk/lore/internal/ai/anthropic.go:142.2,143.58 2 5
github.com/greycoderk/lore/internal/ai/anthropic.go:143.58,145.3 1 0
github.com/greycoderk/lore/internal/ai/anthropic.go:147.2,147.25 1 5
github.com/greycoderk/lore/internal/ai/anthropic.go:147.25,149.3 1 0
github.com/greycoderk/lore/internal/ai/anthropic.go:151.2,151.30 1 5
github.com/greycoderk/lore/internal/ai/anthropic.go:151.30,153.3 1 1
github.com/greycoderk/lore/internal/ai/anthropic.go:155.2,155.34 1 4
github.com/greycoderk/lore/internal/ai/anthropic.go:155.34,157.3 1 0
github.com/greycoderk/lore/internal/ai/anthropic.go:159.2,159.36 1 4
github.com/greycoderk/lore/internal/ai/ollama.go:30.60,32.17 2 3
github.com/greycoderk/lore/internal/ai/ollama.go:32.17,34.3 1 3
github.com/greycoderk/lore/internal/ai/ollama.go:35.2,36.20 2 3
github.com/greycoderk/lore/internal/ai/ollama.go:36.20,38.3 1 2
github.com/greycoderk/lore/internal/ai/ollama.go:39.2,44.3 1 3
github.com/greycoderk/lore/internal/ai/ollama.go:58.110,75.16 9 5
github.com/greycoderk/lore/internal/ai/ollama.go:75.16,77.3 1 0
github.com/greycoderk/lore/internal/ai/ollama.go:79.2,80.16 2 5
github.com/greycoderk/lore/internal/ai/ollama.go:80.16,82.3 1 0
github.com/greycoderk/lore/internal/ai/ollama.go:83.2,86.16 3 5
github.com/greycoderk/lore/internal/ai/ollama.go:86.16,88.3 1 1
github.com/greycoderk/lore/internal/ai/ollama.go:89.2,89.15 1 4
github.com/greycoderk/lore/internal/ai/ollama.go:89.15,90.45 1 4
github.com/greycoderk/lore/internal/ai/ollama.go:90.45,92.4 1 0
github.com/greycoderk/lore/internal/ai/ollama.go:95.2,96.16 2 4
github.com/greycoderk/lore/internal/ai/ollama.go:96.16,98.3 1 0
github.com/greycoderk/lore/internal/ai/ollama.go:100.2,100.38 1 4
github.com/greycoderk/lore/internal/ai/ollama.go:100.38,102.3 1 0
github.com/greycoderk/lore/internal/ai/ollama.go:104.2,105.58 2 4
github.com/greycoderk/lore/internal/ai/ollama.go:105.58,107.3 1 0
github.com/greycoderk/lore/internal/ai/ollama.go:109.2,109.27 1 4
github.com/greycoderk/lore/internal/ai/ollama.go:109.27,111.3 1 1
github.com/greycoderk/lore/internal/ai/ollama.go:113.2,113.29 1 3
github.com/greycoderk/lore/internal/ai/openai.go:33.60,35.17 2 2
github.com/greycoderk/lore/internal/ai/openai.go:35.17,37.3 1 2
github.com/greycoderk/lore/internal/ai/openai.go:38.2,39.57 2 2
github.com/greycoderk/lore/internal/ai/openai.go:39.57,41.3 1 2
github.com/greycoderk/lore/internal/ai/openai.go:42.2,48.3 1 2
github.com/greycoderk/lore/internal/ai/openai.go:71.110,81.27 8 7
github.com/greycoderk/lore/internal/ai/openai.go:81.27,83.3 1 1
github.com/greycoderk/lore/internal/ai/openai.go:84.2,94.16 4 7
github.com/greycoderk/lore/internal/ai/openai.go:94.16,96.3 1 0
github.com/greycoderk/lore/internal/ai/openai.go:98.2,99.16 2 7
github.com/greycoderk/lore/internal/ai/openai.go:99.16,101.3 1 0
github.com/greycoderk/lore/internal/ai/openai.go:102.2,106.16 4 7
github.com/greycoderk/lore/internal/ai/openai.go:106.16,108.3 1 1
github.com/greycoderk/lore/internal/ai/openai.go:109.2,109.15 1 6
github.com/greycoderk/lore/internal/ai/openai.go:109.15,110.45 1 6
github.com/greycoderk/lore/internal/ai/openai.go:110.45,112.4 1 0
github.com/greycoderk/lore/internal/ai/openai.go:115.2,116.16 2 6
github.com/greycoderk/lore/internal/ai/openai.go:116.16,118.3 1 0
github.com/greycoderk/lore/internal/ai/openai.go:120.2,120.38 1 6
github.com/greycoderk/lore/internal/ai/openai.go:120.38,122.3 1 1
github.com/greycoderk/lore/internal/ai/openai.go:124.2,125.58 2 5
github.com/greycoderk/lore/internal/ai/openai.go:125.58,127.3 1 0
github.com/greycoderk/lore/internal/ai/openai.go:129.2,129.30 1 5
github.com/greycoderk/lore/internal/ai/openai.go:129.30,131.3 1 1
github.com/greycoderk/lore/internal/ai/openai.go:133.2,133.45 1 4
github.com/greycoderk/lore/internal/ai/openai.go:133.45,135.3 1 0
github.com/greycoderk/lore/internal/ai/openai.go:137.2,137.47 1 4
github.com/greycoderk/lore/internal/ai/options.go:22.46,28.2 1 27
github.com/greycoderk/lore/internal/ai/options.go:31.92,32.27 1 26
github.com/greycoderk/lore/internal/ai/options.go:32.27,34.3 1 14
github.com/greycoderk/lore/internal/ai/options.go:35.2,35.17 1 26
github.com/greycoderk/lore/internal/ai/options.go:39.51,40.11 1 9
github.com/greycoderk/lore/internal/ai/options.go:40.11,42.3 1 1
github.com/greycoderk/lore/internal/ai/options.go:43.2,43.25 1 8
github.com/greycoderk/lore/internal/ai/options.go:49.46,51.16 2 7
github.com/greycoderk/lore/internal/ai/options.go:51.16,53.3 1 1
github.com/greycoderk/lore/internal/ai/options.go:54.2,54.47 1 6
github.com/greycoderk/lore/internal/ai/options.go:54.47,56.3 1 3
github.com/greycoderk/lore/internal/ai/options.go:57.2,57.18 1 3
github.com/greycoderk/lore/internal/ai/options.go:57.18,59.3 1 1
github.com/greycoderk/lore/internal/ai/options.go:60.2,60.48 1 2
github.com/greycoderk/lore/internal/ai/options.go:60.48,62.3 1 0
github.com/greycoderk/lore/internal/ai/options.go:63.2,63.12 1 2
github.com/greycoderk/lore/internal/ai/options.go:67.36,70.2 2 1
github.com/greycoderk/lore/internal/ai/options.go:74.52,75.22 1 5
github.com/greycoderk/lore/internal/ai/options.go:75.22,77.3 1 4
github.com/greycoderk/lore/internal/ai/options.go:78.2,78.38 1 1
github.com/greycoderk/lore/internal/ai/options.go:83.36,92.69 1 8
github.com/greycoderk/lore/internal/ai/options.go:92.69,94.4 1 1
github.com/greycoderk/lore/internal/ai/provider.go:20.116,21.27 1 8
github.com/greycoderk/lore/internal/ai/provider.go:21.27,23.3 1 1
github.com/greycoderk/lore/internal/ai/provider.go:26.2,26.27 1 7
github.com/greycoderk/lore/internal/ai/provider.go:26.27,27.59 1 1
github.com/greycoderk/lore/internal/ai/provider.go:27.59,29.4 1 1
github.com/greycoderk/lore/internal/ai/provider.go:33.2,34.16 2 6
github.com/greycoderk/lore/internal/ai/provider.go:34.16,36.3 1 0
github.com/greycoderk/lore/internal/ai/provider.go:39.2,42.25 3 6
github.com/greycoderk/lore/internal/ai/provider.go:43.19,44.19 1 2
github.com/greycoderk/lore/internal/ai/provider.go:44.19,46.4 1 1
github.com/greycoderk/lore/internal/ai/provider.go:47.3,47.46 1 1
github.com/greycoderk/lore/internal/ai/provider.go:48.16,49.19 1 2
github.com/greycoderk/lore/internal/ai/provider.go:49.19,51.4 1 1
github.com/greycoderk/lore/internal/ai/provider.go:52.3,52.43 1 1
github.com/greycoderk/lore/internal/ai/provider.go:53.16,54.43 1 1
github.com/greycoderk/lore/internal/ai/provider.go:55.10,56.107 1 1
github.com/greycoderk/lore/internal/ai/provider.go:65.115,67.58 1 14
github.com/greycoderk/lore/internal/ai/provider.go:67.58,69.3 1 1
github.com/greycoderk/lore/internal/ai/provider.go:72.2,72.49 1 13
github.com/greycoderk/lore/internal/ai/provider.go:72.49,73.19 1 10
github.com/greycoderk/lore/internal/ai/provider.go:73.19,75.18 2 9
github.com/greycoderk/lore/internal/ai/provider.go:75.18,77.5 1 2
github.com/greycoderk/lore/internal/ai/provider.go:78.4,78.102 1 7
github.com/greycoderk/lore/internal/ai/provider.go:78.102,80.5 1 1
github.com/greycoderk/lore/internal/ai/provider.go:82.4,82.74 1 6
github.com/greycoderk/lore/internal/ai/provider.go:82.74,84.5 1 1
github.com/greycoderk/lore/internal/ai/provider.go:86.3,86.17 1 7
github.com/greycoderk/lore/internal/ai/provider.go:90.2,90.18 1 3
github.com/greycoderk/lore/internal/ai/provider.go:90.18,92.3 1 3
github.com/greycoderk/lore/internal/ai/provider.go:93.2,93.23 1 3
github.com/greycoderk/lore/internal/ai/scrub.go:11.38,13.2 1 3
github.com/greycoderk/lore/internal/config/config.go:50.37,53.16 3 5
github.com/greycoderk/lore/internal/config/config.go:53.16,57.17 3 3
github.com/greycoderk/lore/internal/config/config.go:57.17,60.18 3 3
github.com/greycoderk/lore/internal/config/config.go:60.18,62.5 1 0
github.com/greycoderk/lore/internal/config/config.go:65.2,65.35 1 5
github.com/greycoderk/lore/internal/config/config.go:65.35,66.57 1 3
github.com/greycoderk/lore/internal/config/config.go:66.57,68.4 1 0
github.com/greycoderk/lore/internal/config/config.go:68.9,70.4 1 3
github.com/greycoderk/lore/internal/config/config.go:75.30,77.2 1 0
github.com/greycoderk/lore/internal/config/config.go:81.50,82.52 1 48
github.com/greycoderk/lore/internal/config/config.go:82.52,85.17 3 130
github.com/greycoderk/lore/internal/config/config.go:85.17,86.12 1 110
github.com/greycoderk/lore/internal/config/config.go:88.3,88.34 1 20
github.com/greycoderk/lore/internal/config/config.go:88.34,90.4 1 0
github.com/greycoderk/lore/internal/config/config.go:91.3,91.13 1 20
github.com/greycoderk/lore/internal/config/config.go:93.2,93.12 1 28
github.com/greycoderk/lore/internal/config/config.go:98.50,101.29 3 24
github.com/greycoderk/lore/internal/config/config.go:101.29,103.42 2 72
github.com/greycoderk/lore/internal/config/config.go:103.42,105.4 1 15
github.com/greycoderk/lore/internal/config/config.go:107.2,107.20 1 24
github.com/greycoderk/lore/internal/config/config.go:107.20,110.3 1 0
github.com/greycoderk/lore/internal/config/config.go:114.50,123.60 4 24
github.com/greycoderk/lore/internal/config/config.go:123.60,125.3 1 0
github.com/greycoderk/lore/internal/config/config.go:126.2,126.66 1 24
github.com/greycoderk/lore/internal/config/config.go:126.66,128.3 1 0
github.com/greycoderk/lore/internal/config/config.go:131.2,134.41 4 24
github.com/greycoderk/lore/internal/config/config.go:134.41,135.56 1 11
github.com/greycoderk/lore/internal/config/config.go:135.56,137.4 1 2
github.com/greycoderk/lore/internal/config/config.go:141.2,142.42 2 22
github.com/greycoderk/lore/internal/config/config.go:142.42,143.56 1 17
github.com/greycoderk/lore/internal/config/config.go:143.56,145.4 1 0
github.com/greycoderk/lore/internal/config/config.go:146.8,151.61 2 5
github.com/greycoderk/lore/internal/config/config.go:151.61,152.49 1 5
github.com/greycoderk/lore/internal/config/config.go:152.49,155.39 3 5
github.com/greycoderk/lore/internal/config/config.go:155.39,157.6 1 0
github.com/greycoderk/lore/internal/config/config.go:163.2,167.15 4 22
github.com/greycoderk/lore/internal/config/config.go:172.55,180.72 3 22
github.com/greycoderk/lore/internal/config/config.go:180.72,183.3 2 22
github.com/greycoderk/lore/internal/config/config.go:184.2,184.22 1 22
github.com/greycoderk/lore/internal/config/config.go:184.22,186.3 1 4
github.com/greycoderk/lore/internal/config/config.go:189.2,190.67 2 22
github.com/greycoderk/lore/internal/config/config.go:190.67,192.3 1 22
github.com/greycoderk/lore/internal/config/config.go:192.17,194.3 1 0
github.com/greycoderk/lore/internal/config/config.go:195.2,195.18 1 22
github.com/greycoderk/lore/internal/config/config.go:199.47,201.16 2 22
github.com/greycoderk/lore/internal/config/config.go:201.16,203.3 1 2
github.com/greycoderk/lore/internal/config/config.go:204.2,204.27 1 20
github.com/greycoderk/lore/internal/config/config.go:209.40,215.2 5 2
github.com/greycoderk/lore/internal/config/config.go:220.58,221.86 1 2
github.com/greycoderk/lore/internal/config/config.go:221.86,223.3 1 0
github.com/greycoderk/lore/internal/config/config.go:224.2,224.80 1 2
github.com/greycoderk/lore/internal/config/config.go:224.80,226.3 1 0
github.com/greycoderk/lore/internal/config/config.go:227.2,227.12 1 2
github.com/greycoderk/lore/internal/config/config.go:232.76,234.16 2 2
github.com/greycoderk/lore/internal/config/config.go:234.16,236.3 1 0
github.com/greycoderk/lore/internal/config/config.go:237.2,237.42 1 2
github.com/greycoderk/lore/internal/config/config.go:237.42,239.3 1 0
github.com/greycoderk/lore/internal/config/config.go:240.2,240.27 1 2
github.com/greycoderk/lore/internal/config/defaults.go:60.34,94.2 26 24
github.com/greycoderk/lore/internal/config/language.go:18.42,19.74 1 5
github.com/greycoderk/lore/internal/config/language.go:19.74,21.17 2 13
github.com/greycoderk/lore/internal/config/language.go:21.17,22.12 1 9
github.com/greycoderk/lore/internal/config/language.go:24.3,27.56 2 4
github.com/greycoderk/lore/internal/config/language.go:27.56,29.4 1 1
github.com/greycoderk/lore/internal/config/language.go:30.3,30.26 1 3
github.com/greycoderk/lore/internal/config/language.go:32.2,32.11 1 1
github.com/greycoderk/lore/internal/config/validate.go:26.34,28.2 1 4
github.com/greycoderk/lore/internal/config/validate.go:31.34,32.13 1 9
github.com/greycoderk/lore/internal/config/validate.go:32.13,34.3 1 7
github.com/greycoderk/lore/internal/config/validate.go:35.2,35.15 1 2
github.com/greycoderk/lore/internal/config/validate.go:45.70,47.36 2 8
github.com/greycoderk/lore/internal/config/validate.go:47.36,50.30 3 34
github.com/greycoderk/lore/internal/config/validate.go:50.30,51.12 1 0
github.com/greycoderk/lore/internal/config/validate.go:54.3,55.17 2 34
github.com/greycoderk/lore/internal/config/validate.go:55.17,56.12 1 0
github.com/greycoderk/lore/internal/config/validate.go:58.3,59.19 2 34
github.com/greycoderk/lore/internal/config/validate.go:59.19,61.4 1 26
github.com/greycoderk/lore/internal/config/validate.go:62.3,65.34 3 34
github.com/greycoderk/lore/internal/config/validate.go:65.34,66.48 1 7
github.com/greycoderk/lore/internal/config/validate.go:66.48,68.5 1 26
github.com/greycoderk/lore/internal/config/validate.go:71.2,71.15 1 8
github.com/greycoderk/lore/internal/config/validate.go:77.47,83.60 2 8
github.com/greycoderk/lore/internal/config/validate.go:83.60,85.3 1 16
github.com/greycoderk/lore/internal/config/validate.go:88.2,89.16 2 8
github.com/greycoderk/lore/internal/config/validate.go:89.16,93.3 3 1
github.com/greycoderk/lore/internal/config/validate.go:95.2,108.15 13 7
github.com/greycoderk/lore/internal/config/validate.go:112.62,115.52 2 16
github.com/greycoderk/lore/internal/config/validate.go:115.52,117.47 2 34
github.com/greycoderk/lore/internal/config/validate.go:117.47,119.9 2 7
github.com/greycoderk/lore/internal/config/validate.go:122.2,122.16 1 16
github.com/greycoderk/lore/internal/config/validate.go:122.16,124.3 1 9
github.com/greycoderk/lore/internal/config/validate.go:126.2,127.16 2 7
github.com/greycoderk/lore/internal/config/validate.go:127.16,130.3 2 0
github.com/greycoderk/lore/internal/config/validate.go:131.2,131.23 1 7
github.com/greycoderk/lore/internal/config/validate.go:131.23,134.3 2 0
github.com/greycoderk/lore/internal/config/validate.go:136.2,137.51 2 7
github.com/greycoderk/lore/internal/config/validate.go:137.51,140.3 2 1
github.com/greycoderk/lore/internal/config/validate.go:143.2,144.27 2 6
github.com/greycoderk/lore/internal/config/validate.go:144.27,145.24 1 16
github.com/greycoderk/lore/internal/config/validate.go:145.24,147.24 2 3
github.com/greycoderk/lore/internal/config/validate.go:147.24,150.5 1 2
github.com/greycoderk/lore/internal/config/validate.go:150.10,153.5 1 1
github.com/greycoderk/lore/internal/config/validate.go:159.67,161.22 2 13
github.com/greycoderk/lore/internal/config/validate.go:161.22,163.19 2 16
github.com/greycoderk/lore/internal/config/validate.go:163.19,165.4 1 9
github.com/greycoderk/lore/internal/config/validate.go:166.3,167.48 2 16
github.com/greycoderk/lore/internal/config/validate.go:167.48,169.4 1 7
github.com/greycoderk/lore/internal/config/validate.go:171.2,172.13 2 13
github.com/greycoderk/lore/internal/config/validate.go:177.42,180.33 3 7
github.com/greycoderk/lore/internal/config/validate.go:180.33,182.36 1 238
github.com/greycoderk/lore/internal/config/validate.go:182.36,183.12 1 56
github.com/greycoderk/lore/internal/config/validate.go:185.3,186.19 2 182
github.com/greycoderk/lore/internal/config/validate.go:186.19,189.4 2 5
github.com/greycoderk/lore/internal/config/validate.go:191.2,191.13 1 7
github.com/greycoderk/lore/internal/config/validate.go:195.35,197.13 2 190
github.com/greycoderk/lore/internal/config/validate.go:197.13,199.3 1 2
github.com/greycoderk/lore/internal/config/validate.go:200.2,200.13 1 188
github.com/greycoderk/lore/internal/config/validate.go:200.13,202.3 1 1
github.com/greycoderk/lore/internal/config/validate.go:205.2,206.22 2 187
github.com/greycoderk/lore/internal/config/validate.go:206.22,208.3 1 3381
github.com/greycoderk/lore/internal/config/validate.go:210.2,210.27 1 187
github.com/greycoderk/lore/internal/config/validate.go:210.27,213.28 3 1743
github.com/greycoderk/lore/internal/config/validate.go:213.28,215.24 2 30006
github.com/greycoderk/lore/internal/config/validate.go:215.24,217.5 1 1712
github.com/greycoderk/lore/internal/config/validate.go:218.4,218.62 1 30006
github.com/greycoderk/lore/internal/config/validate.go:220.3,220.14 1 1743
github.com/greycoderk/lore/internal/config/validate.go:222.2,222.17 1 187
github.com/greycoderk/lore/internal/credential/keychain_darwin.go:24.41,26.42 2 2
github.com/greycoderk/lore/internal/credential/keychain_darwin.go:26.42,28.3 1 2
github.com/greycoderk/lore/internal/credential/keychain_darwin.go:29.2,29.39 1 2
github.com/greycoderk/lore/internal/credential/keychain_darwin.go:32.59,34.2 1 33
github.com/greycoderk/lore/internal/credential/keychain_darwin.go:36.65,38.51 2 10
github.com/greycoderk/lore/internal/credential/keychain_darwin.go:38.51,40.3 1 6
github.com/greycoderk/lore/internal/credential/keychain_darwin.go:43.2,43.75 1 4
github.com/greycoderk/lore/internal/credential/keychain_darwin.go:43.75,45.3 1 0
github.com/greycoderk/lore/internal/credential/keychain_darwin.go:50.2,57.34 4 4
github.com/greycoderk/lore/internal/credential/keychain_darwin.go:57.34,59.3 1 0
github.com/greycoderk/lore/internal/credential/keychain_darwin.go:60.2,60.12 1 4
github.com/greycoderk/lore/internal/credential/keychain_darwin.go:63.60,64.51 1 18
github.com/greycoderk/lore/internal/credential/keychain_darwin.go:64.51,66.3 1 5
github.com/greycoderk/lore/internal/credential/keychain_darwin.go:67.2,76.34 5 13
github.com/greycoderk/lore/internal/credential/keychain_darwin.go:76.34,78.110 2 10
github.com/greycoderk/lore/internal/credential/keychain_darwin.go:78.110,80.4 1 10
github.com/greycoderk/lore/internal/credential/keychain_darwin.go:81.3,81.74 1 0
github.com/greycoderk/lore/internal/credential/keychain_darwin.go:84.2,85.19 2 3
github.com/greycoderk/lore/internal/credential/keychain_darwin.go:85.19,87.3 1 0
github.com/greycoderk/lore/internal/credential/keychain_darwin.go:88.2,88.17 1 3
github.com/greycoderk/lore/internal/credential/keychain_darwin.go:91.53,93.51 2 18
github.com/greycoderk/lore/internal/credential/keychain_darwin.go:93.51,95.3 1 6
github.com/greycoderk/lore/internal/credential/keychain_darwin.go:96.2,103.34 4 12
github.com/greycoderk/lore/internal/credential/keychain_darwin.go:103.34,105.110 2 8
github.com/greycoderk/lore/internal/credential/keychain_darwin.go:105.110,107.4 1 8
github.com/greycoderk/lore/internal/credential/keychain_darwin.go:108.3,108.72 1 0
github.com/greycoderk/lore/internal/credential/keychain_darwin.go:110.2,110.12 1 4
github.com/greycoderk/lore/internal/credential/keychain_darwin.go:113.48,114.18 1 4
github.com/greycoderk/lore/internal/credential/keychain_darwin.go:114.18,116.3 1 1
github.com/greycoderk/lore/internal/credential/keychain_darwin.go:118.2,120.35 2 3
github.com/greycoderk/lore/internal/credential/keychain_darwin.go:120.35,122.17 2 9
github.com/greycoderk/lore/internal/credential/keychain_darwin.go:122.17,124.4 1 1
github.com/greycoderk/lore/internal/credential/keychain_darwin.go:124.9,124.42 1 8
github.com/greycoderk/lore/internal/credential/keychain_darwin.go:124.42,126.4 1 0
github.com/greycoderk/lore/internal/credential/keychain_darwin.go:128.2,130.19 3 3
github.com/greycoderk/lore/internal/credential/store.go:22.37,23.35 1 7
github.com/greycoderk/lore/internal/credential/store.go:23.35,24.13 1 18
github.com/greycoderk/lore/internal/credential/store.go:24.13,26.4 1 3
github.com/greycoderk/lore/internal/credential/store.go:28.2,28.14 1 4
github.com/greycoderk/lore/internal/credential/store.go:33.42,34.43 1 56
github.com/greycoderk/lore/internal/credential/store.go:34.43,36.3 1 22
github.com/greycoderk/lore/internal/credential/store.go:37.2,37.12 1 34
github.com/greycoderk/lore/internal/credential/store.go:58.33,60.2 1 1
github.com/greycoderk/lore/internal/domain/paths.go:23.38,25.2 1 3
github.com/greycoderk/lore/internal/domain/types.go:18.31,23.2 4 9
github.com/greycoderk/lore/internal/domain/types.go:99.34,101.2 1 13
github.com/greycoderk/lore/internal/domain/types.go:104.30,106.31 2 1
github.com/greycoderk/lore/internal/domain/types.go:106.31,108.3 1 7
github.com/greycoderk/lore/internal/domain/types.go:109.2,110.14 2 1
github.com/greycoderk/lore/internal/domain/types.go:271.40,271.70 1 2
github.com/greycoderk/lore/internal/domain/types.go:271.70,271.85 1 2
github.com/greycoderk/lore/internal/domain/types.go:272.40,272.70 1 2
github.com/greycoderk/lore/internal/domain/types.go:272.70,272.89 1 2
github.com/greycoderk/lore/internal/domain/types.go:273.40,273.70 1 2
github.com/greycoderk/lore/internal/domain/types.go:273.70,273.91 1 2
github.com/greycoderk/lore/internal/domain/types.go:274.42,274.72 1 1
github.com/greycoderk/lore/internal/domain/types.go:274.72,274.89 1 1
github.com/greycoderk/lore/internal/domain/types.go:275.40,275.70 1 2
github.com/greycoderk/lore/internal/domain/types.go:275.70,275.86 1 2
github.com/greycoderk/lore/cmd/angela.go:20.80,32.2 5 40
github.com/greycoderk/lore/cmd/angela.go:34.85,42.55 2 40
github.com/greycoderk/lore/cmd/angela.go:42.55,44.15 1 9
github.com/greycoderk/lore/cmd/angela.go:44.15,46.5 1 3
github.com/greycoderk/lore/cmd/angela.go:47.4,48.22 2 6
github.com/greycoderk/lore/cmd/angela.go:48.22,52.37 3 1
github.com/greycoderk/lore/cmd/angela.go:52.37,54.6 1 1
github.com/greycoderk/lore/cmd/angela.go:56.5,57.32 2 0
github.com/greycoderk/lore/cmd/angela.go:57.32,58.30 1 0
github.com/greycoderk/lore/cmd/angela.go:58.30,60.7 1 0
github.com/greycoderk/lore/cmd/angela.go:62.5,63.60 2 0
github.com/greycoderk/lore/cmd/angela.go:64.10,66.5 1 5
github.com/greycoderk/lore/cmd/angela.go:69.4,69.50 1 5
github.com/greycoderk/lore/cmd/angela.go:69.50,71.5 1 1
github.com/greycoderk/lore/cmd/angela.go:72.4,75.61 2 4
github.com/greycoderk/lore/cmd/angela.go:75.61,77.5 1 1
github.com/greycoderk/lore/cmd/angela.go:78.4,79.46 2 3
github.com/greycoderk/lore/cmd/angela.go:79.46,80.27 1 1
github.com/greycoderk/lore/cmd/angela.go:80.27,82.6 1 1
github.com/greycoderk/lore/cmd/angela.go:83.5,83.48 1 0
github.com/greycoderk/lore/cmd/angela.go:87.4,88.18 2 2
github.com/greycoderk/lore/cmd/angela.go:88.18,90.5 1 0
github.com/greycoderk/lore/cmd/angela.go:91.4,95.18 3 2
github.com/greycoderk/lore/cmd/angela.go:95.18,97.5 1 0
github.com/greycoderk/lore/cmd/angela.go:98.4,103.24 4 2
github.com/greycoderk/lore/cmd/angela.go:103.24,105.5 1 0
github.com/greycoderk/lore/cmd/angela.go:108.4,109.36 2 2
github.com/greycoderk/lore/cmd/angela.go:109.36,111.5 1 0
github.com/greycoderk/lore/cmd/angela.go:112.4,127.29 8 2
github.com/greycoderk/lore/cmd/angela.go:127.29,130.5 2 1
github.com/greycoderk/lore/cmd/angela.go:133.4,135.30 3 1
github.com/greycoderk/lore/cmd/angela.go:135.30,137.5 1 2
github.com/greycoderk/lore/cmd/angela.go:140.4,142.34 3 1
github.com/greycoderk/lore/cmd/angela.go:142.34,145.5 1 6
github.com/greycoderk/lore/cmd/angela.go:146.4,148.14 2 1
github.com/greycoderk/lore/cmd/angela.go:152.2,153.12 2 40
github.com/greycoderk/lore/cmd/angela.go:157.70,158.48 1 3
github.com/greycoderk/lore/cmd/angela.go:158.48,160.3 1 1
github.com/greycoderk/lore/cmd/angela.go:161.2,165.16 4 2
github.com/greycoderk/lore/cmd/angela.go:165.16,167.3 1 0
github.com/greycoderk/lore/cmd/angela.go:169.2,169.22 1 2
github.com/greycoderk/lore/cmd/angela.go:169.22,172.3 2 1
github.com/greycoderk/lore/cmd/angela.go:174.2,175.34 2 1
github.com/greycoderk/lore/cmd/angela.go:175.34,177.3 1 0
github.com/greycoderk/lore/cmd/angela.go:178.2,185.30 5 1
github.com/greycoderk/lore/cmd/angela.go:185.30,187.17 2 1
github.com/greycoderk/lore/cmd/angela.go:187.17,189.12 2 0
github.com/greycoderk/lore/cmd/angela.go:191.3,197.27 5 1
github.com/greycoderk/lore/cmd/angela.go:197.27,201.34 4 1
github.com/greycoderk/lore/cmd/angela.go:201.34,202.32 1 6
github.com/greycoderk/lore/cmd/angela.go:202.32,204.6 1 3
github.com/greycoderk/lore/cmd/angela.go:206.4,207.20 2 1
github.com/greycoderk/lore/cmd/angela.go:207.20,209.5 1 1
github.com/greycoderk/lore/cmd/angela.go:210.4,210.88 1 1
github.com/greycoderk/lore/cmd/angela.go:211.9,213.4 1 0
github.com/greycoderk/lore/cmd/angela.go:216.2,219.12 2 1
github.com/greycoderk/lore/cmd/angela_polish.go:23.86,32.55 3 42
github.com/greycoderk/lore/cmd/angela_polish.go:32.55,36.50 2 11
github.com/greycoderk/lore/cmd/angela_polish.go:36.50,38.5 1 1
github.com/greycoderk/lore/cmd/angela_polish.go:39.4,42.61 2 10
github.com/greycoderk/lore/cmd/angela_polish.go:42.61,44.5 1 6
github.com/greycoderk/lore/cmd/angela_polish.go:45.4,46.46 2 4
github.com/greycoderk/lore/cmd/angela_polish.go:46.46,47.27 1 2
github.com/greycoderk/lore/cmd/angela_polish.go:47.27,49.6 1 2
github.com/greycoderk/lore/cmd/angela_polish.go:50.5,50.49 1 0
github.com/greycoderk/lore/cmd/angela_polish.go:54.4,56.18 3 2
github.com/greycoderk/lore/cmd/angela_polish.go:56.18,58.5 1 0
github.com/greycoderk/lore/cmd/angela_polish.go:59.4,59.23 1 2
github.com/greycoderk/lore/cmd/angela_polish.go:59.23,61.5 1 1
github.com/greycoderk/lore/cmd/angela_polish.go:64.4,65.18 2 1
github.com/greycoderk/lore/cmd/angela_polish.go:65.18,67.5 1 1
github.com/greycoderk/lore/cmd/angela_polish.go:69.4,74.23 4 0
github.com/greycoderk/lore/cmd/angela_polish.go:74.23,77.5 2 0
github.com/greycoderk/lore/cmd/angela_polish.go:80.4,81.18 2 0
github.com/greycoderk/lore/cmd/angela_polish.go:81.18,83.5 1 0
github.com/greycoderk/lore/cmd/angela_polish.go:85.4,85.18 1 0
github.com/greycoderk/lore/cmd/angela_polish.go:85.18,87.5 1 0
github.com/greycoderk/lore/cmd/angela_polish.go:90.4,91.31 2 0
github.com/greycoderk/lore/cmd/angela_polish.go:91.31,92.10 1 0
github.com/greycoderk/lore/cmd/angela_polish.go:92.10,94.11 2 0
github.com/greycoderk/lore/cmd/angela_polish.go:99.4,99.20 1 0
github.com/greycoderk/lore/cmd/angela_polish.go:99.20,102.5 2 0
github.com/greycoderk/lore/cmd/angela_polish.go:105.4,106.18 2 0
github.com/greycoderk/lore/cmd/angela_polish.go:106.18,108.5 1 0
github.com/greycoderk/lore/cmd/angela_polish.go:109.4,109.57 1 0
github.com/greycoderk/lore/cmd/angela_polish.go:109.57,111.5 1 0
github.com/greycoderk/lore/cmd/angela_polish.go:114.4,118.18 3 0
github.com/greycoderk/lore/cmd/angela_polish.go:118.18,122.5 2 0
github.com/greycoderk/lore/cmd/angela_polish.go:123.4,126.65 2 0
github.com/greycoderk/lore/cmd/angela_polish.go:126.65,128.5 1 0
github.com/greycoderk/lore/cmd/angela_polish.go:131.4,132.18 2 0
github.com/greycoderk/lore/cmd/angela_polish.go:132.18,134.5 1 0
github.com/greycoderk/lore/cmd/angela_polish.go:135.4,135.66 1 0
github.com/greycoderk/lore/cmd/angela_polish.go:135.66,137.5 1 0
github.com/greycoderk/lore/cmd/angela_polish.go:140.4,140.59 1 0
github.com/greycoderk/lore/cmd/angela_polish.go:140.59,142.5 1 0
github.com/greycoderk/lore/cmd/angela_polish.go:144.4,145.14 2 0
github.com/greycoderk/lore/cmd/angela_polish.go:149.2,152.12 3 42
github.com/greycoderk/lore/cmd/angela_review.go:21.86,29.55 2 40
github.com/greycoderk/lore/cmd/angela_review.go:29.55,31.50 1 8
github.com/greycoderk/lore/cmd/angela_review.go:31.50,33.5 1 1
github.com/greycoderk/lore/cmd/angela_review.go:34.4,41.18 4 7
github.com/greycoderk/lore/cmd/angela_review.go:41.18,43.5 1 4
github.com/greycoderk/lore/cmd/angela_review.go:46.4,48.18 3 3
github.com/greycoderk/lore/cmd/angela_review.go:48.18,50.5 1 0
github.com/greycoderk/lore/cmd/angela_review.go:51.4,51.23 1 3
github.com/greycoderk/lore/cmd/angela_review.go:51.23,53.5 1 2
github.com/greycoderk/lore/cmd/angela_review.go:56.4,56.37 1 1
github.com/greycoderk/lore/cmd/angela_review.go:56.37,58.5 1 0
github.com/greycoderk/lore/cmd/angela_review.go:61.4,62.36 2 1
github.com/greycoderk/lore/cmd/angela_review.go:62.36,65.5 2 0
github.com/greycoderk/lore/cmd/angela_review.go:68.4,69.18 2 1
github.com/greycoderk/lore/cmd/angela_review.go:69.18,71.5 1 1
github.com/greycoderk/lore/cmd/angela_review.go:74.4,77.85 2 0
github.com/greycoderk/lore/cmd/angela_review.go:77.85,79.5 1 0
github.com/greycoderk/lore/cmd/angela_review.go:81.4,81.14 1 0
github.com/greycoderk/lore/cmd/angela_review.go:85.2,87.12 2 40
github.com/greycoderk/lore/cmd/angela_review.go:91.109,93.12 1 4
github.com/greycoderk/lore/cmd/angela_review.go:93.12,94.36 1 3
github.com/greycoderk/lore/cmd/angela_review.go:94.36,96.4 1 2
github.com/greycoderk/lore/cmd/angela_review.go:96.9,98.4 1 1
github.com/greycoderk/lore/cmd/angela_review.go:102.2,102.36 1 4
github.com/greycoderk/lore/cmd/angela_review.go:102.36,106.27 2 3
github.com/greycoderk/lore/cmd/angela_review.go:106.27,108.4 1 1
github.com/greycoderk/lore/cmd/angela_review.go:110.3,110.26 1 3
github.com/greycoderk/lore/cmd/angela_review.go:110.26,112.4 1 2
github.com/greycoderk/lore/cmd/angela_review.go:113.3,113.35 1 3
github.com/greycoderk/lore/cmd/angela_review.go:117.2,117.12 1 4
github.com/greycoderk/lore/cmd/angela_review.go:117.12,118.32 1 3
github.com/greycoderk/lore/cmd/angela_review.go:118.32,120.4 1 2
github.com/greycoderk/lore/cmd/angela_review.go:120.9,123.4 2 1
github.com/greycoderk/lore/cmd/angela_review.go:128.62,130.29 2 5
github.com/greycoderk/lore/cmd/angela_review.go:130.29,132.3 1 13
github.com/greycoderk/lore/cmd/angela_review.go:134.2,137.28 4 5
github.com/greycoderk/lore/cmd/angela_review.go:137.28,138.31 1 20
github.com/greycoderk/lore/cmd/angela_review.go:138.31,141.4 2 10
github.com/greycoderk/lore/cmd/angela_review.go:144.2,144.29 1 5
github.com/greycoderk/lore/cmd/angela_review.go:144.29,145.17 1 11
github.com/greycoderk/lore/cmd/angela_review.go:145.17,147.4 1 1
github.com/greycoderk/lore/cmd/angela_review.go:149.2,149.34 1 5
github.com/greycoderk/lore/cmd/check_update.go:18.83,25.52 1 10
github.com/greycoderk/lore/cmd/check_update.go:25.52,27.4 1 0
github.com/greycoderk/lore/cmd/check_update.go:29.2,29.12 1 10
github.com/greycoderk/lore/cmd/check_update.go:32.73,36.29 3 0
github.com/greycoderk/lore/cmd/check_update.go:36.29,38.3 1 0
github.com/greycoderk/lore/cmd/check_update.go:40.2,46.16 5 0
github.com/greycoderk/lore/cmd/check_update.go:46.16,49.3 2 0
github.com/greycoderk/lore/cmd/check_update.go:51.2,51.21 1 0
github.com/greycoderk/lore/cmd/check_update.go:51.21,54.3 2 0
github.com/greycoderk/lore/cmd/check_update.go:57.2,61.26 3 0
github.com/greycoderk/lore/cmd/check_update.go:61.26,62.19 1 0
github.com/greycoderk/lore/cmd/check_update.go:62.19,64.4 1 0
github.com/greycoderk/lore/cmd/check_update.go:64.9,66.4 1 0
github.com/greycoderk/lore/cmd/check_update.go:69.2,71.12 3 0
github.com/greycoderk/lore/cmd/completion.go:13.40,23.55 1 14
github.com/greycoderk/lore/cmd/completion.go:23.55,24.19 1 4
github.com/greycoderk/lore/cmd/completion.go:25.16,26.59 1 1
github.com/greycoderk/lore/cmd/completion.go:27.15,28.50 1 1
github.com/greycoderk/lore/cmd/completion.go:29.16,30.57 1 1
github.com/greycoderk/lore/cmd/completion.go:31.22,32.65 1 1
github.com/greycoderk/lore/cmd/completion.go:34.4,34.14 1 0
github.com/greycoderk/lore/cmd/completion.go:37.2,37.12 1 14
github.com/greycoderk/lore/cmd/config_cmd.go:20.78,37.2 4 9
github.com/greycoderk/lore/cmd/config_cmd.go:39.94,46.55 1 15
github.com/greycoderk/lore/cmd/config_cmd.go:46.55,48.45 2 4
github.com/greycoderk/lore/cmd/config_cmd.go:48.45,50.5 1 1
github.com/greycoderk/lore/cmd/config_cmd.go:53.4,55.23 3 3
github.com/greycoderk/lore/cmd/config_cmd.go:55.23,57.5 1 1
github.com/greycoderk/lore/cmd/config_cmd.go:58.4,59.17 2 2
github.com/greycoderk/lore/cmd/config_cmd.go:59.17,61.5 1 1
github.com/greycoderk/lore/cmd/config_cmd.go:63.4,63.59 1 1
github.com/greycoderk/lore/cmd/config_cmd.go:63.59,65.5 1 0
github.com/greycoderk/lore/cmd/config_cmd.go:67.4,68.14 2 1
github.com/greycoderk/lore/cmd/config_cmd.go:73.97,80.55 1 11
github.com/greycoderk/lore/cmd/config_cmd.go:80.55,82.45 2 2
github.com/greycoderk/lore/cmd/config_cmd.go:82.45,84.5 1 1
github.com/greycoderk/lore/cmd/config_cmd.go:86.4,86.49 1 1
github.com/greycoderk/lore/cmd/config_cmd.go:86.49,88.5 1 0
github.com/greycoderk/lore/cmd/config_cmd.go:90.4,91.14 2 1
github.com/greycoderk/lore/cmd/config_cmd.go:96.96,102.55 1 10
github.com/greycoderk/lore/cmd/config_cmd.go:102.55,104.18 2 1
github.com/greycoderk/lore/cmd/config_cmd.go:104.18,107.5 2 0
github.com/greycoderk/lore/cmd/config_cmd.go:109.4,110.29 2 1
github.com/greycoderk/lore/cmd/config_cmd.go:110.29,112.5 1 1
github.com/greycoderk/lore/cmd/config_cmd.go:114.4,114.48 1 1
github.com/greycoderk/lore/cmd/config_cmd.go:114.48,115.21 1 3
github.com/greycoderk/lore/cmd/config_cmd.go:115.21,117.6 1 1
github.com/greycoderk/lore/cmd/config_cmd.go:117.11,119.6 1 2
github.com/greycoderk/lore/cmd/config_cmd.go:121.4,121.14 1 1
github.com/greycoderk/lore/cmd/decision.go:18.110,27.55 3 16
github.com/greycoderk/lore/cmd/decision.go:27.55,28.19 1 6
github.com/greycoderk/lore/cmd/decision.go:28.19,30.5 1 2
github.com/greycoderk/lore/cmd/decision.go:32.4,33.17 2 4
github.com/greycoderk/lore/cmd/decision.go:33.17,35.5 1 2
github.com/greycoderk/lore/cmd/decision.go:37.4,39.18 3 4
github.com/greycoderk/lore/cmd/decision.go:39.18,41.5 1 2
github.com/greycoderk/lore/cmd/decision.go:43.4,44.22 2 2
github.com/greycoderk/lore/cmd/decision.go:44.22,46.5 1 0
github.com/greycoderk/lore/cmd/decision.go:47.4,54.43 5 2
github.com/greycoderk/lore/cmd/decision.go:54.43,56.5 1 0
github.com/greycoderk/lore/cmd/decision.go:57.4,79.37 10 2
github.com/greycoderk/lore/cmd/decision.go:79.37,81.5 1 10
github.com/greycoderk/lore/cmd/decision.go:83.4,83.33 1 2
github.com/greycoderk/lore/cmd/decision.go:83.33,87.5 3 0
github.com/greycoderk/lore/cmd/decision.go:89.4,89.14 1 2
github.com/greycoderk/lore/cmd/decision.go:93.2,96.12 3 16
github.com/greycoderk/lore/cmd/decision.go:99.81,100.48 1 5
github.com/greycoderk/lore/cmd/decision.go:100.48,102.3 1 2
github.com/greycoderk/lore/cmd/decision.go:103.2,103.41 1 3
github.com/greycoderk/lore/cmd/decision.go:103.41,105.3 1 3
github.com/greycoderk/lore/cmd/decision.go:106.2,107.16 2 0
github.com/greycoderk/lore/cmd/decision.go:107.16,109.3 1 0
github.com/greycoderk/lore/cmd/decision.go:110.2,111.12 2 0
github.com/greycoderk/lore/cmd/decision_config.go:16.68,27.83 2 4
github.com/greycoderk/lore/cmd/decision_config.go:27.83,29.3 1 1
github.com/greycoderk/lore/cmd/decision_config.go:30.2,30.11 1 3
github.com/greycoderk/lore/cmd/delete.go:24.78,35.55 2 17
github.com/greycoderk/lore/cmd/delete.go:35.55,36.50 1 8
github.com/greycoderk/lore/cmd/delete.go:36.50,38.5 1 1
github.com/greycoderk/lore/cmd/delete.go:40.4,41.61 2 7
github.com/greycoderk/lore/cmd/delete.go:41.61,44.5 2 0
github.com/greycoderk/lore/cmd/delete.go:45.4,50.26 4 7
github.com/greycoderk/lore/cmd/delete.go:50.26,53.5 2 1
github.com/greycoderk/lore/cmd/delete.go:53.10,53.25 1 6
github.com/greycoderk/lore/cmd/delete.go:53.25,55.5 1 0
github.com/greycoderk/lore/cmd/delete.go:56.4,57.18 2 6
github.com/greycoderk/lore/cmd/delete.go:57.18,59.5 1 0
github.com/greycoderk/lore/cmd/delete.go:62.4,63.21 2 6
github.com/greycoderk/lore/cmd/delete.go:63.21,65.5 1 0
github.com/greycoderk/lore/cmd/delete.go:66.4,66.21 1 6
github.com/greycoderk/lore/cmd/delete.go:66.21,68.30 2 1
github.com/greycoderk/lore/cmd/delete.go:68.30,70.6 1 1
github.com/greycoderk/lore/cmd/delete.go:71.5,71.78 1 1
github.com/greycoderk/lore/cmd/delete.go:75.4,77.19 2 6
github.com/greycoderk/lore/cmd/delete.go:77.19,79.30 1 3
github.com/greycoderk/lore/cmd/delete.go:79.30,82.6 2 1
github.com/greycoderk/lore/cmd/delete.go:85.5,85.35 1 2
github.com/greycoderk/lore/cmd/delete.go:85.35,87.6 1 0
github.com/greycoderk/lore/cmd/delete.go:88.5,93.9 4 2
github.com/greycoderk/lore/cmd/delete.go:93.9,95.15 2 4
github.com/greycoderk/lore/cmd/delete.go:95.15,96.23 1 4
github.com/greycoderk/lore/cmd/delete.go:96.23,97.13 1 2
github.com/greycoderk/lore/cmd/delete.go:99.7,99.42 1 2
github.com/greycoderk/lore/cmd/delete.go:101.6,101.24 1 2
github.com/greycoderk/lore/cmd/delete.go:101.24,102.12 1 0
github.com/greycoderk/lore/cmd/delete.go:105.5,106.41 2 2
github.com/greycoderk/lore/cmd/delete.go:106.41,109.6 2 1
github.com/greycoderk/lore/cmd/delete.go:113.4,113.63 1 4
github.com/greycoderk/lore/cmd/delete.go:113.63,115.5 1 0
github.com/greycoderk/lore/cmd/delete.go:118.4,119.14 2 4
github.com/greycoderk/lore/cmd/delete.go:123.2,124.12 2 17
github.com/greycoderk/lore/cmd/demo.go:36.78,42.55 1 12
github.com/greycoderk/lore/cmd/demo.go:42.55,44.4 1 3
github.com/greycoderk/lore/cmd/demo.go:48.85,50.48 1 3
github.com/greycoderk/lore/cmd/demo.go:50.48,52.3 1 1
github.com/greycoderk/lore/cmd/demo.go:55.2,55.76 1 2
github.com/greycoderk/lore/cmd/demo.go:55.76,57.3 1 0
github.com/greycoderk/lore/cmd/demo.go:60.2,86.16 16 2
github.com/greycoderk/lore/cmd/demo.go:86.16,88.3 1 0
github.com/greycoderk/lore/cmd/demo.go:90.2,107.16 4 2
github.com/greycoderk/lore/cmd/demo.go:107.16,109.3 1 0
github.com/greycoderk/lore/cmd/demo.go:114.2,120.16 6 2
github.com/greycoderk/lore/cmd/demo.go:120.16,122.3 1 0
github.com/greycoderk/lore/cmd/demo.go:125.2,125.67 1 2
github.com/greycoderk/lore/cmd/demo.go:125.67,127.3 1 0
github.com/greycoderk/lore/cmd/demo.go:129.2,147.12 13 2
github.com/greycoderk/lore/cmd/demo.go:152.26,154.16 2 2
github.com/greycoderk/lore/cmd/demo.go:154.16,156.3 1 0
github.com/greycoderk/lore/cmd/demo.go:157.2,159.32 3 2
github.com/greycoderk/lore/cmd/demo.go:159.32,161.3 1 1
github.com/greycoderk/lore/cmd/demo.go:162.2,162.15 1 1
github.com/greycoderk/lore/cmd/demo.go:167.49,169.66 1 1
github.com/greycoderk/lore/cmd/demo.go:169.66,171.3 1 0
github.com/greycoderk/lore/cmd/demo.go:172.2,172.15 1 1
github.com/greycoderk/lore/cmd/demo.go:175.37,176.9 1 10
github.com/greycoderk/lore/cmd/demo.go:177.20,177.20 0 0
github.com/greycoderk/lore/cmd/demo.go:178.44,178.44 0 10
github.com/greycoderk/lore/cmd/doctor.go:23.78,34.55 5 24
github.com/greycoderk/lore/cmd/doctor.go:34.55,36.18 1 17
github.com/greycoderk/lore/cmd/doctor.go:36.18,38.5 1 6
github.com/greycoderk/lore/cmd/doctor.go:40.4,40.50 1 11
github.com/greycoderk/lore/cmd/doctor.go:40.50,42.5 1 2
github.com/greycoderk/lore/cmd/doctor.go:45.4,45.20 1 9
github.com/greycoderk/lore/cmd/doctor.go:45.20,47.5 1 1
github.com/greycoderk/lore/cmd/doctor.go:49.4,51.18 3 8
github.com/greycoderk/lore/cmd/doctor.go:51.18,53.5 1 0
github.com/greycoderk/lore/cmd/doctor.go:56.4,58.21 2 8
github.com/greycoderk/lore/cmd/doctor.go:58.21,61.18 3 1
github.com/greycoderk/lore/cmd/doctor.go:61.18,63.6 1 1
github.com/greycoderk/lore/cmd/doctor.go:64.5,64.15 1 0
github.com/greycoderk/lore/cmd/doctor.go:67.4,67.12 1 7
github.com/greycoderk/lore/cmd/doctor.go:67.12,70.5 1 4
github.com/greycoderk/lore/cmd/doctor.go:73.4,74.21 2 3
github.com/greycoderk/lore/cmd/doctor.go:74.21,76.5 1 0
github.com/greycoderk/lore/cmd/doctor.go:78.4,78.13 1 3
github.com/greycoderk/lore/cmd/doctor.go:78.13,81.46 3 1
[...]
github.com/greycoderk/lore/internal/workflow/questions.go:253.8,253.26 1 1
github.com/greycoderk/lore/internal/workflow/questions.go:253.26,255.3 1 1
github.com/greycoderk/lore/internal/workflow/questions.go:258.2,258.77 1 6
github.com/greycoderk/lore/internal/workflow/questions.go:258.77,260.3 1 1
github.com/greycoderk/lore/internal/workflow/questions.go:262.2,266.4 1 6
github.com/greycoderk/lore/internal/workflow/questions.go:271.89,273.26 1 41
github.com/greycoderk/lore/internal/workflow/questions.go:273.26,275.17 2 0
github.com/greycoderk/lore/internal/workflow/questions.go:275.17,276.49 1 0
github.com/greycoderk/lore/internal/workflow/questions.go:276.49,278.5 1 0
github.com/greycoderk/lore/internal/workflow/questions.go:284.2,284.6 1 41
github.com/greycoderk/lore/internal/workflow/questions.go:284.6,286.17 2 45
github.com/greycoderk/lore/internal/workflow/questions.go:286.17,288.4 1 5
github.com/greycoderk/lore/internal/workflow/questions.go:289.3,290.12 2 40
github.com/greycoderk/lore/internal/workflow/questions.go:290.12,292.4 1 36
github.com/greycoderk/lore/internal/workflow/questions.go:293.3,294.132 2 4
github.com/greycoderk/lore/internal/workflow/questions.go:299.47,301.9 2 42
github.com/greycoderk/lore/internal/workflow/questions.go:301.9,303.3 1 42
github.com/greycoderk/lore/internal/workflow/questions.go:304.2,304.42 1 0
github.com/greycoderk/lore/internal/workflow/questions.go:308.89,310.2 1 20
github.com/greycoderk/lore/internal/workflow/questions.go:313.68,315.2 1 31
github.com/greycoderk/lore/internal/workflow/questions.go:318.77,320.2 1 28
github.com/greycoderk/lore/internal/workflow/questions.go:323.71,325.2 1 28
github.com/greycoderk/lore/internal/workflow/questions.go:328.102,331.16 3 121
github.com/greycoderk/lore/internal/workflow/questions.go:331.16,333.3 1 5
github.com/greycoderk/lore/internal/workflow/questions.go:334.2,334.18 1 116
github.com/greycoderk/lore/internal/workflow/questions.go:334.18,336.3 1 77
github.com/greycoderk/lore/internal/workflow/questions.go:337.2,337.20 1 39
github.com/greycoderk/lore/internal/workflow/questions.go:341.86,344.16 3 31
github.com/greycoderk/lore/internal/workflow/questions.go:344.16,346.3 1 0
github.com/greycoderk/lore/internal/workflow/questions.go:347.2,347.20 1 31
github.com/greycoderk/lore/internal/workflow/questions.go:360.70,361.34 1 152
github.com/greycoderk/lore/internal/workflow/questions.go:361.34,363.3 1 5
github.com/greycoderk/lore/internal/workflow/questions.go:365.2,370.12 3 147
github.com/greycoderk/lore/internal/workflow/questions.go:370.12,373.3 2 147
github.com/greycoderk/lore/internal/workflow/questions.go:375.2,375.9 1 147
github.com/greycoderk/lore/internal/workflow/questions.go:376.20,382.43 1 0
github.com/greycoderk/lore/internal/workflow/questions.go:382.43,384.4 1 0
github.com/greycoderk/lore/internal/workflow/questions.go:385.3,385.62 1 0
github.com/greycoderk/lore/internal/workflow/questions.go:386.17,387.19 1 147
github.com/greycoderk/lore/internal/workflow/questions.go:387.19,391.32 1 8
github.com/greycoderk/lore/internal/workflow/questions.go:391.32,393.5 1 8
github.com/greycoderk/lore/internal/workflow/questions.go:394.4,394.59 1 0
github.com/greycoderk/lore/internal/workflow/questions.go:396.3,396.40 1 139
github.com/greycoderk/lore/internal/workflow/reactive.go:33.120,35.2 1 2
github.com/greycoderk/lore/internal/workflow/reactive.go:38.179,40.19 2 5
github.com/greycoderk/lore/internal/workflow/reactive.go:40.19,42.3 1 1
github.com/greycoderk/lore/internal/workflow/reactive.go:43.2,43.79 1 5
github.com/greycoderk/lore/internal/workflow/reactive.go:46.175,49.16 2 14
github.com/greycoderk/lore/internal/workflow/reactive.go:49.16,51.3 1 1
github.com/greycoderk/lore/internal/workflow/reactive.go:54.2,54.30 1 13
github.com/greycoderk/lore/internal/workflow/reactive.go:54.30,56.3 1 13
github.com/greycoderk/lore/internal/workflow/reactive.go:59.2,59.78 1 13
github.com/greycoderk/lore/internal/workflow/reactive.go:59.78,62.3 2 2
github.com/greycoderk/lore/internal/workflow/reactive.go:66.2,66.29 1 13
github.com/greycoderk/lore/internal/workflow/reactive.go:66.29,68.52 2 8
github.com/greycoderk/lore/internal/workflow/reactive.go:68.52,68.68 1 16
github.com/greycoderk/lore/internal/workflow/reactive.go:70.2,74.16 3 13
github.com/greycoderk/lore/internal/workflow/reactive.go:74.16,77.23 1 1
github.com/greycoderk/lore/internal/workflow/reactive.go:77.23,81.4 3 1
github.com/greycoderk/lore/internal/workflow/reactive.go:82.3,82.59 1 1
github.com/greycoderk/lore/internal/workflow/reactive.go:85.2,85.145 1 12
github.com/greycoderk/lore/internal/workflow/reactive.go:91.116,93.33 2 17
github.com/greycoderk/lore/internal/workflow/reactive.go:93.33,95.3 1 14
github.com/greycoderk/lore/internal/workflow/reactive.go:98.2,99.16 2 3
github.com/greycoderk/lore/internal/workflow/reactive.go:99.16,101.3 1 2
github.com/greycoderk/lore/internal/workflow/reactive.go:103.2,104.19 2 1
github.com/greycoderk/lore/internal/workflow/reactive.go:104.19,108.3 1 1
github.com/greycoderk/lore/internal/workflow/reactive.go:109.2,109.25 1 1
github.com/greycoderk/lore/internal/workflow/reactive.go:113.96,115.23 2 4
github.com/greycoderk/lore/internal/workflow/reactive.go:115.23,117.3 1 1
github.com/greycoderk/lore/internal/workflow/reactive.go:118.2,128.3 2 4
github.com/greycoderk/lore/internal/workflow/reactive.go:133.266,134.26 1 21
github.com/greycoderk/lore/internal/workflow/reactive.go:135.14,136.30 1 1
github.com/greycoderk/lore/internal/workflow/reactive.go:136.30,138.4 1 1
github.com/greycoderk/lore/internal/workflow/reactive.go:139.3,140.34 2 1
github.com/greycoderk/lore/internal/workflow/reactive.go:140.34,142.4 1 1
github.com/greycoderk/lore/internal/workflow/reactive.go:143.3,144.13 2 1
github.com/greycoderk/lore/internal/workflow/reactive.go:145.15,148.54 3 9
github.com/greycoderk/lore/internal/workflow/reactive.go:148.54,150.4 1 0
github.com/greycoderk/lore/internal/workflow/reactive.go:151.3,155.36 2 9
github.com/greycoderk/lore/internal/workflow/reactive.go:155.36,157.4 1 8
github.com/greycoderk/lore/internal/workflow/reactive.go:158.3,158.13 1 9
github.com/greycoderk/lore/internal/workflow/reactive.go:159.15,161.17 2 2
github.com/greycoderk/lore/internal/workflow/reactive.go:161.17,163.4 1 2
github.com/greycoderk/lore/internal/workflow/reactive.go:164.3,164.13 1 2
github.com/greycoderk/lore/internal/workflow/reactive.go:165.19,166.30 1 1
github.com/greycoderk/lore/internal/workflow/reactive.go:166.30,168.4 1 1
github.com/greycoderk/lore/internal/workflow/reactive.go:169.3,170.13 2 1
github.com/greycoderk/lore/internal/workflow/reactive.go:171.22,172.23 1 3
github.com/greycoderk/lore/internal/workflow/reactive.go:172.23,175.4 2 1
github.com/greycoderk/lore/internal/workflow/reactive.go:176.3,180.67 5 2
github.com/greycoderk/lore/internal/workflow/reactive.go:180.67,184.4 3 1
github.com/greycoderk/lore/internal/workflow/reactive.go:186.3,186.37 1 1
github.com/greycoderk/lore/internal/workflow/reactive.go:188.44,188.44 0 4
github.com/greycoderk/lore/internal/workflow/reactive.go:190.10,192.130 1 1
github.com/greycoderk/lore/internal/workflow/reactive.go:196.2,196.48 1 6
github.com/greycoderk/lore/internal/workflow/reactive.go:196.48,203.3 6 0
github.com/greycoderk/lore/internal/workflow/reactive.go:206.2,207.16 2 6
github.com/greycoderk/lore/internal/workflow/reactive.go:207.16,209.3 1 0
github.com/greycoderk/lore/internal/workflow/reactive.go:211.2,214.12 3 6
github.com/greycoderk/lore/internal/workflow/reactive.go:218.120,219.35 1 32
github.com/greycoderk/lore/internal/workflow/reactive.go:219.35,221.3 1 21
github.com/greycoderk/lore/internal/workflow/reactive.go:222.2,235.29 2 11
github.com/greycoderk/lore/internal/workflow/reactive.go:239.65,240.19 1 14
github.com/greycoderk/lore/internal/workflow/reactive.go:240.19,242.3 1 2
github.com/greycoderk/lore/internal/workflow/reactive.go:243.2,243.36 1 12
github.com/greycoderk/lore/internal/workflow/reactive.go:250.198,256.24 4 9
github.com/greycoderk/lore/internal/workflow/reactive.go:256.24,258.3 1 8
github.com/greycoderk/lore/internal/workflow/reactive.go:259.2,260.20 2 9
github.com/greycoderk/lore/internal/workflow/reactive.go:260.20,262.23 1 1
github.com/greycoderk/lore/internal/workflow/reactive.go:262.23,266.4 3 1
github.com/greycoderk/lore/internal/workflow/reactive.go:267.3,267.83 1 1
github.com/greycoderk/lore/internal/workflow/reactive.go:270.2,270.79 1 8
github.com/greycoderk/lore/internal/workflow/reactive.go:281.173,287.25 3 2
github.com/greycoderk/lore/internal/workflow/reactive.go:287.25,290.75 3 2
github.com/greycoderk/lore/internal/workflow/reactive.go:290.75,292.4 1 1
github.com/greycoderk/lore/internal/workflow/reactive.go:296.2,301.20 4 1
github.com/greycoderk/lore/internal/workflow/reactive.go:301.20,304.28 3 1
github.com/greycoderk/lore/internal/workflow/reactive.go:304.28,305.30 1 1
github.com/greycoderk/lore/internal/workflow/reactive.go:305.30,308.10 3 1
github.com/greycoderk/lore/internal/workflow/reactive.go:313.2,313.35 1 1
github.com/greycoderk/lore/internal/workflow/reactive.go:313.35,318.21 4 1
github.com/greycoderk/lore/internal/workflow/reactive.go:318.21,320.4 1 0
github.com/greycoderk/lore/internal/workflow/reactive.go:321.3,321.17 1 1
github.com/greycoderk/lore/internal/workflow/reactive.go:322.36,323.14 1 0
github.com/greycoderk/lore/internal/workflow/reactive.go:324.22,326.25 2 0
github.com/greycoderk/lore/internal/workflow/reactive.go:329.8,329.35 1 0
github.com/greycoderk/lore/internal/workflow/reactive.go:329.35,331.3 1 0
github.com/greycoderk/lore/internal/workflow/reactive.go:331.8,331.27 1 0
github.com/greycoderk/lore/internal/workflow/reactive.go:331.27,333.25 2 0
github.com/greycoderk/lore/internal/workflow/reactive.go:333.25,335.4 1 0
github.com/greycoderk/lore/internal/workflow/reactive.go:336.3,336.91 1 0
github.com/greycoderk/lore/internal/workflow/reactive.go:340.2,341.28 2 1
github.com/greycoderk/lore/internal/workflow/reactive.go:341.28,343.3 1 1
github.com/greycoderk/lore/internal/workflow/reactive.go:346.2,347.24 2 1
github.com/greycoderk/lore/internal/workflow/reactive.go:347.24,350.107 2 1
github.com/greycoderk/lore/internal/workflow/reactive.go:350.107,351.45 1 1
github.com/greycoderk/lore/internal/workflow/reactive.go:351.45,353.5 1 0
github.com/greycoderk/lore/internal/workflow/reactive.go:357.2,358.16 2 1
github.com/greycoderk/lore/internal/workflow/reactive.go:358.16,360.3 1 0
github.com/greycoderk/lore/internal/workflow/reactive.go:362.2,363.28 2 1
github.com/greycoderk/lore/internal/workflow/reactive.go:363.28,365.3 1 1
github.com/greycoderk/lore/internal/workflow/reactive.go:366.2,368.12 2 1
github.com/greycoderk/lore/internal/workflow/reactive.go:372.64,375.6 3 7
github.com/greycoderk/lore/internal/workflow/reactive.go:375.6,377.12 2 12
github.com/greycoderk/lore/internal/workflow/reactive.go:377.12,378.20 1 12
github.com/greycoderk/lore/internal/workflow/reactive.go:378.20,379.10 1 7
github.com/greycoderk/lore/internal/workflow/reactive.go:381.4,381.27 1 5
github.com/greycoderk/lore/internal/workflow/reactive.go:383.3,383.17 1 5
github.com/greycoderk/lore/internal/workflow/reactive.go:383.17,385.4 1 0
github.com/greycoderk/lore/internal/workflow/reactive.go:387.2,387.61 1 7
github.com/greycoderk/lore/internal/workflow/reactive.go:391.40,395.29 4 6
github.com/greycoderk/lore/internal/workflow/reactive.go:395.29,396.40 1 38
github.com/greycoderk/lore/internal/workflow/reactive.go:396.40,398.12 2 3
github.com/greycoderk/lore/internal/workflow/reactive.go:400.3,400.46 1 35
github.com/greycoderk/lore/internal/workflow/reactive.go:400.46,401.9 1 2
github.com/greycoderk/lore/internal/workflow/reactive.go:403.3,403.12 1 33
github.com/greycoderk/lore/internal/workflow/reactive.go:403.12,405.4 1 10
github.com/greycoderk/lore/internal/workflow/reactive.go:407.2,407.56 1 6
github.com/greycoderk/lore/internal/workflow/reactive.go:412.56,414.16 2 7
github.com/greycoderk/lore/internal/workflow/reactive.go:414.16,416.3 1 0
github.com/greycoderk/lore/internal/workflow/reactive.go:417.2,418.16 2 7
github.com/greycoderk/lore/internal/workflow/reactive.go:418.16,420.3 1 1
github.com/greycoderk/lore/internal/workflow/reactive.go:421.2,421.40 1 6
github.com/greycoderk/lore/internal/workflow/reactive.go:425.49,428.49 3 4
github.com/greycoderk/lore/internal/workflow/reactive.go:428.49,429.44 1 19
github.com/greycoderk/lore/internal/workflow/reactive.go:429.44,431.16 2 5
github.com/greycoderk/lore/internal/workflow/reactive.go:431.16,434.5 2 4
github.com/greycoderk/lore/internal/workflow/reactive.go:437.2,437.14 1 4
github.com/greycoderk/lore/internal/workflow/reactive.go:442.55,444.29 2 6
github.com/greycoderk/lore/internal/workflow/reactive.go:444.29,445.70 1 16
github.com/greycoderk/lore/internal/workflow/reactive.go:445.70,447.4 1 3
github.com/greycoderk/lore/internal/workflow/reactive.go:447.9,447.77 1 13
github.com/greycoderk/lore/internal/workflow/reactive.go:447.77,449.4 1 2
github.com/greycoderk/lore/internal/workflow/reactive.go:451.2,451.8 1 6
github.com/greycoderk/lore/internal/workflow/reactive.go:458.133,463.25 2 8
github.com/greycoderk/lore/internal/workflow/reactive.go:463.25,465.3 1 0
github.com/greycoderk/lore/internal/workflow/reactive.go:467.2,468.19 2 8
github.com/greycoderk/lore/internal/workflow/reactive.go:468.19,470.3 1 8
github.com/greycoderk/lore/internal/workflow/reactive.go:472.2,473.22 2 8
github.com/greycoderk/lore/internal/workflow/reactive.go:473.22,475.3 1 0
github.com/greycoderk/lore/internal/workflow/reactive.go:477.2,484.46 1 8
github.com/greycoderk/lore/internal/workflow/reactive.go:484.46,500.22 15 8
github.com/greycoderk/lore/internal/workflow/reactive.go:500.22,503.6 2 8
github.com/greycoderk/lore/internal/workflow/reactive.go:510.51,511.18 1 18
github.com/greycoderk/lore/internal/workflow/reactive.go:512.14,513.19 1 5
github.com/greycoderk/lore/internal/workflow/reactive.go:514.13,515.18 1 2
github.com/greycoderk/lore/internal/workflow/reactive.go:516.18,517.20 1 2
github.com/greycoderk/lore/internal/workflow/reactive.go:518.47,519.16 1 7
github.com/greycoderk/lore/internal/workflow/reactive.go:520.10,521.12 1 2
github.com/greycoderk/lore/internal/workflow/resolve.go:16.36,17.11 1 12
github.com/greycoderk/lore/internal/workflow/resolve.go:19.69,20.14 1 7
github.com/greycoderk/lore/internal/workflow/resolve.go:22.2,22.14 1 5
github.com/greycoderk/lore/internal/workflow/resolve.go:41.156,53.27 8 3
github.com/greycoderk/lore/internal/workflow/resolve.go:53.27,55.23 2 3
github.com/greycoderk/lore/internal/workflow/resolve.go:55.23,57.4 1 0
github.com/greycoderk/lore/internal/workflow/resolve.go:58.3,58.13 1 3
github.com/greycoderk/lore/internal/workflow/resolve.go:58.13,60.21 2 2
github.com/greycoderk/lore/internal/workflow/resolve.go:60.21,62.5 1 2
github.com/greycoderk/lore/internal/workflow/resolve.go:63.9,63.30 1 1
github.com/greycoderk/lore/internal/workflow/resolve.go:63.30,65.4 1 1
github.com/greycoderk/lore/internal/workflow/resolve.go:69.2,78.21 2 3
github.com/greycoderk/lore/internal/workflow/resolve.go:78.21,80.3 1 0
github.com/greycoderk/lore/internal/workflow/resolve.go:81.2,81.21 1 3
github.com/greycoderk/lore/internal/workflow/resolve.go:81.21,83.3 1 0
github.com/greycoderk/lore/internal/workflow/resolve.go:84.2,84.20 1 3
github.com/greycoderk/lore/internal/workflow/resolve.go:84.20,86.3 1 0
github.com/greycoderk/lore/internal/workflow/resolve.go:87.2,87.29 1 3
github.com/greycoderk/lore/internal/workflow/resolve.go:87.29,89.3 1 0
github.com/greycoderk/lore/internal/workflow/resolve.go:90.2,90.23 1 3
github.com/greycoderk/lore/internal/workflow/resolve.go:90.23,92.3 1 0
github.com/greycoderk/lore/internal/workflow/resolve.go:95.2,96.67 2 3
github.com/greycoderk/lore/internal/workflow/resolve.go:96.67,98.36 1 1
github.com/greycoderk/lore/internal/workflow/resolve.go:98.36,100.4 1 0
github.com/greycoderk/lore/internal/workflow/resolve.go:101.3,101.22 1 1
github.com/greycoderk/lore/internal/workflow/resolve.go:102.8,112.17 5 2
github.com/greycoderk/lore/internal/workflow/resolve.go:112.17,114.4 1 0
github.com/greycoderk/lore/internal/workflow/resolve.go:118.2,119.16 2 3
github.com/greycoderk/lore/internal/workflow/resolve.go:119.16,121.3 1 0
github.com/greycoderk/lore/internal/workflow/resolve.go:124.2,124.75 1 3
github.com/greycoderk/lore/internal/workflow/resolve.go:124.75,126.3 1 0
github.com/greycoderk/lore/internal/workflow/resolve.go:128.2,129.23 2 3
github.com/greycoderk/lore/internal/workflow/resolve.go:129.23,131.3 1 0
github.com/greycoderk/lore/internal/workflow/resolve.go:132.2,134.12 2 3
github.com/greycoderk/lore/internal/workflow/tty.go:19.54,21.2 1 61
github.com/greycoderk/lore/internal/workflow/tty.go:24.53,25.31 1 36
github.com/greycoderk/lore/internal/workflow/tty.go:25.31,27.3 1 0
github.com/greycoderk/lore/internal/workflow/tty.go:28.2,28.33 1 36
github.com/greycoderk/lore/internal/workflow/type_select.go:30.79,32.9 2 1
github.com/greycoderk/lore/internal/workflow/type_select.go:32.9,34.3 1 1
github.com/greycoderk/lore/internal/workflow/type_select.go:35.2,36.26 2 0
github.com/greycoderk/lore/internal/workflow/type_select.go:36.26,38.3 1 0
github.com/greycoderk/lore/internal/workflow/type_select.go:41.2,42.40 2 0
github.com/greycoderk/lore/internal/workflow/type_select.go:42.40,43.25 1 0
github.com/greycoderk/lore/internal/workflow/type_select.go:43.25,45.9 2 0
github.com/greycoderk/lore/internal/workflow/type_select.go:50.2,51.16 2 0
github.com/greycoderk/lore/internal/workflow/type_select.go:51.16,53.3 1 0
github.com/greycoderk/lore/internal/workflow/type_select.go:54.2,54.15 1 0
github.com/greycoderk/lore/internal/workflow/type_select.go:54.15,54.49 1 0
github.com/greycoderk/lore/internal/workflow/type_select.go:56.2,58.6 2 0
github.com/greycoderk/lore/internal/workflow/type_select.go:58.6,61.27 3 0
github.com/greycoderk/lore/internal/workflow/type_select.go:61.27,64.4 2 0
github.com/greycoderk/lore/internal/workflow/type_select.go:66.3,66.10 1 0
github.com/greycoderk/lore/internal/workflow/type_select.go:67.49,71.41 3 0
github.com/greycoderk/lore/internal/workflow/type_select.go:73.45,76.27 3 0
github.com/greycoderk/lore/internal/workflow/type_select.go:78.43,79.16 1 0
github.com/greycoderk/lore/internal/workflow/type_select.go:80.13,81.19 1 0
github.com/greycoderk/lore/internal/workflow/type_select.go:81.19,83.6 1 0
github.com/greycoderk/lore/internal/workflow/type_select.go:84.13,85.42 1 0
github.com/greycoderk/lore/internal/workflow/type_select.go:85.42,87.6 1 0
github.com/greycoderk/lore/internal/workflow/type_select.go:90.30,91.18 1 0
github.com/greycoderk/lore/internal/workflow/type_select.go:91.18,93.5 1 0
github.com/greycoderk/lore/internal/workflow/type_select.go:94.30,95.41 1 0
github.com/greycoderk/lore/internal/workflow/type_select.go:95.41,97.5 1 0
github.com/greycoderk/lore/internal/workflow/type_select.go:100.3,101.36 2 0
github.com/greycoderk/lore/internal/workflow/type_select.go:107.64,108.40 1 1
github.com/greycoderk/lore/internal/workflow/type_select.go:108.40,109.18 1 7
github.com/greycoderk/lore/internal/workflow/type_select.go:109.18,111.4 1 1
github.com/greycoderk/lore/internal/workflow/type_select.go:111.9,113.4 1 6
github.com/greycoderk/lore/internal/workflow/type_select.go:118.56,119.25 1 1
github.com/greycoderk/lore/internal/workflow/type_select.go:119.25,121.3 1 3
github.com/greycoderk/lore/internal/workflow/type_select.go:125.44,127.28 2 79
github.com/greycoderk/lore/internal/workflow/type_select.go:127.28,129.3 1 57
github.com/greycoderk/lore/internal/workflow/type_select.go:130.2,130.17 1 22
github.com/greycoderk/lore/internal/workflow/workflow.go:16.163,18.2 1 1
github.com/greycoderk/lore/internal/workflow/workflow.go:28.211,30.2 1 2
github.com/greycoderk/lore/internal/workflow/workflow.go:33.187,35.19 2 4
github.com/greycoderk/lore/internal/workflow/workflow.go:35.19,37.3 1 1
github.com/greycoderk/lore/internal/workflow/workflow.go:38.2,38.79 1 4
