mode: set
github.com/greycoderk/lore/main.go:8.13,10.2 1 0
github.com/greycoderk/lore/internal/brand/brand.go:26.27,27.17 1 0
github.com/greycoderk/lore/internal/brand/brand.go:27.17,33.83 4 0
github.com/greycoderk/lore/internal/brand/brand.go:33.83,36.4 2 0
github.com/greycoderk/lore/internal/brand/brand.go:38.3,38.60 1 0
github.com/greycoderk/lore/internal/brand/brand.go:38.60,40.4 1 0
github.com/greycoderk/lore/internal/brand/brand.go:41.3,41.20 1 0
github.com/greycoderk/lore/internal/brand/brand.go:43.2,43.19 1 0
github.com/greycoderk/lore/internal/ai/anthropic.go:38.66,40.17 2 1
github.com/greycoderk/lore/internal/ai/anthropic.go:40.17,42.3 1 1
github.com/greycoderk/lore/internal/ai/anthropic.go:43.2,44.57 2 1
github.com/greycoderk/lore/internal/ai/anthropic.go:44.57,46.3 1 1
github.com/greycoderk/lore/internal/ai/anthropic.go:47.2,53.3 1 1
github.com/greycoderk/lore/internal/ai/anthropic.go:93.113,108.27 8 1
github.com/greycoderk/lore/internal/ai/anthropic.go:108.27,116.3 1 1
github.com/greycoderk/lore/internal/ai/anthropic.go:118.2,119.16 2 1
github.com/greycoderk/lore/internal/ai/anthropic.go:119.16,121.3 1 0
github.com/greycoderk/lore/internal/ai/anthropic.go:123.2,124.16 2 1
github.com/greycoderk/lore/internal/ai/anthropic.go:124.16,126.3 1 0
github.com/greycoderk/lore/internal/ai/anthropic.go:127.2,132.16 5 1
github.com/greycoderk/lore/internal/ai/anthropic.go:132.16,134.3 1 1
github.com/greycoderk/lore/internal/ai/anthropic.go:135.2,135.15 1 1
github.com/greycoderk/lore/internal/ai/anthropic.go:135.15,136.45 1 1
github.com/greycoderk/lore/internal/ai/anthropic.go:136.45,138.4 1 0
github.com/greycoderk/lore/internal/ai/anthropic.go:141.2,142.16 2 1
github.com/greycoderk/lore/internal/ai/anthropic.go:142.16,144.3 1 0
github.com/greycoderk/lore/internal/ai/anthropic.go:146.2,146.38 1 1
github.com/greycoderk/lore/internal/ai/anthropic.go:146.38,148.3 1 1
github.com/greycoderk/lore/internal/ai/anthropic.go:150.2,151.58 2 1
github.com/greycoderk/lore/internal/ai/anthropic.go:151.58,153.3 1 0
github.com/greycoderk/lore/internal/ai/anthropic.go:155.2,155.25 1 1
github.com/greycoderk/lore/internal/ai/anthropic.go:155.25,157.3 1 0
github.com/greycoderk/lore/internal/ai/anthropic.go:159.2,159.30 1 1
github.com/greycoderk/lore/internal/ai/anthropic.go:159.30,161.3 1 1
github.com/greycoderk/lore/internal/ai/anthropic.go:163.2,163.34 1 1
github.com/greycoderk/lore/internal/ai/anthropic.go:163.34,165.3 1 0
github.com/greycoderk/lore/internal/ai/anthropic.go:167.2,175.36 4 1
github.com/greycoderk/lore/internal/ai/anthropic.go:178.57,182.2 3 1
github.com/greycoderk/lore/internal/ai/ollama.go:33.60,35.17 2 1
github.com/greycoderk/lore/internal/ai/ollama.go:35.17,37.3 1 1
github.com/greycoderk/lore/internal/ai/ollama.go:38.2,39.20 2 1
github.com/greycoderk/lore/internal/ai/ollama.go:39.20,41.3 1 1
github.com/greycoderk/lore/internal/ai/ollama.go:42.2,47.3 1 1
github.com/greycoderk/lore/internal/ai/ollama.go:65.110,83.16 9 1
github.com/greycoderk/lore/internal/ai/ollama.go:83.16,85.3 1 0
github.com/greycoderk/lore/internal/ai/ollama.go:87.2,88.16 2 1
github.com/greycoderk/lore/internal/ai/ollama.go:88.16,90.3 1 0
github.com/greycoderk/lore/internal/ai/ollama.go:91.2,94.16 3 1
github.com/greycoderk/lore/internal/ai/ollama.go:94.16,96.3 1 1
github.com/greycoderk/lore/internal/ai/ollama.go:97.2,97.15 1 1
github.com/greycoderk/lore/internal/ai/ollama.go:97.15,98.45 1 1
github.com/greycoderk/lore/internal/ai/ollama.go:98.45,100.4 1 0
github.com/greycoderk/lore/internal/ai/ollama.go:103.2,104.16 2 1
github.com/greycoderk/lore/internal/ai/ollama.go:104.16,106.3 1 0
github.com/greycoderk/lore/internal/ai/ollama.go:108.2,108.38 1 1
github.com/greycoderk/lore/internal/ai/ollama.go:108.38,110.3 1 0
github.com/greycoderk/lore/internal/ai/ollama.go:112.2,113.58 2 1
github.com/greycoderk/lore/internal/ai/ollama.go:113.58,115.3 1 0
github.com/greycoderk/lore/internal/ai/ollama.go:117.2,117.27 1 1
github.com/greycoderk/lore/internal/ai/ollama.go:117.27,119.3 1 1
github.com/greycoderk/lore/internal/ai/ollama.go:121.2,129.29 4 1
github.com/greycoderk/lore/internal/ai/ollama.go:132.54,136.2 3 1
github.com/greycoderk/lore/internal/ai/openai.go:36.60,38.17 2 1
github.com/greycoderk/lore/internal/ai/openai.go:38.17,40.3 1 1
github.com/greycoderk/lore/internal/ai/openai.go:41.2,42.57 2 1
github.com/greycoderk/lore/internal/ai/openai.go:42.57,44.3 1 1
github.com/greycoderk/lore/internal/ai/openai.go:45.2,51.3 1 1
github.com/greycoderk/lore/internal/ai/openai.go:79.110,89.27 8 1
github.com/greycoderk/lore/internal/ai/openai.go:89.27,91.3 1 1
github.com/greycoderk/lore/internal/ai/openai.go:92.2,102.16 4 1
github.com/greycoderk/lore/internal/ai/openai.go:102.16,104.3 1 0
github.com/greycoderk/lore/internal/ai/openai.go:106.2,107.16 2 1
github.com/greycoderk/lore/internal/ai/openai.go:107.16,109.3 1 0
github.com/greycoderk/lore/internal/ai/openai.go:110.2,114.16 4 1
github.com/greycoderk/lore/internal/ai/openai.go:114.16,116.3 1 1
github.com/greycoderk/lore/internal/ai/openai.go:117.2,117.15 1 1
github.com/greycoderk/lore/internal/ai/openai.go:117.15,118.45 1 1
github.com/greycoderk/lore/internal/ai/openai.go:118.45,120.4 1 0
github.com/greycoderk/lore/internal/ai/openai.go:123.2,124.16 2 1
github.com/greycoderk/lore/internal/ai/openai.go:124.16,126.3 1 0
github.com/greycoderk/lore/internal/ai/openai.go:128.2,128.38 1 1
github.com/greycoderk/lore/internal/ai/openai.go:128.38,130.3 1 1
github.com/greycoderk/lore/internal/ai/openai.go:132.2,133.58 2 1
github.com/greycoderk/lore/internal/ai/openai.go:133.58,135.3 1 0
github.com/greycoderk/lore/internal/ai/openai.go:137.2,137.30 1 1
github.com/greycoderk/lore/internal/ai/openai.go:137.30,139.3 1 1
github.com/greycoderk/lore/internal/ai/openai.go:141.2,141.45 1 1
github.com/greycoderk/lore/internal/ai/openai.go:141.45,143.3 1 0
github.com/greycoderk/lore/internal/ai/openai.go:145.2,153.47 4 1
github.com/greycoderk/lore/internal/ai/openai.go:156.54,160.2 3 1
github.com/greycoderk/lore/internal/ai/options.go:22.46,28.2 1 1
github.com/greycoderk/lore/internal/ai/options.go:31.92,32.27 1 1
github.com/greycoderk/lore/internal/ai/options.go:32.27,34.3 1 1
github.com/greycoderk/lore/internal/ai/options.go:35.2,35.17 1 1
github.com/greycoderk/lore/internal/ai/options.go:39.51,40.11 1 1
github.com/greycoderk/lore/internal/ai/options.go:40.11,42.3 1 1
github.com/greycoderk/lore/internal/ai/options.go:43.2,43.25 1 1
github.com/greycoderk/lore/internal/ai/options.go:49.46,51.16 2 1
github.com/greycoderk/lore/internal/ai/options.go:51.16,53.3 1 1
github.com/greycoderk/lore/internal/ai/options.go:54.2,54.47 1 1
github.com/greycoderk/lore/internal/ai/options.go:54.47,56.3 1 1
github.com/greycoderk/lore/internal/ai/options.go:57.2,57.18 1 1
github.com/greycoderk/lore/internal/ai/options.go:57.18,59.3 1 1
github.com/greycoderk/lore/internal/ai/options.go:60.2,60.48 1 1
github.com/greycoderk/lore/internal/ai/options.go:60.48,62.3 1 0
github.com/greycoderk/lore/internal/ai/options.go:63.2,63.12 1 1
github.com/greycoderk/lore/internal/ai/options.go:67.36,70.2 2 1
github.com/greycoderk/lore/internal/ai/options.go:74.52,75.22 1 1
github.com/greycoderk/lore/internal/ai/options.go:75.22,77.3 1 1
github.com/greycoderk/lore/internal/ai/options.go:78.2,78.38 1 1
github.com/greycoderk/lore/internal/ai/options.go:83.36,92.69 1 1
github.com/greycoderk/lore/internal/ai/options.go:92.69,94.4 1 1
github.com/greycoderk/lore/internal/ai/provider.go:20.116,21.27 1 1
github.com/greycoderk/lore/internal/ai/provider.go:21.27,23.3 1 1
github.com/greycoderk/lore/internal/ai/provider.go:26.2,26.27 1 1
github.com/greycoderk/lore/internal/ai/provider.go:26.27,27.59 1 1
github.com/greycoderk/lore/internal/ai/provider.go:27.59,29.4 1 1
github.com/greycoderk/lore/internal/ai/provider.go:33.2,34.16 2 1
github.com/greycoderk/lore/internal/ai/provider.go:34.16,36.3 1 0
github.com/greycoderk/lore/internal/ai/provider.go:39.2,42.25 3 1
github.com/greycoderk/lore/internal/ai/provider.go:43.19,44.19 1 1
github.com/greycoderk/lore/internal/ai/provider.go:44.19,46.4 1 1
github.com/greycoderk/lore/internal/ai/provider.go:47.3,47.46 1 1
github.com/greycoderk/lore/internal/ai/provider.go:48.16,49.19 1 1
github.com/greycoderk/lore/internal/ai/provider.go:49.19,51.4 1 1
github.com/greycoderk/lore/internal/ai/provider.go:52.3,52.43 1 1
github.com/greycoderk/lore/internal/ai/provider.go:53.16,54.43 1 1
github.com/greycoderk/lore/internal/ai/provider.go:55.10,56.107 1 1
github.com/greycoderk/lore/internal/ai/provider.go:65.115,67.58 1 1
github.com/greycoderk/lore/internal/ai/provider.go:67.58,69.3 1 1
github.com/greycoderk/lore/internal/ai/provider.go:72.2,72.49 1 1
github.com/greycoderk/lore/internal/ai/provider.go:72.49,73.19 1 1
github.com/greycoderk/lore/internal/ai/provider.go:73.19,75.18 2 1
github.com/greycoderk/lore/internal/ai/provider.go:75.18,77.5 1 1
github.com/greycoderk/lore/internal/ai/provider.go:78.4,78.102 1 1
github.com/greycoderk/lore/internal/ai/provider.go:78.102,80.5 1 1
github.com/greycoderk/lore/internal/ai/provider.go:82.4,82.74 1 1
github.com/greycoderk/lore/internal/ai/provider.go:82.74,84.5 1 1
github.com/greycoderk/lore/internal/ai/provider.go:86.3,86.17 1 1
github.com/greycoderk/lore/internal/ai/provider.go:90.2,90.18 1 1
github.com/greycoderk/lore/internal/ai/provider.go:90.18,92.3 1 1
github.com/greycoderk/lore/internal/ai/provider.go:93.2,93.23 1 1
github.com/greycoderk/lore/internal/ai/scrub.go:11.38,13.2 1 1
github.com/greycoderk/lore/internal/cli/exitcodes.go:27.40,29.2 1 1
github.com/greycoderk/lore/internal/cli/exitcodes.go:32.34,34.24 2 1
github.com/greycoderk/lore/internal/cli/exitcodes.go:34.24,36.3 1 1
github.com/greycoderk/lore/internal/cli/exitcodes.go:37.2,37.11 1 1
github.com/greycoderk/lore/internal/credential/keychain_darwin.go:24.41,26.42 2 1
github.com/greycoderk/lore/internal/credential/keychain_darwin.go:26.42,28.3 1 1
github.com/greycoderk/lore/internal/credential/keychain_darwin.go:29.2,29.39 1 1
github.com/greycoderk/lore/internal/credential/keychain_darwin.go:32.59,34.2 1 1
github.com/greycoderk/lore/internal/credential/keychain_darwin.go:36.65,38.51 2 1
github.com/greycoderk/lore/internal/credential/keychain_darwin.go:38.51,40.3 1 1
github.com/greycoderk/lore/internal/credential/keychain_darwin.go:43.2,43.75 1 1
github.com/greycoderk/lore/internal/credential/keychain_darwin.go:43.75,45.3 1 0
github.com/greycoderk/lore/internal/credential/keychain_darwin.go:50.2,57.34 4 1
github.com/greycoderk/lore/internal/credential/keychain_darwin.go:57.34,59.3 1 0
github.com/greycoderk/lore/internal/credential/keychain_darwin.go:60.2,60.12 1 1
github.com/greycoderk/lore/internal/credential/keychain_darwin.go:63.60,64.51 1 1
github.com/greycoderk/lore/internal/credential/keychain_darwin.go:64.51,66.3 1 1
github.com/greycoderk/lore/internal/credential/keychain_darwin.go:67.2,76.34 5 1
github.com/greycoderk/lore/internal/credential/keychain_darwin.go:76.34,78.110 2 1
github.com/greycoderk/lore/internal/credential/keychain_darwin.go:78.110,80.4 1 1
github.com/greycoderk/lore/internal/credential/keychain_darwin.go:81.3,81.74 1 0
github.com/greycoderk/lore/internal/credential/keychain_darwin.go:84.2,85.19 2 1
github.com/greycoderk/lore/internal/credential/keychain_darwin.go:85.19,87.3 1 0
github.com/greycoderk/lore/internal/credential/keychain_darwin.go:88.2,88.17 1 1
github.com/greycoderk/lore/internal/credential/keychain_darwin.go:91.53,93.51 2 1
github.com/greycoderk/lore/internal/credential/keychain_darwin.go:93.51,95.3 1 1
github.com/greycoderk/lore/internal/credential/keychain_darwin.go:96.2,103.34 4 1
github.com/greycoderk/lore/internal/credential/keychain_darwin.go:103.34,105.110 2 1
github.com/greycoderk/lore/internal/credential/keychain_darwin.go:105.110,107.4 1 1
github.com/greycoderk/lore/internal/credential/keychain_darwin.go:108.3,108.72 1 0
github.com/greycoderk/lore/internal/credential/keychain_darwin.go:110.2,110.12 1 1
github.com/greycoderk/lore/internal/credential/keychain_darwin.go:113.48,114.18 1 1
github.com/greycoderk/lore/internal/credential/keychain_darwin.go:114.18,116.3 1 1
github.com/greycoderk/lore/internal/credential/keychain_darwin.go:118.2,120.35 2 1
github.com/greycoderk/lore/internal/credential/keychain_darwin.go:120.35,122.17 2 1
github.com/greycoderk/lore/internal/credential/keychain_darwin.go:122.17,124.4 1 1
github.com/greycoderk/lore/internal/credential/keychain_darwin.go:124.9,124.42 1 1
github.com/greycoderk/lore/internal/credential/keychain_darwin.go:124.42,126.4 1 0
github.com/greycoderk/lore/internal/credential/keychain_darwin.go:128.2,130.19 3 1
github.com/greycoderk/lore/internal/credential/store.go:22.37,23.35 1 1
github.com/greycoderk/lore/internal/credential/store.go:23.35,24.13 1 1
github.com/greycoderk/lore/internal/credential/store.go:24.13,26.4 1 1
github.com/greycoderk/lore/internal/credential/store.go:28.2,28.14 1 1
github.com/greycoderk/lore/internal/credential/store.go:33.42,34.43 1 1
github.com/greycoderk/lore/internal/credential/store.go:34.43,36.3 1 1
github.com/greycoderk/lore/internal/credential/store.go:37.2,37.12 1 1
github.com/greycoderk/lore/internal/credential/store.go:58.33,60.2 1 1
github.com/greycoderk/lore/internal/config/config.go:50.37,53.16 3 1
github.com/greycoderk/lore/internal/config/config.go:53.16,57.17 3 1
github.com/greycoderk/lore/internal/config/config.go:57.17,60.18 3 1
github.com/greycoderk/lore/internal/config/config.go:60.18,62.5 1 0
github.com/greycoderk/lore/internal/config/config.go:65.2,65.35 1 1
github.com/greycoderk/lore/internal/config/config.go:65.35,66.57 1 1
github.com/greycoderk/lore/internal/config/config.go:66.57,68.4 1 0
github.com/greycoderk/lore/internal/config/config.go:68.9,70.4 1 1
github.com/greycoderk/lore/internal/config/config.go:75.30,77.2 1 1
github.com/greycoderk/lore/internal/config/config.go:81.50,82.52 1 1
github.com/greycoderk/lore/internal/config/config.go:82.52,85.17 3 1
github.com/greycoderk/lore/internal/config/config.go:85.17,86.12 1 1
github.com/greycoderk/lore/internal/config/config.go:88.3,88.34 1 1
github.com/greycoderk/lore/internal/config/config.go:88.34,90.4 1 0
github.com/greycoderk/lore/internal/config/config.go:91.3,91.13 1 1
github.com/greycoderk/lore/internal/config/config.go:93.2,93.12 1 1
github.com/greycoderk/lore/internal/config/config.go:98.50,101.29 3 1
github.com/greycoderk/lore/internal/config/config.go:101.29,103.42 2 1
github.com/greycoderk/lore/internal/config/config.go:103.42,105.4 1 1
github.com/greycoderk/lore/internal/config/config.go:107.2,107.20 1 1
github.com/greycoderk/lore/internal/config/config.go:107.20,110.3 1 0
github.com/greycoderk/lore/internal/config/config.go:114.50,123.60 4 1
github.com/greycoderk/lore/internal/config/config.go:123.60,125.3 1 0
github.com/greycoderk/lore/internal/config/config.go:126.2,126.66 1 1
github.com/greycoderk/lore/internal/config/config.go:126.66,128.3 1 0
github.com/greycoderk/lore/internal/config/config.go:131.2,134.41 4 1
github.com/greycoderk/lore/internal/config/config.go:134.41,135.56 1 1
github.com/greycoderk/lore/internal/config/config.go:135.56,137.4 1 1
github.com/greycoderk/lore/internal/config/config.go:141.2,142.42 2 1
github.com/greycoderk/lore/internal/config/config.go:142.42,143.56 1 1
github.com/greycoderk/lore/internal/config/config.go:143.56,145.4 1 0
github.com/greycoderk/lore/internal/config/config.go:146.8,151.61 2 1
github.com/greycoderk/lore/internal/config/config.go:151.61,152.49 1 1
github.com/greycoderk/lore/internal/config/config.go:152.49,155.39 3 1
github.com/greycoderk/lore/internal/config/config.go:155.39,157.6 1 0
github.com/greycoderk/lore/internal/config/config.go:163.2,167.15 4 1
github.com/greycoderk/lore/internal/config/config.go:172.55,180.72 3 1
github.com/greycoderk/lore/internal/config/config.go:180.72,183.3 2 1
github.com/greycoderk/lore/internal/config/config.go:184.2,184.22 1 1
github.com/greycoderk/lore/internal/config/config.go:184.22,186.3 1 1
github.com/greycoderk/lore/internal/config/config.go:189.2,190.67 2 1
github.com/greycoderk/lore/internal/config/config.go:190.67,192.3 1 1
github.com/greycoderk/lore/internal/config/config.go:192.17,194.3 1 0
github.com/greycoderk/lore/internal/config/config.go:195.2,195.18 1 1
github.com/greycoderk/lore/internal/config/config.go:199.47,201.16 2 1
github.com/greycoderk/lore/internal/config/config.go:201.16,203.3 1 1
github.com/greycoderk/lore/internal/config/config.go:204.2,204.27 1 1
github.com/greycoderk/lore/internal/config/config.go:209.40,215.2 5 1
github.com/greycoderk/lore/internal/config/config.go:220.58,221.86 1 1
github.com/greycoderk/lore/internal/config/config.go:221.86,223.3 1 0
github.com/greycoderk/lore/internal/config/config.go:224.2,224.80 1 1
github.com/greycoderk/lore/internal/config/config.go:224.80,226.3 1 0
github.com/greycoderk/lore/internal/config/config.go:227.2,227.12 1 1
github.com/greycoderk/lore/internal/config/config.go:232.76,234.16 2 1
github.com/greycoderk/lore/internal/config/config.go:234.16,236.3 1 0
github.com/greycoderk/lore/internal/config/config.go:237.2,237.42 1 1
github.com/greycoderk/lore/internal/config/config.go:237.42,239.3 1 0
github.com/greycoderk/lore/internal/config/config.go:240.2,240.27 1 1
github.com/greycoderk/lore/internal/config/defaults.go:60.34,94.2 26 1
github.com/greycoderk/lore/internal/config/language.go:18.42,19.74 1 1
github.com/greycoderk/lore/internal/config/language.go:19.74,21.17 2 1
github.com/greycoderk/lore/internal/config/language.go:21.17,22.12 1 1
github.com/greycoderk/lore/internal/config/language.go:24.3,27.56 2 1
github.com/greycoderk/lore/internal/config/language.go:27.56,29.4 1 1
github.com/greycoderk/lore/internal/config/language.go:30.3,30.26 1 1
github.com/greycoderk/lore/internal/config/language.go:32.2,32.11 1 1
github.com/greycoderk/lore/internal/config/validate.go:26.34,28.2 1 1
github.com/greycoderk/lore/internal/config/validate.go:31.34,32.13 1 1
github.com/greycoderk/lore/internal/config/validate.go:32.13,34.3 1 1
github.com/greycoderk/lore/internal/config/validate.go:35.2,35.15 1 1
github.com/greycoderk/lore/internal/config/validate.go:45.70,47.36 2 1
github.com/greycoderk/lore/internal/config/validate.go:47.36,50.30 3 1
github.com/greycoderk/lore/internal/config/validate.go:50.30,51.12 1 0
github.com/greycoderk/lore/internal/config/validate.go:54.3,55.17 2 1
github.com/greycoderk/lore/internal/config/validate.go:55.17,56.12 1 0
github.com/greycoderk/lore/internal/config/validate.go:58.3,59.19 2 1
github.com/greycoderk/lore/internal/config/validate.go:59.19,61.4 1 1
github.com/greycoderk/lore/internal/config/validate.go:62.3,65.34 3 1
github.com/greycoderk/lore/internal/config/validate.go:65.34,66.48 1 1
github.com/greycoderk/lore/internal/config/validate.go:66.48,68.5 1 1
github.com/greycoderk/lore/internal/config/validate.go:71.2,71.15 1 1
github.com/greycoderk/lore/internal/config/validate.go:77.47,83.60 2 1
github.com/greycoderk/lore/internal/config/validate.go:83.60,85.3 1 1
github.com/greycoderk/lore/internal/config/validate.go:88.2,89.16 2 1
github.com/greycoderk/lore/internal/config/validate.go:89.16,93.3 3 1
github.com/greycoderk/lore/internal/config/validate.go:95.2,108.15 13 1
github.com/greycoderk/lore/internal/config/validate.go:112.62,115.52 2 1
github.com/greycoderk/lore/internal/config/validate.go:115.52,117.47 2 1
github.com/greycoderk/lore/internal/config/validate.go:117.47,119.9 2 1
github.com/greycoderk/lore/internal/config/validate.go:122.2,122.16 1 1
github.com/greycoderk/lore/internal/config/validate.go:122.16,124.3 1 1
github.com/greycoderk/lore/internal/config/validate.go:126.2,127.16 2 1
github.com/greycoderk/lore/internal/config/validate.go:127.16,130.3 2 0
github.com/greycoderk/lore/internal/config/validate.go:131.2,131.23 1 1
github.com/greycoderk/lore/internal/config/validate.go:131.23,134.3 2 0
github.com/greycoderk/lore/internal/config/validate.go:136.2,137.51 2 1
github.com/greycoderk/lore/internal/config/validate.go:137.51,140.3 2 1
github.com/greycoderk/lore/internal/config/validate.go:143.2,144.27 2 1
github.com/greycoderk/lore/internal/config/validate.go:144.27,145.24 1 1
github.com/greycoderk/lore/internal/config/validate.go:145.24,147.24 2 1
github.com/greycoderk/lore/internal/config/validate.go:147.24,150.5 1 1
github.com/greycoderk/lore/internal/config/validate.go:150.10,153.5 1 1
github.com/greycoderk/lore/internal/config/validate.go:159.67,161.22 2 1
github.com/greycoderk/lore/internal/config/validate.go:161.22,163.19 2 1
github.com/greycoderk/lore/internal/config/validate.go:163.19,165.4 1 1
github.com/greycoderk/lore/internal/config/validate.go:166.3,167.48 2 1
github.com/greycoderk/lore/internal/config/validate.go:167.48,169.4 1 1
github.com/greycoderk/lore/internal/config/validate.go:171.2,172.13 2 1
github.com/greycoderk/lore/internal/config/validate.go:177.42,180.33 3 1
github.com/greycoderk/lore/internal/config/validate.go:180.33,182.36 1 1
github.com/greycoderk/lore/internal/config/validate.go:182.36,183.12 1 1
github.com/greycoderk/lore/internal/config/validate.go:185.3,186.19 2 1
github.com/greycoderk/lore/internal/config/validate.go:186.19,189.4 2 1
github.com/greycoderk/lore/internal/config/validate.go:191.2,191.13 1 1
github.com/greycoderk/lore/internal/config/validate.go:195.35,197.13 2 1
github.com/greycoderk/lore/internal/config/validate.go:197.13,199.3 1 1
github.com/greycoderk/lore/internal/config/validate.go:200.2,200.13 1 1
github.com/greycoderk/lore/internal/config/validate.go:200.13,202.3 1 1
github.com/greycoderk/lore/internal/config/validate.go:205.2,206.22 2 1
github.com/greycoderk/lore/internal/config/validate.go:206.22,208.3 1 1
github.com/greycoderk/lore/internal/config/validate.go:210.2,210.27 1 1
github.com/greycoderk/lore/internal/config/validate.go:210.27,213.28 3 1
github.com/greycoderk/lore/internal/config/validate.go:213.28,215.24 2 1
github.com/greycoderk/lore/internal/config/validate.go:215.24,217.5 1 1
github.com/greycoderk/lore/internal/config/validate.go:218.4,218.62 1 1
github.com/greycoderk/lore/internal/config/validate.go:220.3,220.14 1 1
github.com/greycoderk/lore/internal/config/validate.go:222.2,222.17 1 1
github.com/greycoderk/lore/internal/domain/paths.go:23.38,25.2 1 1
github.com/greycoderk/lore/internal/domain/types.go:18.31,23.2 4 1
github.com/greycoderk/lore/internal/domain/types.go:99.34,101.2 1 1
github.com/greycoderk/lore/internal/domain/types.go:104.30,106.31 2 1
github.com/greycoderk/lore/internal/domain/types.go:106.31,108.3 1 1
github.com/greycoderk/lore/internal/domain/types.go:109.2,110.14 2 1
github.com/greycoderk/lore/internal/domain/types.go:271.40,271.70 1 1
github.com/greycoderk/lore/internal/domain/types.go:271.70,271.85 1 1
github.com/greycoderk/lore/internal/domain/types.go:272.40,272.70 1 1
github.com/greycoderk/lore/internal/domain/types.go:272.70,272.89 1 1
github.com/greycoderk/lore/internal/domain/types.go:273.40,273.70 1 1
github.com/greycoderk/lore/internal/domain/types.go:273.70,273.91 1 1
github.com/greycoderk/lore/internal/domain/types.go:274.42,274.72 1 1
github.com/greycoderk/lore/internal/domain/types.go:274.72,274.89 1 1
github.com/greycoderk/lore/internal/domain/types.go:275.40,275.70 1 1
github.com/greycoderk/lore/internal/domain/types.go:275.70,275.86 1 1
github.com/greycoderk/lore/internal/angela/coherence.go:15.92,16.22 1 1
github.com/greycoderk/lore/internal/angela/coherence.go:16.22,18.3 1 1
github.com/greycoderk/lore/internal/angela/coherence.go:20.2,23.31 2 1
github.com/greycoderk/lore/internal/angela/coherence.go:23.31,24.38 1 1
github.com/greycoderk/lore/internal/angela/coherence.go:24.38,25.12 1 0
github.com/greycoderk/lore/internal/angela/coherence.go:27.3,27.69 1 1
github.com/greycoderk/lore/internal/angela/coherence.go:27.69,33.4 1 1
github.com/greycoderk/lore/internal/angela/coherence.go:37.2,37.31 1 1
github.com/greycoderk/lore/internal/angela/coherence.go:37.31,38.38 1 1
github.com/greycoderk/lore/internal/angela/coherence.go:38.38,39.12 1 0
github.com/greycoderk/lore/internal/angela/coherence.go:41.3,41.53 1 1
github.com/greycoderk/lore/internal/angela/coherence.go:41.53,42.12 1 1
github.com/greycoderk/lore/internal/angela/coherence.go:44.3,44.69 1 1
github.com/greycoderk/lore/internal/angela/coherence.go:44.69,50.4 1 1
github.com/greycoderk/lore/internal/angela/coherence.go:54.2,54.22 1 1
github.com/greycoderk/lore/internal/angela/coherence.go:54.22,55.32 1 1
github.com/greycoderk/lore/internal/angela/coherence.go:55.32,56.39 1 1
github.com/greycoderk/lore/internal/angela/coherence.go:56.39,57.13 1 0
github.com/greycoderk/lore/internal/angela/coherence.go:59.4,59.33 1 1
github.com/greycoderk/lore/internal/angela/coherence.go:59.33,60.32 1 1
github.com/greycoderk/lore/internal/angela/coherence.go:60.32,66.6 1 1
github.com/greycoderk/lore/internal/angela/coherence.go:66.11,66.63 1 1
github.com/greycoderk/lore/internal/angela/coherence.go:66.63,72.6 1 1
github.com/greycoderk/lore/internal/angela/coherence.go:78.2,80.31 3 1
github.com/greycoderk/lore/internal/angela/coherence.go:80.31,81.38 1 1
github.com/greycoderk/lore/internal/angela/coherence.go:81.38,82.12 1 0
github.com/greycoderk/lore/internal/angela/coherence.go:84.3,85.57 2 1
github.com/greycoderk/lore/internal/angela/coherence.go:85.57,86.55 1 1
github.com/greycoderk/lore/internal/angela/coherence.go:86.55,92.5 1 1
github.com/greycoderk/lore/internal/angela/coherence.go:96.2,96.20 1 1
github.com/greycoderk/lore/internal/angela/coherence.go:99.39,100.25 1 1
github.com/greycoderk/lore/internal/angela/coherence.go:100.25,101.26 1 1
github.com/greycoderk/lore/internal/angela/coherence.go:101.26,102.20 1 1
github.com/greycoderk/lore/internal/angela/coherence.go:102.20,104.5 1 1
github.com/greycoderk/lore/internal/angela/coherence.go:107.2,107.14 1 1
github.com/greycoderk/lore/internal/angela/coherence.go:110.39,112.2 1 1
github.com/greycoderk/lore/internal/angela/coherence.go:114.63,116.28 2 1
github.com/greycoderk/lore/internal/angela/coherence.go:116.28,117.33 1 1
github.com/greycoderk/lore/internal/angela/coherence.go:117.33,119.4 1 1
github.com/greycoderk/lore/internal/angela/coherence.go:121.2,121.14 1 1
github.com/greycoderk/lore/internal/angela/corpus_signals.go:57.61,65.20 2 1
github.com/greycoderk/lore/internal/angela/corpus_signals.go:65.20,67.3 1 1
github.com/greycoderk/lore/internal/angela/corpus_signals.go:70.2,71.27 2 1
github.com/greycoderk/lore/internal/angela/corpus_signals.go:71.27,73.22 2 1
github.com/greycoderk/lore/internal/angela/corpus_signals.go:73.22,76.4 2 1
github.com/greycoderk/lore/internal/angela/corpus_signals.go:77.3,77.32 1 1
github.com/greycoderk/lore/internal/angela/corpus_signals.go:77.32,78.27 1 1
github.com/greycoderk/lore/internal/angela/corpus_signals.go:78.27,80.5 1 1
github.com/greycoderk/lore/internal/angela/corpus_signals.go:81.4,81.37 1 1
github.com/greycoderk/lore/internal/angela/corpus_signals.go:84.2,84.34 1 1
github.com/greycoderk/lore/internal/angela/corpus_signals.go:84.34,85.24 1 1
github.com/greycoderk/lore/internal/angela/corpus_signals.go:85.24,87.4 1 1
github.com/greycoderk/lore/internal/angela/corpus_signals.go:88.3,88.41 1 1
github.com/greycoderk/lore/internal/angela/corpus_signals.go:92.2,93.32 2 1
github.com/greycoderk/lore/internal/angela/corpus_signals.go:93.32,94.22 1 1
github.com/greycoderk/lore/internal/angela/corpus_signals.go:94.22,95.25 1 1
github.com/greycoderk/lore/internal/angela/corpus_signals.go:95.25,97.5 1 1
github.com/greycoderk/lore/internal/angela/corpus_signals.go:104.2,105.23 2 1
github.com/greycoderk/lore/internal/angela/corpus_signals.go:105.23,107.3 1 0
github.com/greycoderk/lore/internal/angela/corpus_signals.go:108.2,108.35 1 1
github.com/greycoderk/lore/internal/angela/corpus_signals.go:108.35,109.40 1 1
github.com/greycoderk/lore/internal/angela/corpus_signals.go:109.40,110.36 1 1
github.com/greycoderk/lore/internal/angela/corpus_signals.go:110.36,111.13 1 1
github.com/greycoderk/lore/internal/angela/corpus_signals.go:113.4,116.38 3 1
github.com/greycoderk/lore/internal/angela/corpus_signals.go:116.38,117.13 1 1
github.com/greycoderk/lore/internal/angela/corpus_signals.go:120.4,124.17 3 1
github.com/greycoderk/lore/internal/angela/corpus_signals.go:124.17,126.5 1 1
github.com/greycoderk/lore/internal/angela/corpus_signals.go:127.4,127.29 1 1
github.com/greycoderk/lore/internal/angela/corpus_signals.go:127.29,129.37 2 1
github.com/greycoderk/lore/internal/angela/corpus_signals.go:129.37,131.6 1 1
github.com/greycoderk/lore/internal/angela/corpus_signals.go:132.5,138.7 1 1
github.com/greycoderk/lore/internal/angela/corpus_signals.go:143.3,143.67 1 1
github.com/greycoderk/lore/internal/angela/corpus_signals.go:143.67,145.4 1 1
github.com/greycoderk/lore/internal/angela/corpus_signals.go:149.2,149.63 1 1
github.com/greycoderk/lore/internal/angela/corpus_signals.go:149.63,151.3 1 1
github.com/greycoderk/lore/internal/angela/corpus_signals.go:154.2,154.38 1 1
github.com/greycoderk/lore/internal/angela/corpus_signals.go:154.38,156.3 1 1
github.com/greycoderk/lore/internal/angela/corpus_signals.go:159.2,159.50 1 1
github.com/greycoderk/lore/internal/angela/corpus_signals.go:159.50,160.21 1 1
github.com/greycoderk/lore/internal/angela/corpus_signals.go:160.21,161.12 1 0
github.com/greycoderk/lore/internal/angela/corpus_signals.go:163.3,164.27 2 1
github.com/greycoderk/lore/internal/angela/corpus_signals.go:164.27,165.42 1 1
github.com/greycoderk/lore/internal/angela/corpus_signals.go:165.42,167.10 2 0
github.com/greycoderk/lore/internal/angela/corpus_signals.go:170.3,170.18 1 1
github.com/greycoderk/lore/internal/angela/corpus_signals.go:170.18,175.4 1 1
github.com/greycoderk/lore/internal/angela/corpus_signals.go:178.2,178.16 1 1
github.com/greycoderk/lore/internal/angela/corpus_signals.go:182.44,184.24 2 1
github.com/greycoderk/lore/internal/angela/corpus_signals.go:184.24,186.3 1 1
github.com/greycoderk/lore/internal/angela/corpus_signals.go:187.2,189.24 3 1
github.com/greycoderk/lore/internal/angela/corpus_signals.go:189.24,190.30 1 1
github.com/greycoderk/lore/internal/angela/corpus_signals.go:190.30,193.4 2 1
github.com/greycoderk/lore/internal/angela/corpus_signals.go:195.2,195.15 1 1
github.com/greycoderk/lore/internal/angela/corpus_signals.go:200.46,201.40 1 1
github.com/greycoderk/lore/internal/angela/corpus_signals.go:201.40,203.3 1 1
github.com/greycoderk/lore/internal/angela/corpus_signals.go:206.2,209.14 4 1
github.com/greycoderk/lore/internal/angela/corpus_signals.go:209.14,211.3 1 1
github.com/greycoderk/lore/internal/angela/corpus_signals.go:212.2,212.13 1 1
github.com/greycoderk/lore/internal/angela/corpus_signals.go:216.39,217.20 1 1
github.com/greycoderk/lore/internal/angela/corpus_signals.go:217.20,219.3 1 0
github.com/greycoderk/lore/internal/angela/corpus_signals.go:220.2,221.16 2 1
github.com/greycoderk/lore/internal/angela/corpus_signals.go:221.16,223.3 1 1
github.com/greycoderk/lore/internal/angela/corpus_signals.go:224.2,224.30 1 1
github.com/greycoderk/lore/internal/angela/diff.go:42.56,47.67 3 1
github.com/greycoderk/lore/internal/angela/diff.go:47.67,53.3 1 0
github.com/greycoderk/lore/internal/angela/diff.go:56.2,62.50 3 1
github.com/greycoderk/lore/internal/angela/diff.go:72.40,75.20 3 1
github.com/greycoderk/lore/internal/angela/diff.go:75.20,77.3 1 1
github.com/greycoderk/lore/internal/angela/diff.go:78.2,78.26 1 1
github.com/greycoderk/lore/internal/angela/diff.go:78.26,79.27 1 1
github.com/greycoderk/lore/internal/angela/diff.go:79.27,80.24 1 1
github.com/greycoderk/lore/internal/angela/diff.go:80.24,82.5 1 1
github.com/greycoderk/lore/internal/angela/diff.go:82.10,82.39 1 1
github.com/greycoderk/lore/internal/angela/diff.go:82.39,84.5 1 1
github.com/greycoderk/lore/internal/angela/diff.go:84.10,86.5 1 1
github.com/greycoderk/lore/internal/angela/diff.go:89.2,89.11 1 1
github.com/greycoderk/lore/internal/angela/diff.go:92.57,95.21 3 1
github.com/greycoderk/lore/internal/angela/diff.go:95.21,96.41 1 1
github.com/greycoderk/lore/internal/angela/diff.go:96.41,100.4 3 1
github.com/greycoderk/lore/internal/angela/diff.go:100.9,100.59 1 1
github.com/greycoderk/lore/internal/angela/diff.go:100.59,103.4 2 1
github.com/greycoderk/lore/internal/angela/diff.go:103.9,106.4 2 1
github.com/greycoderk/lore/internal/angela/diff.go:109.2,109.52 1 1
github.com/greycoderk/lore/internal/angela/diff.go:109.52,111.3 1 1
github.com/greycoderk/lore/internal/angela/diff.go:112.2,112.12 1 1
github.com/greycoderk/lore/internal/angela/diff.go:115.91,121.27 5 1
github.com/greycoderk/lore/internal/angela/diff.go:121.27,122.21 1 1
github.com/greycoderk/lore/internal/angela/diff.go:122.21,123.17 1 1
github.com/greycoderk/lore/internal/angela/diff.go:123.17,126.5 2 1
github.com/greycoderk/lore/internal/angela/diff.go:127.9,127.22 1 1
github.com/greycoderk/lore/internal/angela/diff.go:127.22,130.4 2 1
github.com/greycoderk/lore/internal/angela/diff.go:132.2,132.14 1 1
github.com/greycoderk/lore/internal/angela/diff.go:132.14,134.3 1 1
github.com/greycoderk/lore/internal/angela/diff.go:138.2,140.31 3 1
github.com/greycoderk/lore/internal/angela/diff.go:140.31,141.23 1 1
github.com/greycoderk/lore/internal/angela/diff.go:141.23,144.40 3 1
github.com/greycoderk/lore/internal/angela/diff.go:144.40,145.29 1 1
github.com/greycoderk/lore/internal/angela/diff.go:145.29,147.6 1 1
github.com/greycoderk/lore/internal/angela/diff.go:149.4,149.23 1 1
github.com/greycoderk/lore/internal/angela/diff.go:149.23,151.13 2 1
github.com/greycoderk/lore/internal/angela/diff.go:154.3,154.31 1 1
github.com/greycoderk/lore/internal/angela/diff.go:157.2,158.28 2 1
github.com/greycoderk/lore/internal/angela/diff.go:158.28,165.43 2 1
github.com/greycoderk/lore/internal/angela/diff.go:165.43,166.19 1 1
github.com/greycoderk/lore/internal/angela/diff.go:167.13,170.27 3 1
github.com/greycoderk/lore/internal/angela/diff.go:170.27,172.6 1 1
github.com/greycoderk/lore/internal/angela/diff.go:173.5,173.21 1 1
github.com/greycoderk/lore/internal/angela/diff.go:174.13,177.26 3 1
github.com/greycoderk/lore/internal/angela/diff.go:177.26,179.6 1 1
github.com/greycoderk/lore/internal/angela/diff.go:180.5,180.20 1 1
github.com/greycoderk/lore/internal/angela/diff.go:181.13,186.27 4 1
github.com/greycoderk/lore/internal/angela/diff.go:186.27,188.6 1 0
github.com/greycoderk/lore/internal/angela/diff.go:189.5,189.26 1 1
github.com/greycoderk/lore/internal/angela/diff.go:189.26,191.6 1 0
github.com/greycoderk/lore/internal/angela/diff.go:192.5,193.20 2 1
github.com/greycoderk/lore/internal/angela/diff.go:197.3,197.25 1 1
github.com/greycoderk/lore/internal/angela/diff.go:197.25,199.4 1 1
github.com/greycoderk/lore/internal/angela/diff.go:200.3,200.24 1 1
github.com/greycoderk/lore/internal/angela/diff.go:200.24,202.4 1 1
github.com/greycoderk/lore/internal/angela/diff.go:205.3,206.19 2 1
github.com/greycoderk/lore/internal/angela/diff.go:206.19,208.4 1 1
github.com/greycoderk/lore/internal/angela/diff.go:209.3,209.39 1 1
github.com/greycoderk/lore/internal/angela/diff.go:209.39,210.28 1 1
github.com/greycoderk/lore/internal/angela/diff.go:210.28,212.5 1 1
github.com/greycoderk/lore/internal/angela/diff.go:216.3,217.26 2 1
github.com/greycoderk/lore/internal/angela/diff.go:217.26,219.4 1 1
github.com/greycoderk/lore/internal/angela/diff.go:220.3,220.35 1 1
github.com/greycoderk/lore/internal/angela/diff.go:220.35,221.28 1 1
github.com/greycoderk/lore/internal/angela/diff.go:221.28,223.5 1 1
github.com/greycoderk/lore/internal/angela/diff.go:226.3,226.30 1 1
github.com/greycoderk/lore/internal/angela/diff.go:229.2,229.14 1 1
github.com/greycoderk/lore/internal/angela/diff.go:233.61,235.26 2 1
github.com/greycoderk/lore/internal/angela/diff.go:235.26,236.12 1 1
github.com/greycoderk/lore/internal/angela/diff.go:236.12,238.4 1 1
github.com/greycoderk/lore/internal/angela/diff.go:240.3,241.40 2 1
github.com/greycoderk/lore/internal/angela/diff.go:241.40,243.4 1 1
github.com/greycoderk/lore/internal/angela/diff.go:244.3,245.39 2 1
github.com/greycoderk/lore/internal/angela/diff.go:245.39,247.4 1 1
github.com/greycoderk/lore/internal/angela/diff.go:252.76,253.22 1 1
github.com/greycoderk/lore/internal/angela/diff.go:253.22,254.30 1 1
github.com/greycoderk/lore/internal/angela/diff.go:254.30,255.19 1 1
github.com/greycoderk/lore/internal/angela/diff.go:256.13,257.58 1 1
github.com/greycoderk/lore/internal/angela/diff.go:258.13,259.60 1 1
github.com/greycoderk/lore/internal/angela/diff.go:260.13,261.52 1 1
github.com/greycoderk/lore/internal/angela/diff.go:264.3,264.9 1 1
github.com/greycoderk/lore/internal/angela/diff.go:266.2,266.34 1 1
github.com/greycoderk/lore/internal/angela/diff.go:266.34,268.3 1 1
github.com/greycoderk/lore/internal/angela/diff.go:269.2,269.34 1 1
github.com/greycoderk/lore/internal/angela/diff.go:269.34,271.3 1 1
github.com/greycoderk/lore/internal/angela/diff.go:295.41,297.22 2 1
github.com/greycoderk/lore/internal/angela/diff.go:297.22,298.30 1 1
github.com/greycoderk/lore/internal/angela/diff.go:298.30,299.19 1 1
github.com/greycoderk/lore/internal/angela/diff.go:300.13,301.11 1 1
github.com/greycoderk/lore/internal/angela/diff.go:302.13,303.11 1 1
github.com/greycoderk/lore/internal/angela/diff.go:306.8,309.3 2 1
github.com/greycoderk/lore/internal/angela/diff.go:311.2,311.27 1 1
github.com/greycoderk/lore/internal/angela/diff.go:311.27,313.3 1 1
github.com/greycoderk/lore/internal/angela/diff.go:314.2,314.27 1 1
github.com/greycoderk/lore/internal/angela/diff.go:314.27,316.3 1 1
github.com/greycoderk/lore/internal/angela/diff.go:317.2,317.43 1 1
github.com/greycoderk/lore/internal/angela/diff.go:317.43,319.3 1 1
github.com/greycoderk/lore/internal/angela/diff.go:320.2,320.20 1 1
github.com/greycoderk/lore/internal/angela/diff.go:320.20,322.3 1 1
github.com/greycoderk/lore/internal/angela/diff.go:323.2,323.25 1 1
github.com/greycoderk/lore/internal/angela/diff.go:327.34,330.22 3 1
github.com/greycoderk/lore/internal/angela/diff.go:330.22,332.30 2 1
github.com/greycoderk/lore/internal/angela/diff.go:332.30,333.19 1 1
github.com/greycoderk/lore/internal/angela/diff.go:334.13,335.33 1 1
github.com/greycoderk/lore/internal/angela/diff.go:336.13,337.31 1 1
github.com/greycoderk/lore/internal/angela/diff.go:341.2,341.27 1 1
github.com/greycoderk/lore/internal/angela/diff.go:341.27,343.3 1 1
github.com/greycoderk/lore/internal/angela/diff.go:344.2,344.22 1 1
github.com/greycoderk/lore/internal/angela/diff.go:344.22,345.76 1 1
github.com/greycoderk/lore/internal/angela/diff.go:345.76,347.4 1 1
github.com/greycoderk/lore/internal/angela/diff.go:349.2,349.13 1 1
github.com/greycoderk/lore/internal/angela/diff.go:369.106,372.17 2 1
github.com/greycoderk/lore/internal/angela/diff.go:372.17,375.3 2 1
github.com/greycoderk/lore/internal/angela/diff.go:377.2,377.17 1 1
github.com/greycoderk/lore/internal/angela/diff.go:377.17,378.26 1 1
github.com/greycoderk/lore/internal/angela/diff.go:378.26,380.4 1 1
github.com/greycoderk/lore/internal/angela/diff.go:381.3,382.22 2 1
github.com/greycoderk/lore/internal/angela/diff.go:386.2,386.15 1 1
github.com/greycoderk/lore/internal/angela/diff.go:386.15,391.27 4 1
github.com/greycoderk/lore/internal/angela/diff.go:391.27,394.17 2 1
github.com/greycoderk/lore/internal/angela/diff.go:395.40,399.30 4 1
github.com/greycoderk/lore/internal/angela/diff.go:399.30,401.6 1 0
github.com/greycoderk/lore/internal/angela/diff.go:402.5,404.82 3 1
github.com/greycoderk/lore/internal/angela/diff.go:406.45,411.75 5 1
github.com/greycoderk/lore/internal/angela/diff.go:413.12,417.42 4 1
github.com/greycoderk/lore/internal/angela/diff.go:417.42,419.6 1 0
github.com/greycoderk/lore/internal/angela/diff.go:420.5,421.41 2 1
github.com/greycoderk/lore/internal/angela/diff.go:421.41,423.6 1 0
github.com/greycoderk/lore/internal/angela/diff.go:425.5,426.32 2 1
github.com/greycoderk/lore/internal/angela/diff.go:426.32,428.6 1 0
github.com/greycoderk/lore/internal/angela/diff.go:430.5,431.16 2 1
github.com/greycoderk/lore/internal/angela/diff.go:431.16,433.6 1 1
github.com/greycoderk/lore/internal/angela/diff.go:433.11,435.6 1 0
github.com/greycoderk/lore/internal/angela/diff.go:436.5,436.24 1 1
github.com/greycoderk/lore/internal/angela/diff.go:436.24,437.11 1 0
github.com/greycoderk/lore/internal/angela/diff.go:439.5,440.18 2 1
github.com/greycoderk/lore/internal/angela/diff.go:441.33,442.29 1 1
github.com/greycoderk/lore/internal/angela/diff.go:443.27,444.27 1 0
github.com/greycoderk/lore/internal/angela/diff.go:445.33,447.25 2 0
github.com/greycoderk/lore/internal/angela/diff.go:448.13,449.29 1 1
github.com/greycoderk/lore/internal/angela/diff.go:454.3,455.22 2 1
github.com/greycoderk/lore/internal/angela/diff.go:459.2,461.26 3 1
github.com/greycoderk/lore/internal/angela/diff.go:461.26,464.40 3 1
github.com/greycoderk/lore/internal/angela/diff.go:464.40,466.4 1 0
github.com/greycoderk/lore/internal/angela/diff.go:467.3,468.39 2 1
github.com/greycoderk/lore/internal/angela/diff.go:468.39,470.4 1 0
github.com/greycoderk/lore/internal/angela/diff.go:472.3,473.30 2 1
github.com/greycoderk/lore/internal/angela/diff.go:473.30,475.4 1 0
github.com/greycoderk/lore/internal/angela/diff.go:477.3,478.14 2 1
github.com/greycoderk/lore/internal/angela/diff.go:478.14,480.4 1 1
github.com/greycoderk/lore/internal/angela/diff.go:480.9,482.4 1 0
github.com/greycoderk/lore/internal/angela/diff.go:483.3,483.22 1 1
github.com/greycoderk/lore/internal/angela/diff.go:483.22,485.21 2 1
github.com/greycoderk/lore/internal/angela/diff.go:485.21,487.5 1 1
github.com/greycoderk/lore/internal/angela/diff.go:488.4,488.9 1 1
github.com/greycoderk/lore/internal/angela/diff.go:490.3,491.16 2 1
github.com/greycoderk/lore/internal/angela/diff.go:492.31,493.27 1 1
github.com/greycoderk/lore/internal/angela/diff.go:494.25,495.25 1 1
github.com/greycoderk/lore/internal/angela/diff.go:496.31,497.23 1 1
github.com/greycoderk/lore/internal/angela/diff.go:498.11,499.27 1 1
github.com/greycoderk/lore/internal/angela/diff.go:503.2,503.21 1 1
github.com/greycoderk/lore/internal/angela/diff.go:507.63,509.22 2 1
github.com/greycoderk/lore/internal/angela/diff.go:509.22,510.30 1 1
github.com/greycoderk/lore/internal/angela/diff.go:510.30,511.19 1 1
github.com/greycoderk/lore/internal/angela/diff.go:512.13,513.33 1 1
github.com/greycoderk/lore/internal/angela/diff.go:514.13,515.33 1 0
github.com/greycoderk/lore/internal/angela/diff.go:518.8,521.3 2 1
github.com/greycoderk/lore/internal/angela/diff.go:524.2,525.44 2 1
github.com/greycoderk/lore/internal/angela/diff.go:525.44,527.3 1 1
github.com/greycoderk/lore/internal/angela/diff.go:528.2,528.75 1 1
github.com/greycoderk/lore/internal/angela/diff.go:528.75,530.3 1 1
github.com/greycoderk/lore/internal/angela/diff.go:532.2,532.15 1 1
github.com/greycoderk/lore/internal/angela/diff.go:533.24,534.21 1 1
github.com/greycoderk/lore/internal/angela/diff.go:534.21,536.22 2 1
github.com/greycoderk/lore/internal/angela/diff.go:536.22,538.5 1 1
github.com/greycoderk/lore/internal/angela/diff.go:539.4,539.39 1 1
github.com/greycoderk/lore/internal/angela/diff.go:541.3,541.45 1 1
github.com/greycoderk/lore/internal/angela/diff.go:542.43,545.26 2 1
github.com/greycoderk/lore/internal/angela/diff.go:545.26,546.105 1 1
github.com/greycoderk/lore/internal/angela/diff.go:546.105,548.5 1 1
github.com/greycoderk/lore/internal/angela/diff.go:550.3,550.24 1 1
github.com/greycoderk/lore/internal/angela/diff.go:550.24,552.4 1 1
github.com/greycoderk/lore/internal/angela/diff.go:553.3,553.45 1 1
github.com/greycoderk/lore/internal/angela/diff.go:554.20,555.26 1 1
github.com/greycoderk/lore/internal/angela/diff.go:556.10,557.56 1 0
github.com/greycoderk/lore/internal/angela/diff.go:562.64,564.2 1 1
github.com/greycoderk/lore/internal/angela/diff.go:569.80,573.39 2 1
github.com/greycoderk/lore/internal/angela/diff.go:573.39,574.31 1 1
github.com/greycoderk/lore/internal/angela/diff.go:574.31,575.12 1 1
github.com/greycoderk/lore/internal/angela/diff.go:577.3,581.14 3 1
github.com/greycoderk/lore/internal/angela/diff.go:581.14,582.12 1 0
github.com/greycoderk/lore/internal/angela/diff.go:585.3,586.21 2 1
github.com/greycoderk/lore/internal/angela/diff.go:587.19,588.28 1 1
github.com/greycoderk/lore/internal/angela/diff.go:589.17,594.24 2 0
github.com/greycoderk/lore/internal/angela/diff.go:594.24,595.32 1 0
github.com/greycoderk/lore/internal/angela/diff.go:595.32,596.24 1 0
github.com/greycoderk/lore/internal/angela/diff.go:596.24,598.7 1 0
github.com/greycoderk/lore/internal/angela/diff.go:600.10,602.5 1 0
github.com/greycoderk/lore/internal/angela/diff.go:605.3,609.19 5 1
github.com/greycoderk/lore/internal/angela/diff.go:612.2,612.34 1 1
github.com/greycoderk/lore/internal/angela/diff.go:617.39,625.22 5 1
github.com/greycoderk/lore/internal/angela/diff.go:625.22,626.30 1 1
github.com/greycoderk/lore/internal/angela/diff.go:626.30,627.19 1 1
github.com/greycoderk/lore/internal/angela/diff.go:628.13,630.80 2 1
github.com/greycoderk/lore/internal/angela/diff.go:630.80,632.6 1 1
github.com/greycoderk/lore/internal/angela/diff.go:633.13,634.15 1 1
github.com/greycoderk/lore/internal/angela/diff.go:637.8,640.35 3 1
github.com/greycoderk/lore/internal/angela/diff.go:640.35,641.73 1 1
github.com/greycoderk/lore/internal/angela/diff.go:641.73,643.5 1 1
github.com/greycoderk/lore/internal/angela/diff.go:648.2,649.18 2 1
github.com/greycoderk/lore/internal/angela/diff.go:649.18,651.3 1 1
github.com/greycoderk/lore/internal/angela/diff.go:654.2,654.30 1 1
github.com/greycoderk/lore/internal/angela/diff.go:654.30,656.32 2 1
github.com/greycoderk/lore/internal/angela/diff.go:656.32,658.4 1 1
github.com/greycoderk/lore/internal/angela/diff.go:658.9,660.4 1 1
github.com/greycoderk/lore/internal/angela/diff.go:664.2,667.22 4 1
github.com/greycoderk/lore/internal/angela/diff.go:667.22,669.30 2 1
github.com/greycoderk/lore/internal/angela/diff.go:669.30,670.22 1 1
github.com/greycoderk/lore/internal/angela/diff.go:670.22,672.5 1 1
github.com/greycoderk/lore/internal/angela/diff.go:675.2,675.31 1 1
github.com/greycoderk/lore/internal/angela/diff.go:675.31,677.40 2 1
github.com/greycoderk/lore/internal/angela/diff.go:677.40,678.19 1 1
github.com/greycoderk/lore/internal/angela/diff.go:678.19,680.5 1 1
github.com/greycoderk/lore/internal/angela/diff.go:681.4,681.30 1 1
github.com/greycoderk/lore/internal/angela/diff.go:684.2,684.27 1 1
github.com/greycoderk/lore/internal/angela/diff.go:684.27,686.3 1 1
github.com/greycoderk/lore/internal/angela/diff.go:689.2,690.31 2 1
github.com/greycoderk/lore/internal/angela/diff.go:690.31,691.85 1 1
github.com/greycoderk/lore/internal/angela/diff.go:691.85,693.4 1 1
github.com/greycoderk/lore/internal/angela/diff.go:695.2,695.26 1 1
github.com/greycoderk/lore/internal/angela/diff.go:695.26,697.3 1 1
github.com/greycoderk/lore/internal/angela/diff.go:699.2,699.17 1 1
github.com/greycoderk/lore/internal/angela/diff.go:704.63,705.24 1 1
github.com/greycoderk/lore/internal/angela/diff.go:705.24,707.38 1 1
github.com/greycoderk/lore/internal/angela/diff.go:707.38,709.4 1 1
github.com/greycoderk/lore/internal/angela/diff.go:710.3,710.20 1 0
github.com/greycoderk/lore/internal/angela/diff.go:714.2,714.51 1 1
github.com/greycoderk/lore/internal/angela/diff.go:714.51,715.59 1 1
github.com/greycoderk/lore/internal/angela/diff.go:715.59,717.4 1 1
github.com/greycoderk/lore/internal/angela/diff.go:721.2,721.49 1 1
github.com/greycoderk/lore/internal/angela/diff.go:721.49,722.53 1 1
github.com/greycoderk/lore/internal/angela/diff.go:722.53,724.4 1 1
github.com/greycoderk/lore/internal/angela/diff.go:726.2,726.11 1 0
github.com/greycoderk/lore/internal/angela/diff.go:729.37,730.22 1 1
github.com/greycoderk/lore/internal/angela/diff.go:730.22,732.3 1 1
github.com/greycoderk/lore/internal/angela/diff.go:733.2,733.19 1 1
github.com/greycoderk/lore/internal/angela/diff.go:733.19,734.19 1 1
github.com/greycoderk/lore/internal/angela/diff.go:734.19,736.4 1 1
github.com/greycoderk/lore/internal/angela/diff.go:738.2,738.13 1 1
github.com/greycoderk/lore/internal/angela/diff.go:741.36,742.13 1 1
github.com/greycoderk/lore/internal/angela/diff.go:742.13,744.3 1 1
github.com/greycoderk/lore/internal/angela/diff.go:745.2,745.31 1 1
github.com/greycoderk/lore/internal/angela/draft.go:23.136,39.23 6 1
github.com/greycoderk/lore/internal/angela/draft.go:39.23,41.3 1 1
github.com/greycoderk/lore/internal/angela/draft.go:43.2,43.20 1 1
github.com/greycoderk/lore/internal/angela/draft.go:47.42,48.38 1 1
github.com/greycoderk/lore/internal/angela/draft.go:48.38,50.3 1 1
github.com/greycoderk/lore/internal/angela/draft.go:51.2,52.13 2 1
github.com/greycoderk/lore/internal/angela/draft.go:52.13,54.3 1 1
github.com/greycoderk/lore/internal/angela/draft.go:55.2,55.22 1 1
github.com/greycoderk/lore/internal/angela/draft.go:59.66,64.18 4 1
github.com/greycoderk/lore/internal/angela/draft.go:64.18,67.3 2 1
github.com/greycoderk/lore/internal/angela/draft.go:69.2,74.14 5 1
github.com/greycoderk/lore/internal/angela/draft.go:74.14,80.3 1 1
github.com/greycoderk/lore/internal/angela/draft.go:82.2,82.27 1 1
github.com/greycoderk/lore/internal/angela/draft.go:82.27,88.3 1 1
github.com/greycoderk/lore/internal/angela/draft.go:90.2,90.45 1 1
github.com/greycoderk/lore/internal/angela/draft.go:90.45,96.3 1 1
github.com/greycoderk/lore/internal/angela/draft.go:96.8,96.53 1 1
github.com/greycoderk/lore/internal/angela/draft.go:96.53,102.3 1 1
github.com/greycoderk/lore/internal/angela/draft.go:104.2,104.16 1 1
github.com/greycoderk/lore/internal/angela/draft.go:104.16,110.3 1 1
github.com/greycoderk/lore/internal/angela/draft.go:113.2,114.20 2 1
github.com/greycoderk/lore/internal/angela/draft.go:114.20,120.3 1 1
github.com/greycoderk/lore/internal/angela/draft.go:123.2,123.80 1 1
github.com/greycoderk/lore/internal/angela/draft.go:123.80,129.3 1 1
github.com/greycoderk/lore/internal/angela/draft.go:131.2,131.20 1 1
github.com/greycoderk/lore/internal/angela/draft.go:135.152,139.18 3 1
github.com/greycoderk/lore/internal/angela/draft.go:139.18,141.3 1 1
github.com/greycoderk/lore/internal/angela/draft.go:144.2,144.43 1 1
github.com/greycoderk/lore/internal/angela/draft.go:144.43,150.3 1 0
github.com/greycoderk/lore/internal/angela/draft.go:153.2,153.53 1 1
github.com/greycoderk/lore/internal/angela/draft.go:153.53,159.3 1 1
github.com/greycoderk/lore/internal/angela/draft.go:162.2,162.47 1 1
github.com/greycoderk/lore/internal/angela/draft.go:162.47,168.3 1 0
github.com/greycoderk/lore/internal/angela/draft.go:171.2,172.84 2 1
github.com/greycoderk/lore/internal/angela/draft.go:172.84,178.3 1 1
github.com/greycoderk/lore/internal/angela/draft.go:180.2,180.20 1 1
github.com/greycoderk/lore/internal/angela/draft.go:184.43,186.29 2 1
github.com/greycoderk/lore/internal/angela/draft.go:186.29,187.40 1 1
github.com/greycoderk/lore/internal/angela/draft.go:187.40,189.4 1 1
github.com/greycoderk/lore/internal/angela/draft.go:191.2,191.14 1 1
github.com/greycoderk/lore/internal/angela/langdetect.go:202.41,204.19 2 1
github.com/greycoderk/lore/internal/angela/langdetect.go:204.19,206.3 1 1
github.com/greycoderk/lore/internal/angela/langdetect.go:208.2,208.33 1 1
github.com/greycoderk/lore/internal/angela/langdetect.go:208.33,210.40 1 1
github.com/greycoderk/lore/internal/angela/langdetect.go:210.40,211.28 1 1
github.com/greycoderk/lore/internal/angela/langdetect.go:211.28,212.88 1 1
github.com/greycoderk/lore/internal/angela/langdetect.go:212.88,214.6 1 1
github.com/greycoderk/lore/internal/angela/langdetect.go:215.10,216.43 1 1
github.com/greycoderk/lore/internal/angela/langdetect.go:216.43,218.6 1 1
github.com/greycoderk/lore/internal/angela/langdetect.go:224.2,224.33 1 1
github.com/greycoderk/lore/internal/angela/langdetect.go:224.33,225.40 1 1
github.com/greycoderk/lore/internal/angela/langdetect.go:225.40,226.41 1 1
github.com/greycoderk/lore/internal/angela/langdetect.go:226.41,228.5 1 1
github.com/greycoderk/lore/internal/angela/langdetect.go:232.2,232.11 1 1
github.com/greycoderk/lore/internal/angela/langdetect.go:237.53,241.29 3 1
github.com/greycoderk/lore/internal/angela/langdetect.go:241.29,242.36 1 1
github.com/greycoderk/lore/internal/angela/langdetect.go:242.36,243.12 1 1
github.com/greycoderk/lore/internal/angela/langdetect.go:245.3,246.17 2 1
github.com/greycoderk/lore/internal/angela/langdetect.go:246.17,248.4 1 1
github.com/greycoderk/lore/internal/angela/langdetect.go:249.3,250.19 2 1
github.com/greycoderk/lore/internal/angela/langdetect.go:250.19,251.9 1 1
github.com/greycoderk/lore/internal/angela/langdetect.go:255.2,255.21 1 1
github.com/greycoderk/lore/internal/angela/langdetect.go:255.21,257.3 1 1
github.com/greycoderk/lore/internal/angela/langdetect.go:260.2,262.33 3 1
github.com/greycoderk/lore/internal/angela/langdetect.go:262.33,263.24 1 1
github.com/greycoderk/lore/internal/angela/langdetect.go:263.24,266.4 2 1
github.com/greycoderk/lore/internal/angela/langdetect.go:268.2,268.13 1 1
github.com/greycoderk/lore/internal/angela/multipass.go:24.42,31.29 6 1
github.com/greycoderk/lore/internal/angela/multipass.go:31.29,35.40 2 1
github.com/greycoderk/lore/internal/angela/multipass.go:35.40,37.4 1 1
github.com/greycoderk/lore/internal/angela/multipass.go:39.3,40.65 2 1
github.com/greycoderk/lore/internal/angela/multipass.go:40.65,47.4 4 1
github.com/greycoderk/lore/internal/angela/multipass.go:47.9,49.4 1 1
github.com/greycoderk/lore/internal/angela/multipass.go:52.2,55.17 3 1
github.com/greycoderk/lore/internal/angela/multipass.go:59.47,61.29 2 1
github.com/greycoderk/lore/internal/angela/multipass.go:61.29,62.22 1 1
github.com/greycoderk/lore/internal/angela/multipass.go:62.22,64.4 1 1
github.com/greycoderk/lore/internal/angela/multipass.go:65.3,65.32 1 1
github.com/greycoderk/lore/internal/angela/multipass.go:67.2,67.34 1 1
github.com/greycoderk/lore/internal/angela/multipass.go:71.57,73.29 2 1
github.com/greycoderk/lore/internal/angela/multipass.go:73.29,74.22 1 1
github.com/greycoderk/lore/internal/angela/multipass.go:74.22,76.12 2 1
github.com/greycoderk/lore/internal/angela/multipass.go:79.3,79.52 1 1
github.com/greycoderk/lore/internal/angela/multipass.go:79.52,81.131 2 1
github.com/greycoderk/lore/internal/angela/multipass.go:81.131,82.27 1 1
github.com/greycoderk/lore/internal/angela/multipass.go:82.27,84.6 1 1
github.com/greycoderk/lore/internal/angela/multipass.go:85.5,86.10 2 1
github.com/greycoderk/lore/internal/angela/multipass.go:89.3,89.25 1 1
github.com/greycoderk/lore/internal/angela/multipass.go:89.25,91.4 1 1
github.com/greycoderk/lore/internal/angela/multipass.go:93.2,93.18 1 1
github.com/greycoderk/lore/internal/angela/multipass.go:97.45,101.2 3 1
github.com/greycoderk/lore/internal/angela/multipass.go:110.109,115.24 2 0
github.com/greycoderk/lore/internal/angela/multipass.go:115.24,118.3 1 0
github.com/greycoderk/lore/internal/angela/multipass.go:120.2,126.37 5 0
github.com/greycoderk/lore/internal/angela/multipass.go:126.37,128.23 1 0
github.com/greycoderk/lore/internal/angela/multipass.go:128.23,130.39 1 0
github.com/greycoderk/lore/internal/angela/multipass.go:130.39,132.5 1 0
github.com/greycoderk/lore/internal/angela/multipass.go:133.4,133.9 1 0
github.com/greycoderk/lore/internal/angela/multipass.go:135.3,139.33 3 0
github.com/greycoderk/lore/internal/angela/multipass.go:139.33,140.24 1 0
github.com/greycoderk/lore/internal/angela/multipass.go:140.24,141.13 1 0
github.com/greycoderk/lore/internal/angela/multipass.go:143.4,143.65 1 0
github.com/greycoderk/lore/internal/angela/multipass.go:147.3,153.23 5 0
github.com/greycoderk/lore/internal/angela/multipass.go:153.23,155.4 1 0
github.com/greycoderk/lore/internal/angela/multipass.go:157.3,162.17 3 0
github.com/greycoderk/lore/internal/angela/multipass.go:162.17,165.23 2 0
github.com/greycoderk/lore/internal/angela/multipass.go:165.23,167.5 1 0
github.com/greycoderk/lore/internal/angela/multipass.go:168.4,168.12 1 0
github.com/greycoderk/lore/internal/angela/multipass.go:171.3,176.90 4 0
github.com/greycoderk/lore/internal/angela/multipass.go:176.90,182.4 1 0
github.com/greycoderk/lore/internal/angela/multipass.go:182.9,188.4 1 0
github.com/greycoderk/lore/internal/angela/multipass.go:190.3,191.14 2 0
github.com/greycoderk/lore/internal/angela/multipass.go:191.14,194.26 2 0
github.com/greycoderk/lore/internal/angela/multipass.go:194.26,196.5 1 0
github.com/greycoderk/lore/internal/angela/multipass.go:197.4,197.31 1 0
github.com/greycoderk/lore/internal/angela/multipass.go:200.3,200.22 1 0
github.com/greycoderk/lore/internal/angela/multipass.go:200.22,202.4 1 0
github.com/greycoderk/lore/internal/angela/multipass.go:205.2,205.37 1 0
github.com/greycoderk/lore/internal/angela/multipass.go:209.110,212.20 2 1
github.com/greycoderk/lore/internal/angela/multipass.go:212.20,215.3 2 1
github.com/greycoderk/lore/internal/angela/multipass.go:217.2,217.31 1 1
github.com/greycoderk/lore/internal/angela/multipass.go:217.31,219.38 2 1
github.com/greycoderk/lore/internal/angela/multipass.go:219.38,221.4 1 1
github.com/greycoderk/lore/internal/angela/multipass.go:222.3,222.23 1 1
github.com/greycoderk/lore/internal/angela/multipass.go:225.2,225.21 1 1
github.com/greycoderk/lore/internal/angela/multipass.go:225.21,230.3 4 1
github.com/greycoderk/lore/internal/angela/multipass.go:232.2,238.20 6 1
github.com/greycoderk/lore/internal/angela/persona.go:55.70,57.19 2 1
github.com/greycoderk/lore/internal/angela/persona.go:57.19,59.7 1 0
github.com/greycoderk/lore/internal/angela/persona.go:60.6,62.52 3 1
github.com/greycoderk/lore/internal/angela/persona.go:62.52,64.79 2 1
github.com/greycoderk/lore/internal/angela/persona.go:64.79,66.8 1 1
github.com/greycoderk/lore/internal/angela/persona.go:67.7,67.47 1 1
github.com/greycoderk/lore/internal/angela/persona.go:69.6,69.36 1 1
github.com/greycoderk/lore/internal/angela/persona.go:69.36,75.7 1 1
github.com/greycoderk/lore/internal/angela/persona.go:76.6,76.16 1 0
github.com/greycoderk/lore/internal/angela/persona.go:102.70,103.60 1 0
github.com/greycoderk/lore/internal/angela/persona.go:103.60,105.26 2 0
github.com/greycoderk/lore/internal/angela/persona.go:105.26,106.16 1 0
github.com/greycoderk/lore/internal/angela/persona.go:108.7,109.31 2 0
github.com/greycoderk/lore/internal/angela/persona.go:109.31,111.139 2 0
github.com/greycoderk/lore/internal/angela/persona.go:111.139,113.14 2 0
github.com/greycoderk/lore/internal/angela/persona.go:116.7,116.18 1 0
github.com/greycoderk/lore/internal/angela/persona.go:116.18,122.8 1 0
github.com/greycoderk/lore/internal/angela/persona.go:124.6,124.16 1 0
github.com/greycoderk/lore/internal/angela/persona.go:150.70,161.26 3 0
github.com/greycoderk/lore/internal/angela/persona.go:161.26,167.7 1 0
github.com/greycoderk/lore/internal/angela/persona.go:168.6,168.16 1 0
github.com/greycoderk/lore/internal/angela/persona.go:193.70,208.34 4 0
github.com/greycoderk/lore/internal/angela/persona.go:208.34,214.7 1 0
github.com/greycoderk/lore/internal/angela/persona.go:215.6,215.16 1 0
github.com/greycoderk/lore/internal/angela/persona.go:240.70,253.37 4 0
github.com/greycoderk/lore/internal/angela/persona.go:253.37,259.7 1 0
github.com/greycoderk/lore/internal/angela/persona.go:260.6,260.16 1 0
github.com/greycoderk/lore/internal/angela/persona.go:285.70,305.34 4 0
github.com/greycoderk/lore/internal/angela/persona.go:305.34,311.7 1 0
github.com/greycoderk/lore/internal/angela/persona.go:312.6,312.16 1 0
github.com/greycoderk/lore/internal/angela/persona.go:328.37,330.29 2 1
github.com/greycoderk/lore/internal/angela/persona.go:330.29,336.3 5 1
github.com/greycoderk/lore/internal/angela/persona.go:337.2,337.12 1 1
github.com/greycoderk/lore/internal/angela/persona.go:343.43,345.58 2 1
github.com/greycoderk/lore/internal/angela/persona.go:345.58,347.24 2 1
github.com/greycoderk/lore/internal/angela/persona.go:347.24,349.4 1 1
github.com/greycoderk/lore/internal/angela/persona.go:351.3,351.47 1 1
github.com/greycoderk/lore/internal/angela/persona.go:351.47,352.53 1 1
github.com/greycoderk/lore/internal/angela/persona.go:352.53,353.23 1 1
github.com/greycoderk/lore/internal/angela/persona.go:353.23,355.6 1 1
github.com/greycoderk/lore/internal/angela/persona.go:359.2,359.14 1 1
github.com/greycoderk/lore/internal/angela/persona.go:363.56,369.29 5 1
github.com/greycoderk/lore/internal/angela/persona.go:369.29,371.40 2 1
github.com/greycoderk/lore/internal/angela/persona.go:371.40,372.27 1 1
github.com/greycoderk/lore/internal/angela/persona.go:372.27,374.5 1 1
github.com/greycoderk/lore/internal/angela/persona.go:375.4,377.12 3 1
github.com/greycoderk/lore/internal/angela/persona.go:379.3,379.26 1 1
github.com/greycoderk/lore/internal/angela/persona.go:379.26,381.4 1 1
github.com/greycoderk/lore/internal/angela/persona.go:383.2,383.25 1 1
github.com/greycoderk/lore/internal/angela/persona.go:383.25,385.3 1 1
github.com/greycoderk/lore/internal/angela/persona.go:387.2,387.17 1 1
github.com/greycoderk/lore/internal/angela/persona.go:393.60,398.29 4 1
github.com/greycoderk/lore/internal/angela/persona.go:398.29,402.33 2 1
github.com/greycoderk/lore/internal/angela/persona.go:402.33,403.23 1 1
github.com/greycoderk/lore/internal/angela/persona.go:403.23,405.10 2 1
github.com/greycoderk/lore/internal/angela/persona.go:410.3,410.43 1 1
github.com/greycoderk/lore/internal/angela/persona.go:410.43,411.35 1 1
github.com/greycoderk/lore/internal/angela/persona.go:411.35,413.5 1 1
github.com/greycoderk/lore/internal/angela/persona.go:416.3,416.16 1 1
github.com/greycoderk/lore/internal/angela/persona.go:416.16,418.4 1 1
github.com/greycoderk/lore/internal/angela/persona.go:422.2,422.23 1 1
github.com/greycoderk/lore/internal/angela/persona.go:422.23,423.30 1 1
github.com/greycoderk/lore/internal/angela/persona.go:423.30,424.31 1 1
github.com/greycoderk/lore/internal/angela/persona.go:424.31,426.5 1 1
github.com/greycoderk/lore/internal/angela/persona.go:431.2,431.36 1 1
github.com/greycoderk/lore/internal/angela/persona.go:431.36,432.67 1 1
github.com/greycoderk/lore/internal/angela/persona.go:432.67,434.4 1 1
github.com/greycoderk/lore/internal/angela/persona.go:438.2,438.22 1 1
github.com/greycoderk/lore/internal/angela/persona.go:438.22,440.3 1 1
github.com/greycoderk/lore/internal/angela/persona.go:442.2,442.16 1 1
github.com/greycoderk/lore/internal/angela/persona.go:485.81,486.20 1 1
github.com/greycoderk/lore/internal/angela/persona.go:486.20,488.3 1 1
github.com/greycoderk/lore/internal/angela/persona.go:491.2,493.59 3 1
github.com/greycoderk/lore/internal/angela/persona.go:493.59,494.42 1 1
github.com/greycoderk/lore/internal/angela/persona.go:494.42,495.38 1 1
github.com/greycoderk/lore/internal/angela/persona.go:495.38,497.5 1 1
github.com/greycoderk/lore/internal/angela/persona.go:502.2,504.23 2 1
github.com/greycoderk/lore/internal/angela/persona.go:504.23,506.3 1 0
github.com/greycoderk/lore/internal/angela/persona.go:509.2,510.29 2 1
github.com/greycoderk/lore/internal/angela/persona.go:510.29,515.33 3 1
github.com/greycoderk/lore/internal/angela/persona.go:515.33,516.23 1 1
github.com/greycoderk/lore/internal/angela/persona.go:516.23,518.10 2 1
github.com/greycoderk/lore/internal/angela/persona.go:521.3,522.43 2 1
github.com/greycoderk/lore/internal/angela/persona.go:522.43,523.35 1 1
github.com/greycoderk/lore/internal/angela/persona.go:523.35,525.5 1 1
github.com/greycoderk/lore/internal/angela/persona.go:529.3,529.22 1 1
github.com/greycoderk/lore/internal/angela/persona.go:529.22,531.4 1 1
github.com/greycoderk/lore/internal/angela/persona.go:533.3,533.16 1 1
github.com/greycoderk/lore/internal/angela/persona.go:533.16,535.4 1 1
github.com/greycoderk/lore/internal/angela/persona.go:539.2,539.36 1 1
github.com/greycoderk/lore/internal/angela/persona.go:539.36,540.67 1 1
github.com/greycoderk/lore/internal/angela/persona.go:540.67,542.4 1 1
github.com/greycoderk/lore/internal/angela/persona.go:545.2,545.22 1 1
github.com/greycoderk/lore/internal/angela/persona.go:545.22,547.3 1 1
github.com/greycoderk/lore/internal/angela/persona.go:549.2,549.16 1 1
github.com/greycoderk/lore/internal/angela/persona.go:553.54,554.22 1 1
github.com/greycoderk/lore/internal/angela/persona.go:554.22,556.3 1 1
github.com/greycoderk/lore/internal/angela/persona.go:557.2,558.28 2 1
github.com/greycoderk/lore/internal/angela/persona.go:558.28,560.3 1 1
github.com/greycoderk/lore/internal/angela/persona.go:561.2,561.34 1 1
github.com/greycoderk/lore/internal/angela/persona.go:565.56,567.28 2 1
github.com/greycoderk/lore/internal/angela/persona.go:567.28,569.3 1 1
github.com/greycoderk/lore/internal/angela/persona.go:570.2,570.12 1 1
github.com/greycoderk/lore/internal/angela/persona.go:574.51,575.22 1 1
github.com/greycoderk/lore/internal/angela/persona.go:575.22,577.3 1 1
github.com/greycoderk/lore/internal/angela/persona.go:578.2,579.28 2 1
github.com/greycoderk/lore/internal/angela/persona.go:579.28,581.3 1 1
github.com/greycoderk/lore/internal/angela/persona.go:582.2,582.46 1 1
github.com/greycoderk/lore/internal/angela/persona.go:587.81,589.2 1 1
github.com/greycoderk/lore/internal/angela/persona.go:592.121,595.29 2 1
github.com/greycoderk/lore/internal/angela/persona.go:595.29,596.36 1 1
github.com/greycoderk/lore/internal/angela/persona.go:596.36,597.47 1 1
github.com/greycoderk/lore/internal/angela/persona.go:597.47,601.5 3 1
github.com/greycoderk/lore/internal/angela/persona.go:605.2,605.20 1 1
github.com/greycoderk/lore/internal/angela/persona.go:609.59,610.24 1 1
github.com/greycoderk/lore/internal/angela/persona.go:610.24,612.3 1 1
github.com/greycoderk/lore/internal/angela/persona.go:614.2,617.29 3 1
github.com/greycoderk/lore/internal/angela/persona.go:617.29,619.3 1 1
github.com/greycoderk/lore/internal/angela/persona.go:620.2,622.29 2 1
github.com/greycoderk/lore/internal/angela/persona.go:622.29,625.3 2 1
github.com/greycoderk/lore/internal/angela/persona.go:627.2,627.20 1 1
github.com/greycoderk/lore/internal/angela/polish.go:17.162,143.44 4 1
github.com/greycoderk/lore/internal/angela/polish.go:143.44,164.3 2 0
github.com/greycoderk/lore/internal/angela/polish.go:167.2,170.26 2 1
github.com/greycoderk/lore/internal/angela/polish.go:170.26,173.3 2 0
github.com/greycoderk/lore/internal/angela/polish.go:176.2,176.23 1 1
github.com/greycoderk/lore/internal/angela/polish.go:176.23,178.3 1 1
github.com/greycoderk/lore/internal/angela/polish.go:180.2,180.22 1 1
github.com/greycoderk/lore/internal/angela/polish.go:180.22,185.3 4 1
github.com/greycoderk/lore/internal/angela/polish.go:187.2,187.25 1 1
github.com/greycoderk/lore/internal/angela/polish.go:187.25,192.3 4 1
github.com/greycoderk/lore/internal/angela/polish.go:195.2,201.35 6 1
github.com/greycoderk/lore/internal/angela/polish.go:206.57,208.25 2 1
github.com/greycoderk/lore/internal/angela/polish.go:208.25,210.3 1 1
github.com/greycoderk/lore/internal/angela/polish.go:212.2,213.29 2 1
github.com/greycoderk/lore/internal/angela/polish.go:213.29,217.23 4 1
github.com/greycoderk/lore/internal/angela/polish.go:217.23,219.4 1 1
github.com/greycoderk/lore/internal/angela/polish.go:220.3,220.49 1 1
github.com/greycoderk/lore/internal/angela/polish.go:220.49,222.4 1 1
github.com/greycoderk/lore/internal/angela/polish.go:223.3,223.25 1 1
github.com/greycoderk/lore/internal/angela/polish.go:223.25,225.4 1 1
github.com/greycoderk/lore/internal/angela/polish.go:226.3,226.21 1 1
github.com/greycoderk/lore/internal/angela/polish.go:226.21,228.4 1 1
github.com/greycoderk/lore/internal/angela/polish.go:229.3,229.23 1 1
github.com/greycoderk/lore/internal/angela/polish.go:231.2,231.22 1 1
github.com/greycoderk/lore/internal/angela/polish.go:231.22,233.3 1 1
github.com/greycoderk/lore/internal/angela/polish.go:234.2,234.20 1 1
github.com/greycoderk/lore/internal/angela/polish.go:248.199,249.21 1 1
github.com/greycoderk/lore/internal/angela/polish.go:249.21,251.3 1 1
github.com/greycoderk/lore/internal/angela/polish.go:252.2,252.31 1 1
github.com/greycoderk/lore/internal/angela/polish.go:252.31,254.3 1 0
github.com/greycoderk/lore/internal/angela/polish.go:256.2,258.19 3 1
github.com/greycoderk/lore/internal/angela/polish.go:258.19,261.3 2 0
github.com/greycoderk/lore/internal/angela/polish.go:262.2,266.16 5 1
github.com/greycoderk/lore/internal/angela/polish.go:266.16,268.3 1 0
github.com/greycoderk/lore/internal/angela/polish.go:271.2,276.20 3 1
github.com/greycoderk/lore/internal/angela/polish.go:281.38,285.34 2 1
github.com/greycoderk/lore/internal/angela/polish.go:285.34,287.3 1 1
github.com/greycoderk/lore/internal/angela/polish.go:290.2,291.13 2 1
github.com/greycoderk/lore/internal/angela/polish.go:291.13,293.3 1 1
github.com/greycoderk/lore/internal/angela/polish.go:296.2,296.71 1 1
github.com/greycoderk/lore/internal/angela/polish.go:296.71,298.85 1 1
github.com/greycoderk/lore/internal/angela/polish.go:298.85,300.4 1 1
github.com/greycoderk/lore/internal/angela/polish.go:304.2,306.20 3 1
github.com/greycoderk/lore/internal/angela/polish.go:306.20,308.3 1 1
github.com/greycoderk/lore/internal/angela/polish.go:310.2,310.33 1 1
github.com/greycoderk/lore/internal/angela/postprocess.go:14.52,19.2 4 1
github.com/greycoderk/lore/internal/angela/postprocess.go:23.62,29.33 4 1
github.com/greycoderk/lore/internal/angela/postprocess.go:29.33,32.19 3 1
github.com/greycoderk/lore/internal/angela/postprocess.go:32.19,33.12 1 1
github.com/greycoderk/lore/internal/angela/postprocess.go:35.3,36.23 2 1
github.com/greycoderk/lore/internal/angela/postprocess.go:36.23,39.4 1 1
github.com/greycoderk/lore/internal/angela/postprocess.go:42.2,42.24 1 1
github.com/greycoderk/lore/internal/angela/postprocess.go:42.24,44.3 1 1
github.com/greycoderk/lore/internal/angela/postprocess.go:47.2,47.32 1 1
github.com/greycoderk/lore/internal/angela/postprocess.go:47.32,50.19 3 1
github.com/greycoderk/lore/internal/angela/postprocess.go:50.19,51.12 1 1
github.com/greycoderk/lore/internal/angela/postprocess.go:53.3,54.40 2 1
github.com/greycoderk/lore/internal/angela/postprocess.go:54.40,56.4 1 1
github.com/greycoderk/lore/internal/angela/postprocess.go:59.2,59.37 1 1
github.com/greycoderk/lore/internal/angela/postprocess.go:63.49,64.37 1 1
github.com/greycoderk/lore/internal/angela/postprocess.go:64.37,66.3 1 1
github.com/greycoderk/lore/internal/angela/postprocess.go:67.2,67.36 1 1
github.com/greycoderk/lore/internal/angela/postprocess.go:67.36,69.3 1 1
github.com/greycoderk/lore/internal/angela/postprocess.go:70.2,70.15 1 1
github.com/greycoderk/lore/internal/angela/postprocess.go:74.38,76.76 2 1
github.com/greycoderk/lore/internal/angela/postprocess.go:76.76,78.3 1 1
github.com/greycoderk/lore/internal/angela/postprocess.go:79.2,79.46 1 1
github.com/greycoderk/lore/internal/angela/postprocess.go:79.46,81.3 1 1
github.com/greycoderk/lore/internal/angela/postprocess.go:82.2,82.13 1 1
github.com/greycoderk/lore/internal/angela/postprocess.go:86.57,91.29 4 1
github.com/greycoderk/lore/internal/angela/postprocess.go:91.29,94.52 2 1
github.com/greycoderk/lore/internal/angela/postprocess.go:94.52,97.12 3 1
github.com/greycoderk/lore/internal/angela/postprocess.go:99.3,99.34 1 1
github.com/greycoderk/lore/internal/angela/postprocess.go:99.34,102.12 3 1
github.com/greycoderk/lore/internal/angela/postprocess.go:106.3,106.84 1 1
github.com/greycoderk/lore/internal/angela/postprocess.go:106.84,108.18 2 1
github.com/greycoderk/lore/internal/angela/postprocess.go:108.18,110.5 1 1
github.com/greycoderk/lore/internal/angela/postprocess.go:114.2,114.34 1 1
github.com/greycoderk/lore/internal/angela/postprocess.go:119.52,124.29 4 1
github.com/greycoderk/lore/internal/angela/postprocess.go:124.29,127.30 2 1
github.com/greycoderk/lore/internal/angela/postprocess.go:127.30,130.12 3 1
github.com/greycoderk/lore/internal/angela/postprocess.go:133.3,133.36 1 1
github.com/greycoderk/lore/internal/angela/postprocess.go:133.36,136.12 3 1
github.com/greycoderk/lore/internal/angela/postprocess.go:139.3,139.33 1 1
github.com/greycoderk/lore/internal/angela/postprocess.go:139.33,145.82 1 1
github.com/greycoderk/lore/internal/angela/postprocess.go:145.82,147.5 1 1
github.com/greycoderk/lore/internal/angela/postprocess.go:147.10,147.79 1 1
github.com/greycoderk/lore/internal/angela/postprocess.go:147.79,150.5 1 1
github.com/greycoderk/lore/internal/angela/postprocess.go:150.10,153.5 1 1
github.com/greycoderk/lore/internal/angela/postprocess.go:154.9,156.4 1 1
github.com/greycoderk/lore/internal/angela/postprocess.go:159.2,159.35 1 1
github.com/greycoderk/lore/internal/angela/preflight.go:59.38,63.2 2 1
github.com/greycoderk/lore/internal/angela/preflight.go:67.124,79.35 5 1
github.com/greycoderk/lore/internal/angela/preflight.go:79.35,85.3 5 1
github.com/greycoderk/lore/internal/angela/preflight.go:88.2,88.51 1 1
github.com/greycoderk/lore/internal/angela/preflight.go:88.51,90.29 2 1
github.com/greycoderk/lore/internal/angela/preflight.go:90.29,93.4 2 0
github.com/greycoderk/lore/internal/angela/preflight.go:93.9,93.59 1 1
github.com/greycoderk/lore/internal/angela/preflight.go:93.59,96.4 1 0
github.com/greycoderk/lore/internal/angela/preflight.go:100.2,100.49 1 1
github.com/greycoderk/lore/internal/angela/preflight.go:100.49,102.62 2 1
github.com/greycoderk/lore/internal/angela/preflight.go:102.62,105.4 1 1
github.com/greycoderk/lore/internal/angela/preflight.go:109.2,111.10 2 1
github.com/greycoderk/lore/internal/angela/preflight.go:142.72,145.23 3 1
github.com/greycoderk/lore/internal/angela/preflight.go:145.23,147.3 1 1
github.com/greycoderk/lore/internal/angela/preflight.go:148.2,148.78 1 1
github.com/greycoderk/lore/internal/angela/preflight.go:152.104,153.18 1 1
github.com/greycoderk/lore/internal/angela/preflight.go:153.18,155.3 1 1
github.com/greycoderk/lore/internal/angela/preflight.go:157.2,162.53 4 1
github.com/greycoderk/lore/internal/angela/preflight.go:162.53,164.17 2 1
github.com/greycoderk/lore/internal/angela/preflight.go:164.17,166.4 1 1
github.com/greycoderk/lore/internal/angela/preflight.go:166.9,166.25 1 1
github.com/greycoderk/lore/internal/angela/preflight.go:166.25,168.4 1 1
github.com/greycoderk/lore/internal/angela/preflight.go:168.9,170.4 1 0
github.com/greycoderk/lore/internal/angela/preflight.go:174.2,175.15 2 1
github.com/greycoderk/lore/internal/angela/preflight.go:175.15,177.19 2 1
github.com/greycoderk/lore/internal/angela/preflight.go:177.19,179.4 1 0
github.com/greycoderk/lore/internal/angela/preflight.go:179.9,179.25 1 1
github.com/greycoderk/lore/internal/angela/preflight.go:179.25,181.4 1 1
github.com/greycoderk/lore/internal/angela/preflight.go:182.3,182.38 1 1
github.com/greycoderk/lore/internal/angela/preflight.go:186.2,186.46 1 1
github.com/greycoderk/lore/internal/angela/preflight.go:186.46,188.3 1 1
github.com/greycoderk/lore/internal/angela/preflight.go:191.2,191.27 1 1
github.com/greycoderk/lore/internal/angela/preflight.go:191.27,193.18 2 1
github.com/greycoderk/lore/internal/angela/preflight.go:193.18,195.4 1 1
github.com/greycoderk/lore/internal/angela/preflight.go:199.2,199.98 1 1
github.com/greycoderk/lore/internal/angela/preflight.go:199.98,200.57 1 0
github.com/greycoderk/lore/internal/angela/preflight.go:200.57,202.4 1 0
github.com/greycoderk/lore/internal/angela/preflight.go:205.2,205.10 1 1
github.com/greycoderk/lore/internal/angela/review.go:58.45,69.2 2 1
github.com/greycoderk/lore/internal/angela/review.go:80.123,82.2 1 1
github.com/greycoderk/lore/internal/angela/review.go:85.147,143.44 3 1
github.com/greycoderk/lore/internal/angela/review.go:143.44,161.3 1 0
github.com/greycoderk/lore/internal/angela/review.go:164.2,166.22 2 1
github.com/greycoderk/lore/internal/angela/review.go:166.22,171.3 4 1
github.com/greycoderk/lore/internal/angela/review.go:174.2,177.16 2 1
github.com/greycoderk/lore/internal/angela/review.go:177.16,179.3 1 0
github.com/greycoderk/lore/internal/angela/review.go:179.8,181.3 1 1
github.com/greycoderk/lore/internal/angela/review.go:182.2,186.35 3 1
github.com/greycoderk/lore/internal/angela/review.go:191.143,192.21 1 1
github.com/greycoderk/lore/internal/angela/review.go:192.21,194.3 1 1
github.com/greycoderk/lore/internal/angela/review.go:196.2,198.19 3 1
github.com/greycoderk/lore/internal/angela/review.go:198.19,201.3 2 0
github.com/greycoderk/lore/internal/angela/review.go:202.2,204.39 3 1
github.com/greycoderk/lore/internal/angela/review.go:204.39,206.3 1 0
github.com/greycoderk/lore/internal/angela/review.go:207.2,209.16 3 1
github.com/greycoderk/lore/internal/angela/review.go:209.16,211.3 1 1
github.com/greycoderk/lore/internal/angela/review.go:213.2,214.16 2 1
github.com/greycoderk/lore/internal/angela/review.go:214.16,216.3 1 1
github.com/greycoderk/lore/internal/angela/review.go:218.2,223.8 2 1
github.com/greycoderk/lore/internal/angela/review.go:236.68,241.67 3 1
github.com/greycoderk/lore/internal/angela/review.go:241.67,243.3 1 1
github.com/greycoderk/lore/internal/angela/review.go:246.2,247.23 2 1
github.com/greycoderk/lore/internal/angela/review.go:247.23,248.89 1 1
github.com/greycoderk/lore/internal/angela/review.go:248.89,250.4 1 1
github.com/greycoderk/lore/internal/angela/review.go:254.2,254.81 1 1
github.com/greycoderk/lore/internal/angela/review.go:268.59,269.14 1 1
github.com/greycoderk/lore/internal/angela/review.go:269.14,271.3 1 0
github.com/greycoderk/lore/internal/angela/review.go:272.2,272.19 1 1
github.com/greycoderk/lore/internal/angela/review.go:272.19,274.38 2 1
github.com/greycoderk/lore/internal/angela/review.go:274.38,276.4 1 1
github.com/greycoderk/lore/internal/angela/review.go:278.2,278.10 1 1
github.com/greycoderk/lore/internal/angela/review.go:283.45,284.49 1 1
github.com/greycoderk/lore/internal/angela/review.go:284.49,288.3 3 1
github.com/greycoderk/lore/internal/angela/review.go:293.35,294.40 1 1
github.com/greycoderk/lore/internal/angela/review.go:294.40,296.3 1 1
github.com/greycoderk/lore/internal/angela/review.go:297.2,297.27 1 1
github.com/greycoderk/lore/internal/angela/review.go:309.106,311.16 2 1
github.com/greycoderk/lore/internal/angela/review.go:311.16,313.3 1 0
github.com/greycoderk/lore/internal/angela/review.go:316.2,317.22 2 1
github.com/greycoderk/lore/internal/angela/review.go:317.22,319.3 1 1
github.com/greycoderk/lore/internal/angela/review.go:320.2,320.27 1 1
github.com/greycoderk/lore/internal/angela/review.go:320.27,322.29 2 1
github.com/greycoderk/lore/internal/angela/review.go:322.29,323.46 1 1
github.com/greycoderk/lore/internal/angela/review.go:323.46,325.5 1 1
github.com/greycoderk/lore/internal/angela/review.go:327.3,327.21 1 1
github.com/greycoderk/lore/internal/angela/review.go:330.2,332.27 3 1
github.com/greycoderk/lore/internal/angela/review.go:332.27,334.3 1 1
github.com/greycoderk/lore/internal/angela/review.go:335.2,335.30 1 1
github.com/greycoderk/lore/internal/angela/review.go:335.30,337.3 1 1
github.com/greycoderk/lore/internal/angela/review.go:340.2,340.42 1 1
github.com/greycoderk/lore/internal/angela/review.go:340.42,342.3 1 1
github.com/greycoderk/lore/internal/angela/review.go:345.2,346.36 2 1
github.com/greycoderk/lore/internal/angela/review.go:346.36,348.3 1 1
github.com/greycoderk/lore/internal/angela/review.go:348.8,351.3 2 1
github.com/greycoderk/lore/internal/angela/review.go:354.2,355.32 2 1
github.com/greycoderk/lore/internal/angela/review.go:355.32,357.21 2 1
github.com/greycoderk/lore/internal/angela/review.go:357.21,358.12 1 0
github.com/greycoderk/lore/internal/angela/review.go:361.3,370.5 2 1
github.com/greycoderk/lore/internal/angela/review.go:373.2,373.35 1 1
github.com/greycoderk/lore/internal/angela/review.go:384.54,392.29 7 1
github.com/greycoderk/lore/internal/angela/review.go:392.29,396.23 2 1
github.com/greycoderk/lore/internal/angela/review.go:396.23,397.24 1 1
github.com/greycoderk/lore/internal/angela/review.go:397.24,400.13 3 1
github.com/greycoderk/lore/internal/angela/review.go:402.4,402.21 1 1
github.com/greycoderk/lore/internal/angela/review.go:402.21,404.13 2 1
[...]
github.com/greycoderk/lore/cmd/status.go:33.55,35.50 1 1
github.com/greycoderk/lore/cmd/status.go:35.50,37.5 1 1
github.com/greycoderk/lore/cmd/status.go:39.4,41.17 2 1
github.com/greycoderk/lore/cmd/status.go:41.17,43.5 1 0
github.com/greycoderk/lore/cmd/status.go:45.4,46.18 2 1
github.com/greycoderk/lore/cmd/status.go:46.18,48.5 1 1
github.com/greycoderk/lore/cmd/status.go:49.4,50.19 2 1
github.com/greycoderk/lore/cmd/status.go:50.19,52.5 1 1
github.com/greycoderk/lore/cmd/status.go:53.4,53.18 1 1
github.com/greycoderk/lore/cmd/status.go:53.18,55.5 1 0
github.com/greycoderk/lore/cmd/status.go:57.4,57.17 1 1
github.com/greycoderk/lore/cmd/status.go:57.17,59.5 1 1
github.com/greycoderk/lore/cmd/status.go:60.4,60.41 1 1
github.com/greycoderk/lore/cmd/status.go:64.2,67.12 3 1
github.com/greycoderk/lore/cmd/status.go:72.79,80.24 4 1
github.com/greycoderk/lore/cmd/status.go:80.24,82.3 1 1
github.com/greycoderk/lore/cmd/status.go:83.2,87.27 3 1
github.com/greycoderk/lore/cmd/status.go:87.27,89.3 1 1
github.com/greycoderk/lore/cmd/status.go:90.2,94.15 3 1
github.com/greycoderk/lore/cmd/status.go:94.15,99.26 4 1
github.com/greycoderk/lore/cmd/status.go:99.26,101.4 1 0
github.com/greycoderk/lore/cmd/status.go:102.3,102.83 1 1
github.com/greycoderk/lore/cmd/status.go:103.8,103.32 1 1
github.com/greycoderk/lore/cmd/status.go:103.32,105.3 1 1
github.com/greycoderk/lore/cmd/status.go:108.2,109.32 2 1
github.com/greycoderk/lore/cmd/status.go:109.32,111.3 1 1
github.com/greycoderk/lore/cmd/status.go:111.8,111.34 1 1
github.com/greycoderk/lore/cmd/status.go:111.34,113.3 1 1
github.com/greycoderk/lore/cmd/status.go:114.2,114.56 1 1
github.com/greycoderk/lore/cmd/status.go:114.56,116.3 1 1
github.com/greycoderk/lore/cmd/status.go:116.8,116.30 1 1
github.com/greycoderk/lore/cmd/status.go:116.30,118.3 1 1
github.com/greycoderk/lore/cmd/status.go:119.2,123.24 3 1
github.com/greycoderk/lore/cmd/status.go:123.24,125.37 2 0
github.com/greycoderk/lore/cmd/status.go:125.37,127.4 1 0
github.com/greycoderk/lore/cmd/status.go:127.9,130.4 1 0
github.com/greycoderk/lore/cmd/status.go:134.2,134.28 1 1
github.com/greycoderk/lore/cmd/status.go:134.28,136.3 1 1
github.com/greycoderk/lore/cmd/status.go:136.8,139.3 1 1
github.com/greycoderk/lore/cmd/status.go:142.2,144.12 2 1
github.com/greycoderk/lore/cmd/status.go:148.42,150.9 2 1
github.com/greycoderk/lore/cmd/status.go:151.21,152.45 1 1
github.com/greycoderk/lore/cmd/status.go:153.24,154.72 1 1
github.com/greycoderk/lore/cmd/status.go:155.26,156.74 1 1
github.com/greycoderk/lore/cmd/status.go:157.10,158.32 1 1
github.com/greycoderk/lore/cmd/status.go:164.80,169.26 4 1
github.com/greycoderk/lore/cmd/status.go:169.26,172.3 2 1
github.com/greycoderk/lore/cmd/status.go:174.2,185.28 5 1
github.com/greycoderk/lore/cmd/status.go:185.28,189.3 3 0
github.com/greycoderk/lore/cmd/status.go:191.2,191.12 1 1
github.com/greycoderk/lore/cmd/status.go:194.75,198.24 3 1
github.com/greycoderk/lore/cmd/status.go:198.24,200.3 1 1
github.com/greycoderk/lore/cmd/status.go:202.2,203.27 2 1
github.com/greycoderk/lore/cmd/status.go:203.27,205.3 1 1
github.com/greycoderk/lore/cmd/status.go:207.2,211.25 5 1
github.com/greycoderk/lore/cmd/status.go:211.25,213.3 1 1
github.com/greycoderk/lore/cmd/status.go:214.2,219.24 5 1
github.com/greycoderk/lore/cmd/status.go:219.24,222.3 2 0
github.com/greycoderk/lore/cmd/status.go:224.2,224.12 1 1
github.com/greycoderk/lore/cmd/upgrade.go:23.79,32.52 2 1
github.com/greycoderk/lore/cmd/upgrade.go:32.52,34.4 1 0
github.com/greycoderk/lore/cmd/upgrade.go:37.2,39.12 2 1
github.com/greycoderk/lore/cmd/upgrade.go:42.91,46.30 2 0
github.com/greycoderk/lore/cmd/upgrade.go:46.30,49.3 2 0
github.com/greycoderk/lore/cmd/upgrade.go:52.2,53.16 2 0
github.com/greycoderk/lore/cmd/upgrade.go:53.16,55.3 1 0
github.com/greycoderk/lore/cmd/upgrade.go:56.2,57.16 2 0
github.com/greycoderk/lore/cmd/upgrade.go:57.16,59.3 1 0
github.com/greycoderk/lore/cmd/upgrade.go:61.2,62.16 2 0
github.com/greycoderk/lore/cmd/upgrade.go:63.31,65.13 2 0
github.com/greycoderk/lore/cmd/upgrade.go:66.32,68.13 2 0
github.com/greycoderk/lore/cmd/upgrade.go:72.2,77.25 5 0
github.com/greycoderk/lore/cmd/upgrade.go:77.25,79.17 2 0
github.com/greycoderk/lore/cmd/upgrade.go:79.17,83.4 3 0
github.com/greycoderk/lore/cmd/upgrade.go:84.3,84.21 1 0
github.com/greycoderk/lore/cmd/upgrade.go:84.21,88.4 3 0
github.com/greycoderk/lore/cmd/upgrade.go:89.8,91.17 2 0
github.com/greycoderk/lore/cmd/upgrade.go:91.17,95.4 3 0
github.com/greycoderk/lore/cmd/upgrade.go:96.3,96.21 1 0
github.com/greycoderk/lore/cmd/upgrade.go:96.21,100.4 3 0
github.com/greycoderk/lore/cmd/upgrade.go:102.2,106.90 3 0
github.com/greycoderk/lore/cmd/upgrade.go:106.90,109.3 2 0
github.com/greycoderk/lore/cmd/upgrade.go:111.2,116.35 4 0
github.com/greycoderk/lore/cmd/upgrade.go:116.35,117.28 1 0
github.com/greycoderk/lore/cmd/upgrade.go:117.28,119.4 1 0
github.com/greycoderk/lore/cmd/upgrade.go:120.3,120.32 1 0
github.com/greycoderk/lore/cmd/upgrade.go:120.32,122.4 1 0
github.com/greycoderk/lore/cmd/upgrade.go:124.2,124.20 1 0
github.com/greycoderk/lore/cmd/upgrade.go:124.20,127.3 2 0
github.com/greycoderk/lore/cmd/upgrade.go:130.2,132.19 3 0
github.com/greycoderk/lore/cmd/upgrade.go:132.19,135.3 2 0
github.com/greycoderk/lore/cmd/upgrade.go:136.2,141.16 4 0
github.com/greycoderk/lore/cmd/upgrade.go:141.16,143.3 1 0
github.com/greycoderk/lore/cmd/upgrade.go:144.2,144.15 1 0
github.com/greycoderk/lore/cmd/upgrade.go:144.15,144.43 1 0
github.com/greycoderk/lore/cmd/upgrade.go:146.2,148.16 3 0
github.com/greycoderk/lore/cmd/upgrade.go:148.16,152.3 3 0
github.com/greycoderk/lore/cmd/upgrade.go:153.2,156.24 2 0
github.com/greycoderk/lore/cmd/upgrade.go:156.24,159.17 3 0
github.com/greycoderk/lore/cmd/upgrade.go:159.17,163.4 3 0
github.com/greycoderk/lore/cmd/upgrade.go:164.3,164.69 1 0
github.com/greycoderk/lore/cmd/upgrade.go:164.69,168.4 3 0
github.com/greycoderk/lore/cmd/upgrade.go:169.3,169.60 1 0
github.com/greycoderk/lore/cmd/upgrade.go:173.2,174.16 2 0
github.com/greycoderk/lore/cmd/upgrade.go:174.16,177.3 2 0
github.com/greycoderk/lore/cmd/upgrade.go:180.2,181.67 2 0
github.com/greycoderk/lore/cmd/upgrade.go:181.67,185.3 3 0
github.com/greycoderk/lore/cmd/upgrade.go:186.2,189.12 3 0
github.com/greycoderk/lore/internal/git/adapter.go:28.35,30.2 1 1
github.com/greycoderk/lore/internal/git/adapter.go:33.42,35.2 1 1
github.com/greycoderk/lore/internal/git/adapter.go:37.55,41.16 4 1
github.com/greycoderk/lore/internal/git/adapter.go:41.16,43.3 1 1
github.com/greycoderk/lore/internal/git/adapter.go:44.2,44.44 1 1
github.com/greycoderk/lore/internal/git/adapter.go:47.43,50.2 2 1
github.com/greycoderk/lore/internal/git/adapter.go:52.45,54.16 2 1
github.com/greycoderk/lore/internal/git/adapter.go:54.16,56.3 1 1
github.com/greycoderk/lore/internal/git/adapter.go:57.2,57.17 1 1
github.com/greycoderk/lore/internal/git/adapter.go:63.60,65.16 2 1
github.com/greycoderk/lore/internal/git/adapter.go:65.16,67.3 1 1
github.com/greycoderk/lore/internal/git/adapter.go:68.2,69.16 2 1
github.com/greycoderk/lore/internal/git/adapter.go:69.16,71.3 1 0
github.com/greycoderk/lore/internal/git/adapter.go:72.2,74.18 3 1
github.com/greycoderk/lore/internal/git/adapter.go:79.68,81.20 2 1
github.com/greycoderk/lore/internal/git/adapter.go:81.20,83.3 1 1
github.com/greycoderk/lore/internal/git/adapter.go:85.2,86.16 2 1
github.com/greycoderk/lore/internal/git/adapter.go:86.16,88.3 1 1
github.com/greycoderk/lore/internal/git/adapter.go:90.2,105.8 4 1
github.com/greycoderk/lore/internal/git/adapter.go:108.58,109.41 1 1
github.com/greycoderk/lore/internal/git/adapter.go:109.41,111.3 1 0
github.com/greycoderk/lore/internal/git/adapter.go:112.2,113.16 2 1
github.com/greycoderk/lore/internal/git/adapter.go:113.16,115.3 1 1
github.com/greycoderk/lore/internal/git/adapter.go:116.2,116.18 1 1
github.com/greycoderk/lore/internal/git/adapter.go:119.63,120.41 1 1
github.com/greycoderk/lore/internal/git/adapter.go:120.41,122.3 1 0
github.com/greycoderk/lore/internal/git/adapter.go:123.2,124.16 2 1
github.com/greycoderk/lore/internal/git/adapter.go:124.16,126.3 1 0
github.com/greycoderk/lore/internal/git/adapter.go:127.2,127.28 1 1
github.com/greycoderk/lore/internal/git/adapter.go:130.61,132.20 2 1
github.com/greycoderk/lore/internal/git/adapter.go:132.20,134.3 1 1
github.com/greycoderk/lore/internal/git/adapter.go:136.2,137.16 2 1
github.com/greycoderk/lore/internal/git/adapter.go:137.16,139.3 1 1
github.com/greycoderk/lore/internal/git/adapter.go:141.2,152.8 3 1
github.com/greycoderk/lore/internal/git/adapter.go:155.52,156.41 1 1
github.com/greycoderk/lore/internal/git/adapter.go:156.41,158.3 1 0
github.com/greycoderk/lore/internal/git/adapter.go:159.2,160.16 2 1
github.com/greycoderk/lore/internal/git/adapter.go:160.16,162.3 1 0
github.com/greycoderk/lore/internal/git/adapter.go:163.2,163.17 1 1
github.com/greycoderk/lore/internal/git/adapter.go:166.59,167.41 1 1
github.com/greycoderk/lore/internal/git/adapter.go:167.41,169.3 1 0
github.com/greycoderk/lore/internal/git/adapter.go:170.2,171.16 2 1
github.com/greycoderk/lore/internal/git/adapter.go:171.16,173.3 1 0
github.com/greycoderk/lore/internal/git/adapter.go:175.2,176.28 2 1
github.com/greycoderk/lore/internal/git/adapter.go:179.54,183.43 1 1
github.com/greycoderk/lore/internal/git/adapter.go:183.43,185.3 1 1
github.com/greycoderk/lore/internal/git/adapter.go:187.2,188.16 2 1
github.com/greycoderk/lore/internal/git/adapter.go:188.16,191.3 1 0
github.com/greycoderk/lore/internal/git/adapter.go:192.2,192.63 1 1
github.com/greycoderk/lore/internal/git/adapter.go:192.63,193.72 1 1
github.com/greycoderk/lore/internal/git/adapter.go:193.72,195.4 1 1
github.com/greycoderk/lore/internal/git/adapter.go:197.2,197.19 1 1
github.com/greycoderk/lore/internal/git/adapter.go:200.44,202.16 2 1
github.com/greycoderk/lore/internal/git/adapter.go:202.16,204.3 1 0
github.com/greycoderk/lore/internal/git/adapter.go:205.2,205.25 1 1
github.com/greycoderk/lore/internal/git/adapter.go:205.25,207.3 1 1
github.com/greycoderk/lore/internal/git/adapter.go:208.2,208.43 1 1
github.com/greycoderk/lore/internal/git/adapter.go:211.75,212.41 1 1
github.com/greycoderk/lore/internal/git/adapter.go:212.41,214.3 1 0
github.com/greycoderk/lore/internal/git/adapter.go:215.2,216.16 2 1
github.com/greycoderk/lore/internal/git/adapter.go:216.16,218.3 1 0
github.com/greycoderk/lore/internal/git/adapter.go:219.2,219.43 1 1
github.com/greycoderk/lore/internal/git/adapter.go:222.78,225.16 2 1
github.com/greycoderk/lore/internal/git/adapter.go:225.16,227.3 1 0
github.com/greycoderk/lore/internal/git/adapter.go:228.2,228.73 1 1
github.com/greycoderk/lore/internal/git/adapter.go:231.56,233.16 2 1
github.com/greycoderk/lore/internal/git/adapter.go:233.16,235.3 1 0
github.com/greycoderk/lore/internal/git/adapter.go:236.2,236.64 1 1
github.com/greycoderk/lore/internal/git/adapter.go:239.61,241.16 2 1
github.com/greycoderk/lore/internal/git/adapter.go:241.16,243.3 1 0
github.com/greycoderk/lore/internal/git/adapter.go:244.2,244.61 1 1
github.com/greycoderk/lore/internal/git/adapter.go:251.36,252.15 1 1
github.com/greycoderk/lore/internal/git/adapter.go:252.15,254.3 1 1
github.com/greycoderk/lore/internal/git/adapter.go:255.2,255.33 1 1
github.com/greycoderk/lore/internal/git/adapter.go:255.33,257.3 1 1
github.com/greycoderk/lore/internal/git/adapter.go:258.2,258.33 1 1
github.com/greycoderk/lore/internal/git/adapter.go:258.33,260.3 1 1
github.com/greycoderk/lore/internal/git/adapter.go:261.2,261.32 1 1
github.com/greycoderk/lore/internal/git/adapter.go:261.32,263.3 1 1
github.com/greycoderk/lore/internal/git/adapter.go:264.2,264.12 1 1
github.com/greycoderk/lore/internal/git/adapter.go:267.66,268.14 1 1
github.com/greycoderk/lore/internal/git/adapter.go:268.14,270.3 1 1
github.com/greycoderk/lore/internal/git/adapter.go:271.2,271.16 1 1
github.com/greycoderk/lore/internal/git/adapter.go:271.16,273.17 2 1
github.com/greycoderk/lore/internal/git/adapter.go:273.17,275.4 1 0
github.com/greycoderk/lore/internal/git/adapter.go:276.3,276.13 1 1
github.com/greycoderk/lore/internal/git/adapter.go:278.2,278.42 1 1
github.com/greycoderk/lore/internal/git/adapter.go:278.42,280.3 1 0
github.com/greycoderk/lore/internal/git/adapter.go:281.2,281.40 1 1
github.com/greycoderk/lore/internal/git/adapter.go:281.40,283.3 1 0
github.com/greycoderk/lore/internal/git/adapter.go:284.2,285.16 2 1
github.com/greycoderk/lore/internal/git/adapter.go:285.16,287.3 1 0
github.com/greycoderk/lore/internal/git/adapter.go:288.2,288.15 1 1
github.com/greycoderk/lore/internal/git/adapter.go:288.15,290.3 1 1
github.com/greycoderk/lore/internal/git/adapter.go:291.2,291.38 1 1
github.com/greycoderk/lore/internal/git/adapter.go:294.47,296.16 2 1
github.com/greycoderk/lore/internal/git/adapter.go:296.16,298.3 1 1
github.com/greycoderk/lore/internal/git/adapter.go:299.2,299.17 1 1
github.com/greycoderk/lore/internal/git/adapter.go:303.57,305.16 2 1
github.com/greycoderk/lore/internal/git/adapter.go:305.16,307.3 1 0
github.com/greycoderk/lore/internal/git/adapter.go:308.2,308.15 1 1
github.com/greycoderk/lore/internal/git/adapter.go:308.15,310.3 1 1
github.com/greycoderk/lore/internal/git/adapter.go:312.2,315.32 4 1
github.com/greycoderk/lore/internal/git/adapter.go:315.32,317.18 2 1
github.com/greycoderk/lore/internal/git/adapter.go:317.18,318.12 1 1
github.com/greycoderk/lore/internal/git/adapter.go:320.3,321.17 2 1
github.com/greycoderk/lore/internal/git/adapter.go:321.17,323.12 2 0
github.com/greycoderk/lore/internal/git/adapter.go:325.3,325.33 1 1
github.com/greycoderk/lore/internal/git/adapter.go:327.2,327.17 1 1
github.com/greycoderk/lore/internal/git/adapter.go:327.17,329.3 1 0
github.com/greycoderk/lore/internal/git/adapter.go:330.2,330.21 1 1
github.com/greycoderk/lore/internal/git/adapter.go:337.80,339.20 2 1
github.com/greycoderk/lore/internal/git/adapter.go:339.20,341.3 1 1
github.com/greycoderk/lore/internal/git/adapter.go:342.2,343.16 2 1
github.com/greycoderk/lore/internal/git/adapter.go:343.16,345.3 1 0
github.com/greycoderk/lore/internal/git/adapter.go:346.2,346.15 1 1
github.com/greycoderk/lore/internal/git/adapter.go:346.15,348.3 1 0
github.com/greycoderk/lore/internal/git/adapter.go:350.2,353.32 4 1
github.com/greycoderk/lore/internal/git/adapter.go:353.32,355.18 2 1
github.com/greycoderk/lore/internal/git/adapter.go:355.18,356.12 1 1
github.com/greycoderk/lore/internal/git/adapter.go:358.3,359.17 2 1
github.com/greycoderk/lore/internal/git/adapter.go:359.17,361.12 2 0
github.com/greycoderk/lore/internal/git/adapter.go:363.3,363.33 1 1
github.com/greycoderk/lore/internal/git/adapter.go:365.2,365.17 1 1
github.com/greycoderk/lore/internal/git/adapter.go:365.17,367.3 1 0
github.com/greycoderk/lore/internal/git/adapter.go:368.2,368.21 1 1
github.com/greycoderk/lore/internal/git/adapter.go:373.51,376.16 2 1
github.com/greycoderk/lore/internal/git/adapter.go:376.16,378.3 1 1
github.com/greycoderk/lore/internal/git/adapter.go:380.2,381.36 2 1
github.com/greycoderk/lore/internal/git/adapter.go:381.36,383.3 1 1
github.com/greycoderk/lore/internal/git/adapter.go:384.2,384.17 1 0
github.com/greycoderk/lore/internal/git/adapter.go:389.51,391.16 2 1
github.com/greycoderk/lore/internal/git/adapter.go:391.16,393.3 1 0
github.com/greycoderk/lore/internal/git/adapter.go:394.2,394.22 1 1
github.com/greycoderk/lore/internal/git/adapter.go:394.22,396.3 1 1
github.com/greycoderk/lore/internal/git/adapter.go:397.2,397.20 1 1
github.com/greycoderk/lore/internal/git/commit_info.go:16.78,19.55 2 1
github.com/greycoderk/lore/internal/git/commit_info.go:19.55,21.3 1 1
github.com/greycoderk/lore/internal/git/commit_info.go:23.2,26.14 3 1
github.com/greycoderk/lore/internal/git/commit_info.go:26.14,28.3 1 1
github.com/greycoderk/lore/internal/git/commit_info.go:29.2,30.34 2 1
github.com/greycoderk/lore/internal/git/commit_info.go:30.34,32.3 1 1
github.com/greycoderk/lore/internal/git/commit_info.go:33.2,33.28 1 1
github.com/greycoderk/lore/internal/git/hook.go:24.25,26.2 1 1
github.com/greycoderk/lore/internal/git/hook.go:29.57,33.16 4 1
github.com/greycoderk/lore/internal/git/hook.go:33.16,36.3 1 1
github.com/greycoderk/lore/internal/git/hook.go:37.2,37.44 1 1
github.com/greycoderk/lore/internal/git/hook.go:43.84,45.16 2 1
github.com/greycoderk/lore/internal/git/hook.go:45.16,47.3 1 0
github.com/greycoderk/lore/internal/git/hook.go:48.2,48.21 1 1
github.com/greycoderk/lore/internal/git/hook.go:48.21,50.3 1 1
github.com/greycoderk/lore/internal/git/hook.go:52.2,55.52 2 1
github.com/greycoderk/lore/internal/git/hook.go:55.52,57.93 2 1
github.com/greycoderk/lore/internal/git/hook.go:57.93,60.18 2 1
github.com/greycoderk/lore/internal/git/hook.go:60.18,62.5 1 1
github.com/greycoderk/lore/internal/git/hook.go:63.4,63.72 1 1
github.com/greycoderk/lore/internal/git/hook.go:63.72,65.5 1 0
github.com/greycoderk/lore/internal/git/hook.go:66.4,66.53 1 1
github.com/greycoderk/lore/internal/git/hook.go:69.3,70.71 2 1
github.com/greycoderk/lore/internal/git/hook.go:70.71,72.4 1 0
github.com/greycoderk/lore/internal/git/hook.go:73.3,73.52 1 1
github.com/greycoderk/lore/internal/git/hook.go:77.2,77.52 1 1
github.com/greycoderk/lore/internal/git/hook.go:77.52,79.3 1 0
github.com/greycoderk/lore/internal/git/hook.go:80.2,81.67 2 1
github.com/greycoderk/lore/internal/git/hook.go:81.67,83.3 1 0
github.com/greycoderk/lore/internal/git/hook.go:84.2,84.51 1 1
github.com/greycoderk/lore/internal/git/hook.go:91.67,95.26 3 1
github.com/greycoderk/lore/internal/git/hook.go:95.26,97.3 1 1
github.com/greycoderk/lore/internal/git/hook.go:98.2,98.25 1 1
github.com/greycoderk/lore/internal/git/hook.go:98.25,100.3 1 1
github.com/greycoderk/lore/internal/git/hook.go:101.2,101.25 1 1
github.com/greycoderk/lore/internal/git/hook.go:101.25,103.3 1 1
github.com/greycoderk/lore/internal/git/hook.go:105.2,107.23 3 1
github.com/greycoderk/lore/internal/git/hook.go:107.23,109.3 1 1
github.com/greycoderk/lore/internal/git/hook.go:111.2,113.54 2 1
github.com/greycoderk/lore/internal/git/hook.go:113.54,115.3 1 1
github.com/greycoderk/lore/internal/git/hook.go:116.2,116.69 1 1
github.com/greycoderk/lore/internal/git/hook.go:121.53,125.16 3 1
github.com/greycoderk/lore/internal/git/hook.go:125.16,126.25 1 1
github.com/greycoderk/lore/internal/git/hook.go:126.25,128.4 1 1
github.com/greycoderk/lore/internal/git/hook.go:129.3,129.60 1 0
github.com/greycoderk/lore/internal/git/hook.go:132.2,135.26 4 1
github.com/greycoderk/lore/internal/git/hook.go:135.26,137.3 1 1
github.com/greycoderk/lore/internal/git/hook.go:138.2,138.25 1 1
github.com/greycoderk/lore/internal/git/hook.go:138.25,140.3 1 1
github.com/greycoderk/lore/internal/git/hook.go:141.2,141.25 1 1
github.com/greycoderk/lore/internal/git/hook.go:141.25,143.3 1 1
github.com/greycoderk/lore/internal/git/hook.go:146.2,148.23 3 1
github.com/greycoderk/lore/internal/git/hook.go:148.23,150.3 1 0
github.com/greycoderk/lore/internal/git/hook.go:151.2,153.54 2 1
github.com/greycoderk/lore/internal/git/hook.go:153.54,155.3 1 1
github.com/greycoderk/lore/internal/git/hook.go:157.2,157.49 1 1
github.com/greycoderk/lore/internal/git/hook.go:157.49,159.3 1 1
github.com/greycoderk/lore/internal/git/hook.go:161.2,165.47 3 1
github.com/greycoderk/lore/internal/git/hook.go:165.47,167.3 1 1
github.com/greycoderk/lore/internal/git/hook.go:169.2,169.59 1 1
github.com/greycoderk/lore/internal/git/hook.go:174.58,178.16 3 1
github.com/greycoderk/lore/internal/git/hook.go:178.16,179.25 1 1
github.com/greycoderk/lore/internal/git/hook.go:179.25,181.4 1 1
github.com/greycoderk/lore/internal/git/hook.go:182.3,182.67 1 0
github.com/greycoderk/lore/internal/git/hook.go:185.2,187.24 3 1
github.com/greycoderk/lore/internal/git/hook.go:187.24,189.3 1 1
github.com/greycoderk/lore/internal/git/hook.go:190.2,190.32 1 1
github.com/greycoderk/lore/internal/git/hook.go:193.54,195.2 1 1
github.com/greycoderk/lore/internal/git/hookscript.go:12.30,14.2 1 1
