mode: set
github.com/greycoderk/lore/main.go:8.13,10.2 1 0
github.com/greycoderk/lore/internal/domain/paths.go:23.38,25.2 1 0
github.com/greycoderk/lore/internal/domain/types.go:17.31,22.2 4 0
github.com/greycoderk/lore/internal/domain/types.go:95.34,97.2 1 0
github.com/greycoderk/lore/internal/domain/types.go:253.40,253.70 1 0
github.com/greycoderk/lore/internal/domain/types.go:253.70,253.85 1 0
github.com/greycoderk/lore/internal/domain/types.go:254.40,254.70 1 0
github.com/greycoderk/lore/internal/domain/types.go:254.70,254.89 1 0
github.com/greycoderk/lore/internal/domain/types.go:255.40,255.70 1 0
github.com/greycoderk/lore/internal/domain/types.go:255.70,255.91 1 0
github.com/greycoderk/lore/internal/domain/types.go:256.42,256.72 1 0
github.com/greycoderk/lore/internal/domain/types.go:256.72,256.89 1 0
github.com/greycoderk/lore/internal/domain/types.go:257.40,257.70 1 0
github.com/greycoderk/lore/internal/domain/types.go:257.70,257.86 1 0
github.com/greycoderk/lore/internal/credential/keychain_darwin.go:24.41,26.42 2 0
github.com/greycoderk/lore/internal/credential/keychain_darwin.go:26.42,28.3 1 0
github.com/greycoderk/lore/internal/credential/keychain_darwin.go:29.2,29.39 1 0
github.com/greycoderk/lore/internal/credential/keychain_darwin.go:32.59,34.2 1 0
github.com/greycoderk/lore/internal/credential/keychain_darwin.go:36.65,38.51 2 0
github.com/greycoderk/lore/internal/credential/keychain_darwin.go:38.51,40.3 1 0
github.com/greycoderk/lore/internal/credential/keychain_darwin.go:43.2,43.75 1 0
github.com/greycoderk/lore/internal/credential/keychain_darwin.go:43.75,45.3 1 0
github.com/greycoderk/lore/internal/credential/keychain_darwin.go:47.2,56.34 5 0
github.com/greycoderk/lore/internal/credential/keychain_darwin.go:56.34,58.3 1 0
github.com/greycoderk/lore/internal/credential/keychain_darwin.go:59.2,59.12 1 0
github.com/greycoderk/lore/internal/credential/keychain_darwin.go:62.60,63.51 1 0
github.com/greycoderk/lore/internal/credential/keychain_darwin.go:63.51,65.3 1 0
github.com/greycoderk/lore/internal/credential/keychain_darwin.go:66.2,75.34 5 0
github.com/greycoderk/lore/internal/credential/keychain_darwin.go:75.34,77.110 2 0
github.com/greycoderk/lore/internal/credential/keychain_darwin.go:77.110,79.4 1 0
github.com/greycoderk/lore/internal/credential/keychain_darwin.go:80.3,80.74 1 0
github.com/greycoderk/lore/internal/credential/keychain_darwin.go:83.2,83.45 1 0
github.com/greycoderk/lore/internal/credential/keychain_darwin.go:86.53,88.51 2 0
github.com/greycoderk/lore/internal/credential/keychain_darwin.go:88.51,90.3 1 0
github.com/greycoderk/lore/internal/credential/keychain_darwin.go:91.2,98.34 4 0
github.com/greycoderk/lore/internal/credential/keychain_darwin.go:98.34,100.110 2 0
github.com/greycoderk/lore/internal/credential/keychain_darwin.go:100.110,102.4 1 0
github.com/greycoderk/lore/internal/credential/keychain_darwin.go:103.3,103.72 1 0
github.com/greycoderk/lore/internal/credential/keychain_darwin.go:105.2,105.12 1 0
github.com/greycoderk/lore/internal/credential/keychain_darwin.go:108.48,109.18 1 0
github.com/greycoderk/lore/internal/credential/keychain_darwin.go:109.18,111.3 1 0
github.com/greycoderk/lore/internal/credential/keychain_darwin.go:113.2,115.35 2 0
github.com/greycoderk/lore/internal/credential/keychain_darwin.go:115.35,117.17 2 0
github.com/greycoderk/lore/internal/credential/keychain_darwin.go:117.17,119.4 1 0
github.com/greycoderk/lore/internal/credential/keychain_darwin.go:119.9,119.42 1 0
github.com/greycoderk/lore/internal/credential/keychain_darwin.go:119.42,121.4 1 0
github.com/greycoderk/lore/internal/credential/keychain_darwin.go:123.2,125.19 3 0
github.com/greycoderk/lore/internal/credential/store.go:22.37,23.35 1 0
github.com/greycoderk/lore/internal/credential/store.go:23.35,24.13 1 0
github.com/greycoderk/lore/internal/credential/store.go:24.13,26.4 1 0
github.com/greycoderk/lore/internal/credential/store.go:28.2,28.14 1 0
github.com/greycoderk/lore/internal/credential/store.go:33.42,34.43 1 0
github.com/greycoderk/lore/internal/credential/store.go:34.43,36.3 1 0
github.com/greycoderk/lore/internal/credential/store.go:37.2,37.12 1 0
github.com/greycoderk/lore/internal/credential/store.go:58.33,60.2 1 0
github.com/greycoderk/lore/internal/angela/coherence.go:15.92,16.22 1 1
github.com/greycoderk/lore/internal/angela/coherence.go:16.22,18.3 1 1
github.com/greycoderk/lore/internal/angela/coherence.go:20.2,23.31 2 1
github.com/greycoderk/lore/internal/angela/coherence.go:23.31,24.38 1 1
github.com/greycoderk/lore/internal/angela/coherence.go:24.38,25.12 1 0
github.com/greycoderk/lore/internal/angela/coherence.go:27.3,27.69 1 1
github.com/greycoderk/lore/internal/angela/coherence.go:27.69,33.4 1 1
github.com/greycoderk/lore/internal/angela/coherence.go:37.2,37.31 1 1
github.com/greycoderk/lore/internal/angela/coherence.go:37.31,38.38 1 1
github.com/greycoderk/lore/internal/angela/coherence.go:38.38,39.12 1 0
github.com/greycoderk/lore/internal/angela/coherence.go:41.3,41.53 1 1
github.com/greycoderk/lore/internal/angela/coherence.go:41.53,42.12 1 0
github.com/greycoderk/lore/internal/angela/coherence.go:44.3,44.69 1 1
github.com/greycoderk/lore/internal/angela/coherence.go:44.69,50.4 1 1
github.com/greycoderk/lore/internal/angela/coherence.go:54.2,56.31 3 1
github.com/greycoderk/lore/internal/angela/coherence.go:56.31,57.38 1 1
github.com/greycoderk/lore/internal/angela/coherence.go:57.38,58.12 1 0
github.com/greycoderk/lore/internal/angela/coherence.go:60.3,61.57 2 1
github.com/greycoderk/lore/internal/angela/coherence.go:61.57,62.55 1 0
github.com/greycoderk/lore/internal/angela/coherence.go:62.55,68.5 1 0
github.com/greycoderk/lore/internal/angela/coherence.go:72.2,72.20 1 1
github.com/greycoderk/lore/internal/angela/coherence.go:75.39,76.25 1 1
github.com/greycoderk/lore/internal/angela/coherence.go:76.25,77.26 1 1
github.com/greycoderk/lore/internal/angela/coherence.go:77.26,78.20 1 1
github.com/greycoderk/lore/internal/angela/coherence.go:78.20,80.5 1 1
github.com/greycoderk/lore/internal/angela/coherence.go:83.2,83.14 1 0
github.com/greycoderk/lore/internal/angela/coherence.go:86.39,88.2 1 1
github.com/greycoderk/lore/internal/angela/coherence.go:90.63,92.28 2 1
github.com/greycoderk/lore/internal/angela/coherence.go:92.28,93.33 1 0
github.com/greycoderk/lore/internal/angela/coherence.go:93.33,95.4 1 0
github.com/greycoderk/lore/internal/angela/coherence.go:97.2,97.14 1 1
github.com/greycoderk/lore/internal/angela/corpus_signals.go:41.61,47.20 2 1
github.com/greycoderk/lore/internal/angela/corpus_signals.go:47.20,49.3 1 1
github.com/greycoderk/lore/internal/angela/corpus_signals.go:52.2,53.27 2 1
github.com/greycoderk/lore/internal/angela/corpus_signals.go:53.27,55.32 2 1
github.com/greycoderk/lore/internal/angela/corpus_signals.go:55.32,56.27 1 1
github.com/greycoderk/lore/internal/angela/corpus_signals.go:56.27,58.5 1 1
github.com/greycoderk/lore/internal/angela/corpus_signals.go:59.4,59.37 1 1
github.com/greycoderk/lore/internal/angela/corpus_signals.go:62.2,62.34 1 1
github.com/greycoderk/lore/internal/angela/corpus_signals.go:62.34,63.24 1 1
github.com/greycoderk/lore/internal/angela/corpus_signals.go:63.24,65.4 1 1
github.com/greycoderk/lore/internal/angela/corpus_signals.go:66.3,66.41 1 1
github.com/greycoderk/lore/internal/angela/corpus_signals.go:70.2,71.32 2 1
github.com/greycoderk/lore/internal/angela/corpus_signals.go:71.32,72.22 1 1
github.com/greycoderk/lore/internal/angela/corpus_signals.go:72.22,73.25 1 1
github.com/greycoderk/lore/internal/angela/corpus_signals.go:73.25,75.5 1 1
github.com/greycoderk/lore/internal/angela/corpus_signals.go:82.2,83.23 2 1
github.com/greycoderk/lore/internal/angela/corpus_signals.go:83.23,85.3 1 0
github.com/greycoderk/lore/internal/angela/corpus_signals.go:86.2,86.35 1 1
github.com/greycoderk/lore/internal/angela/corpus_signals.go:86.35,87.40 1 1
github.com/greycoderk/lore/internal/angela/corpus_signals.go:87.40,88.36 1 1
github.com/greycoderk/lore/internal/angela/corpus_signals.go:88.36,89.13 1 1
github.com/greycoderk/lore/internal/angela/corpus_signals.go:91.4,92.24 2 1
github.com/greycoderk/lore/internal/angela/corpus_signals.go:92.24,93.13 1 1
github.com/greycoderk/lore/internal/angela/corpus_signals.go:96.4,97.22 2 1
github.com/greycoderk/lore/internal/angela/corpus_signals.go:97.22,105.5 1 1
github.com/greycoderk/lore/internal/angela/corpus_signals.go:109.3,109.67 1 1
github.com/greycoderk/lore/internal/angela/corpus_signals.go:109.67,111.4 1 1
github.com/greycoderk/lore/internal/angela/corpus_signals.go:115.2,115.63 1 1
github.com/greycoderk/lore/internal/angela/corpus_signals.go:115.63,117.3 1 1
github.com/greycoderk/lore/internal/angela/corpus_signals.go:120.2,120.38 1 1
github.com/greycoderk/lore/internal/angela/corpus_signals.go:120.38,122.3 1 1
github.com/greycoderk/lore/internal/angela/corpus_signals.go:124.2,124.16 1 1
github.com/greycoderk/lore/internal/angela/corpus_signals.go:128.44,130.24 2 1
github.com/greycoderk/lore/internal/angela/corpus_signals.go:130.24,132.3 1 1
github.com/greycoderk/lore/internal/angela/corpus_signals.go:133.2,135.24 3 1
github.com/greycoderk/lore/internal/angela/corpus_signals.go:135.24,136.30 1 1
github.com/greycoderk/lore/internal/angela/corpus_signals.go:136.30,139.4 2 1
github.com/greycoderk/lore/internal/angela/corpus_signals.go:141.2,141.15 1 1
github.com/greycoderk/lore/internal/angela/corpus_signals.go:146.46,147.40 1 1
github.com/greycoderk/lore/internal/angela/corpus_signals.go:147.40,149.3 1 1
github.com/greycoderk/lore/internal/angela/corpus_signals.go:152.2,155.14 4 1
github.com/greycoderk/lore/internal/angela/corpus_signals.go:155.14,157.3 1 1
github.com/greycoderk/lore/internal/angela/corpus_signals.go:158.2,158.13 1 1
github.com/greycoderk/lore/internal/angela/corpus_signals.go:162.39,163.20 1 1
github.com/greycoderk/lore/internal/angela/corpus_signals.go:163.20,165.3 1 0
github.com/greycoderk/lore/internal/angela/corpus_signals.go:166.2,167.16 2 1
github.com/greycoderk/lore/internal/angela/corpus_signals.go:167.16,169.3 1 1
github.com/greycoderk/lore/internal/angela/corpus_signals.go:170.2,170.30 1 1
github.com/greycoderk/lore/internal/angela/diff.go:34.56,39.67 3 1
github.com/greycoderk/lore/internal/angela/diff.go:39.67,45.3 1 0
github.com/greycoderk/lore/internal/angela/diff.go:48.2,54.50 3 1
github.com/greycoderk/lore/internal/angela/diff.go:64.40,67.20 3 1
github.com/greycoderk/lore/internal/angela/diff.go:67.20,69.3 1 1
github.com/greycoderk/lore/internal/angela/diff.go:70.2,70.26 1 1
github.com/greycoderk/lore/internal/angela/diff.go:70.26,71.27 1 1
github.com/greycoderk/lore/internal/angela/diff.go:71.27,72.24 1 1
github.com/greycoderk/lore/internal/angela/diff.go:72.24,74.5 1 1
github.com/greycoderk/lore/internal/angela/diff.go:74.10,74.39 1 1
github.com/greycoderk/lore/internal/angela/diff.go:74.39,76.5 1 1
github.com/greycoderk/lore/internal/angela/diff.go:76.10,78.5 1 1
github.com/greycoderk/lore/internal/angela/diff.go:81.2,81.11 1 1
github.com/greycoderk/lore/internal/angela/diff.go:84.57,87.21 3 1
github.com/greycoderk/lore/internal/angela/diff.go:87.21,88.41 1 1
github.com/greycoderk/lore/internal/angela/diff.go:88.41,92.4 3 1
github.com/greycoderk/lore/internal/angela/diff.go:92.9,92.59 1 1
github.com/greycoderk/lore/internal/angela/diff.go:92.59,95.4 2 1
github.com/greycoderk/lore/internal/angela/diff.go:95.9,98.4 2 1
github.com/greycoderk/lore/internal/angela/diff.go:101.2,101.52 1 1
github.com/greycoderk/lore/internal/angela/diff.go:101.52,103.3 1 1
github.com/greycoderk/lore/internal/angela/diff.go:104.2,104.12 1 1
github.com/greycoderk/lore/internal/angela/diff.go:107.91,113.27 5 1
github.com/greycoderk/lore/internal/angela/diff.go:113.27,114.21 1 1
github.com/greycoderk/lore/internal/angela/diff.go:114.21,115.17 1 1
github.com/greycoderk/lore/internal/angela/diff.go:115.17,118.5 2 1
github.com/greycoderk/lore/internal/angela/diff.go:119.9,119.22 1 1
github.com/greycoderk/lore/internal/angela/diff.go:119.22,122.4 2 1
github.com/greycoderk/lore/internal/angela/diff.go:124.2,124.14 1 1
github.com/greycoderk/lore/internal/angela/diff.go:124.14,126.3 1 0
github.com/greycoderk/lore/internal/angela/diff.go:128.2,129.28 2 1
github.com/greycoderk/lore/internal/angela/diff.go:129.28,133.43 2 1
github.com/greycoderk/lore/internal/angela/diff.go:133.43,134.22 1 1
github.com/greycoderk/lore/internal/angela/diff.go:134.22,136.27 2 1
github.com/greycoderk/lore/internal/angela/diff.go:136.27,138.6 1 1
github.com/greycoderk/lore/internal/angela/diff.go:139.5,139.21 1 1
github.com/greycoderk/lore/internal/angela/diff.go:141.4,141.22 1 1
github.com/greycoderk/lore/internal/angela/diff.go:141.22,143.26 2 1
github.com/greycoderk/lore/internal/angela/diff.go:143.26,145.6 1 1
github.com/greycoderk/lore/internal/angela/diff.go:146.5,146.20 1 1
github.com/greycoderk/lore/internal/angela/diff.go:150.3,150.25 1 1
github.com/greycoderk/lore/internal/angela/diff.go:150.25,152.4 1 1
github.com/greycoderk/lore/internal/angela/diff.go:153.3,153.24 1 1
github.com/greycoderk/lore/internal/angela/diff.go:153.24,155.4 1 1
github.com/greycoderk/lore/internal/angela/diff.go:158.3,159.19 2 1
github.com/greycoderk/lore/internal/angela/diff.go:159.19,161.4 1 1
github.com/greycoderk/lore/internal/angela/diff.go:162.3,162.39 1 1
github.com/greycoderk/lore/internal/angela/diff.go:162.39,163.28 1 1
github.com/greycoderk/lore/internal/angela/diff.go:163.28,165.5 1 1
github.com/greycoderk/lore/internal/angela/diff.go:169.3,170.26 2 1
github.com/greycoderk/lore/internal/angela/diff.go:170.26,172.4 1 1
github.com/greycoderk/lore/internal/angela/diff.go:173.3,173.35 1 1
github.com/greycoderk/lore/internal/angela/diff.go:173.35,174.28 1 1
github.com/greycoderk/lore/internal/angela/diff.go:174.28,176.5 1 1
github.com/greycoderk/lore/internal/angela/diff.go:179.3,179.30 1 1
github.com/greycoderk/lore/internal/angela/diff.go:182.2,182.14 1 1
github.com/greycoderk/lore/internal/angela/diff.go:186.61,188.26 2 0
github.com/greycoderk/lore/internal/angela/diff.go:188.26,189.12 1 0
github.com/greycoderk/lore/internal/angela/diff.go:189.12,191.4 1 0
github.com/greycoderk/lore/internal/angela/diff.go:192.3,192.40 1 0
github.com/greycoderk/lore/internal/angela/diff.go:192.40,194.4 1 0
github.com/greycoderk/lore/internal/angela/diff.go:195.3,195.35 1 0
github.com/greycoderk/lore/internal/angela/diff.go:195.35,197.4 1 0
github.com/greycoderk/lore/internal/angela/diff.go:198.3,198.35 1 0
github.com/greycoderk/lore/internal/angela/diff.go:198.35,200.4 1 0
github.com/greycoderk/lore/internal/angela/diff.go:201.3,201.39 1 0
github.com/greycoderk/lore/internal/angela/diff.go:201.39,203.4 1 0
github.com/greycoderk/lore/internal/angela/diff.go:215.100,218.17 2 0
github.com/greycoderk/lore/internal/angela/diff.go:218.17,221.3 2 0
github.com/greycoderk/lore/internal/angela/diff.go:223.2,223.17 1 0
github.com/greycoderk/lore/internal/angela/diff.go:223.17,224.27 1 0
github.com/greycoderk/lore/internal/angela/diff.go:224.27,226.4 1 0
github.com/greycoderk/lore/internal/angela/diff.go:227.3,228.23 2 0
github.com/greycoderk/lore/internal/angela/diff.go:231.2,232.26 2 0
github.com/greycoderk/lore/internal/angela/diff.go:232.26,235.40 2 0
github.com/greycoderk/lore/internal/angela/diff.go:235.40,237.4 1 0
github.com/greycoderk/lore/internal/angela/diff.go:238.3,238.35 1 0
github.com/greycoderk/lore/internal/angela/diff.go:238.35,240.4 1 0
github.com/greycoderk/lore/internal/angela/diff.go:241.3,241.35 1 0
github.com/greycoderk/lore/internal/angela/diff.go:241.35,243.4 1 0
github.com/greycoderk/lore/internal/angela/diff.go:244.3,244.39 1 0
github.com/greycoderk/lore/internal/angela/diff.go:244.39,246.4 1 0
github.com/greycoderk/lore/internal/angela/diff.go:248.3,249.22 2 0
github.com/greycoderk/lore/internal/angela/diff.go:249.22,251.21 2 0
github.com/greycoderk/lore/internal/angela/diff.go:251.21,253.5 1 0
github.com/greycoderk/lore/internal/angela/diff.go:254.4,254.9 1 0
github.com/greycoderk/lore/internal/angela/diff.go:256.3,257.16 2 0
github.com/greycoderk/lore/internal/angela/diff.go:258.19,259.22 1 0
github.com/greycoderk/lore/internal/angela/diff.go:260.20,261.24 1 0
github.com/greycoderk/lore/internal/angela/diff.go:262.11,263.23 1 0
github.com/greycoderk/lore/internal/angela/diff.go:267.2,267.22 1 0
github.com/greycoderk/lore/internal/angela/diff.go:272.75,276.39 2 1
github.com/greycoderk/lore/internal/angela/diff.go:276.39,277.19 1 1
github.com/greycoderk/lore/internal/angela/diff.go:277.19,278.12 1 1
github.com/greycoderk/lore/internal/angela/diff.go:280.3,284.14 3 1
github.com/greycoderk/lore/internal/angela/diff.go:284.14,285.12 1 0
github.com/greycoderk/lore/internal/angela/diff.go:289.3,293.19 5 1
github.com/greycoderk/lore/internal/angela/diff.go:296.2,296.34 1 1
github.com/greycoderk/lore/internal/angela/diff.go:301.63,302.24 1 1
github.com/greycoderk/lore/internal/angela/diff.go:302.24,304.38 1 0
github.com/greycoderk/lore/internal/angela/diff.go:304.38,306.4 1 0
github.com/greycoderk/lore/internal/angela/diff.go:307.3,307.20 1 0
github.com/greycoderk/lore/internal/angela/diff.go:311.2,311.51 1 1
github.com/greycoderk/lore/internal/angela/diff.go:311.51,312.59 1 1
github.com/greycoderk/lore/internal/angela/diff.go:312.59,314.4 1 1
github.com/greycoderk/lore/internal/angela/diff.go:318.2,318.49 1 0
github.com/greycoderk/lore/internal/angela/diff.go:318.49,319.53 1 0
github.com/greycoderk/lore/internal/angela/diff.go:319.53,321.4 1 0
github.com/greycoderk/lore/internal/angela/diff.go:323.2,323.11 1 0
github.com/greycoderk/lore/internal/angela/diff.go:326.37,327.22 1 1
github.com/greycoderk/lore/internal/angela/diff.go:327.22,329.3 1 0
github.com/greycoderk/lore/internal/angela/diff.go:330.2,330.19 1 1
github.com/greycoderk/lore/internal/angela/diff.go:330.19,331.19 1 1
github.com/greycoderk/lore/internal/angela/diff.go:331.19,333.4 1 0
github.com/greycoderk/lore/internal/angela/diff.go:335.2,335.13 1 1
github.com/greycoderk/lore/internal/angela/diff.go:338.36,339.13 1 1
github.com/greycoderk/lore/internal/angela/diff.go:339.13,341.3 1 0
github.com/greycoderk/lore/internal/angela/diff.go:342.2,342.31 1 1
github.com/greycoderk/lore/internal/angela/draft.go:23.136,39.23 6 1
github.com/greycoderk/lore/internal/angela/draft.go:39.23,41.3 1 1
github.com/greycoderk/lore/internal/angela/draft.go:43.2,43.20 1 1
github.com/greycoderk/lore/internal/angela/draft.go:47.42,48.38 1 1
github.com/greycoderk/lore/internal/angela/draft.go:48.38,50.3 1 0
github.com/greycoderk/lore/internal/angela/draft.go:51.2,52.13 2 1
github.com/greycoderk/lore/internal/angela/draft.go:52.13,54.3 1 0
github.com/greycoderk/lore/internal/angela/draft.go:55.2,55.22 1 1
github.com/greycoderk/lore/internal/angela/draft.go:59.66,64.18 4 1
github.com/greycoderk/lore/internal/angela/draft.go:64.18,67.3 2 1
github.com/greycoderk/lore/internal/angela/draft.go:69.2,74.14 5 1
github.com/greycoderk/lore/internal/angela/draft.go:74.14,80.3 1 1
github.com/greycoderk/lore/internal/angela/draft.go:82.2,82.27 1 1
github.com/greycoderk/lore/internal/angela/draft.go:82.27,88.3 1 1
github.com/greycoderk/lore/internal/angela/draft.go:90.2,90.45 1 1
github.com/greycoderk/lore/internal/angela/draft.go:90.45,96.3 1 1
github.com/greycoderk/lore/internal/angela/draft.go:96.8,96.53 1 1
github.com/greycoderk/lore/internal/angela/draft.go:96.53,102.3 1 1
github.com/greycoderk/lore/internal/angela/draft.go:104.2,104.16 1 1
github.com/greycoderk/lore/internal/angela/draft.go:104.16,110.3 1 1
github.com/greycoderk/lore/internal/angela/draft.go:113.2,114.20 2 1
github.com/greycoderk/lore/internal/angela/draft.go:114.20,120.3 1 1
github.com/greycoderk/lore/internal/angela/draft.go:123.2,123.80 1 1
github.com/greycoderk/lore/internal/angela/draft.go:123.80,129.3 1 1
github.com/greycoderk/lore/internal/angela/draft.go:131.2,131.20 1 1
github.com/greycoderk/lore/internal/angela/draft.go:135.152,139.18 3 1
github.com/greycoderk/lore/internal/angela/draft.go:139.18,141.3 1 1
github.com/greycoderk/lore/internal/angela/draft.go:144.2,144.53 1 1
github.com/greycoderk/lore/internal/angela/draft.go:144.53,150.3 1 1
github.com/greycoderk/lore/internal/angela/draft.go:153.2,153.47 1 1
github.com/greycoderk/lore/internal/angela/draft.go:153.47,159.3 1 0
github.com/greycoderk/lore/internal/angela/draft.go:162.2,163.84 2 1
github.com/greycoderk/lore/internal/angela/draft.go:163.84,169.3 1 1
github.com/greycoderk/lore/internal/angela/draft.go:171.2,171.20 1 1
github.com/greycoderk/lore/internal/angela/draft.go:175.43,177.29 2 1
github.com/greycoderk/lore/internal/angela/draft.go:177.29,178.40 1 1
github.com/greycoderk/lore/internal/angela/draft.go:178.40,180.4 1 1
github.com/greycoderk/lore/internal/angela/draft.go:182.2,182.14 1 1
github.com/greycoderk/lore/internal/angela/persona.go:55.70,57.19 2 1
github.com/greycoderk/lore/internal/angela/persona.go:57.19,59.7 1 0
github.com/greycoderk/lore/internal/angela/persona.go:60.6,62.52 3 1
github.com/greycoderk/lore/internal/angela/persona.go:62.52,64.79 2 1
github.com/greycoderk/lore/internal/angela/persona.go:64.79,66.8 1 1
github.com/greycoderk/lore/internal/angela/persona.go:67.7,67.47 1 1
github.com/greycoderk/lore/internal/angela/persona.go:69.6,69.36 1 1
github.com/greycoderk/lore/internal/angela/persona.go:69.36,75.7 1 1
github.com/greycoderk/lore/internal/angela/persona.go:76.6,76.16 1 0
github.com/greycoderk/lore/internal/angela/persona.go:97.70,98.60 1 0
github.com/greycoderk/lore/internal/angela/persona.go:98.60,100.26 2 0
github.com/greycoderk/lore/internal/angela/persona.go:100.26,101.16 1 0
github.com/greycoderk/lore/internal/angela/persona.go:103.7,104.31 2 0
github.com/greycoderk/lore/internal/angela/persona.go:104.31,106.139 2 0
github.com/greycoderk/lore/internal/angela/persona.go:106.139,108.14 2 0
github.com/greycoderk/lore/internal/angela/persona.go:111.7,111.18 1 0
github.com/greycoderk/lore/internal/angela/persona.go:111.18,117.8 1 0
github.com/greycoderk/lore/internal/angela/persona.go:119.6,119.16 1 0
github.com/greycoderk/lore/internal/angela/persona.go:140.70,151.26 3 0
github.com/greycoderk/lore/internal/angela/persona.go:151.26,157.7 1 0
github.com/greycoderk/lore/internal/angela/persona.go:158.6,158.16 1 0
github.com/greycoderk/lore/internal/angela/persona.go:179.70,194.34 4 0
github.com/greycoderk/lore/internal/angela/persona.go:194.34,200.7 1 0
github.com/greycoderk/lore/internal/angela/persona.go:201.6,201.16 1 0
github.com/greycoderk/lore/internal/angela/persona.go:222.70,235.37 4 0
github.com/greycoderk/lore/internal/angela/persona.go:235.37,241.7 1 0
github.com/greycoderk/lore/internal/angela/persona.go:242.6,242.16 1 0
github.com/greycoderk/lore/internal/angela/persona.go:263.70,283.34 4 0
github.com/greycoderk/lore/internal/angela/persona.go:283.34,289.7 1 0
github.com/greycoderk/lore/internal/angela/persona.go:290.6,290.16 1 0
github.com/greycoderk/lore/internal/angela/persona.go:302.37,304.29 2 1
github.com/greycoderk/lore/internal/angela/persona.go:304.29,310.3 5 1
github.com/greycoderk/lore/internal/angela/persona.go:311.2,311.12 1 1
github.com/greycoderk/lore/internal/angela/persona.go:317.43,319.58 2 1
github.com/greycoderk/lore/internal/angela/persona.go:319.58,321.24 2 1
github.com/greycoderk/lore/internal/angela/persona.go:321.24,323.4 1 1
github.com/greycoderk/lore/internal/angela/persona.go:325.3,325.47 1 1
github.com/greycoderk/lore/internal/angela/persona.go:325.47,326.53 1 1
github.com/greycoderk/lore/internal/angela/persona.go:326.53,327.23 1 1
github.com/greycoderk/lore/internal/angela/persona.go:327.23,329.6 1 1
github.com/greycoderk/lore/internal/angela/persona.go:333.2,333.14 1 1
github.com/greycoderk/lore/internal/angela/persona.go:337.56,343.29 5 1
github.com/greycoderk/lore/internal/angela/persona.go:343.29,345.40 2 1
github.com/greycoderk/lore/internal/angela/persona.go:345.40,346.27 1 1
github.com/greycoderk/lore/internal/angela/persona.go:346.27,348.5 1 1
github.com/greycoderk/lore/internal/angela/persona.go:349.4,351.12 3 1
github.com/greycoderk/lore/internal/angela/persona.go:353.3,353.26 1 1
github.com/greycoderk/lore/internal/angela/persona.go:353.26,355.4 1 1
github.com/greycoderk/lore/internal/angela/persona.go:357.2,357.25 1 1
github.com/greycoderk/lore/internal/angela/persona.go:357.25,359.3 1 1
github.com/greycoderk/lore/internal/angela/persona.go:361.2,361.17 1 1
github.com/greycoderk/lore/internal/angela/persona.go:367.60,372.29 4 1
github.com/greycoderk/lore/internal/angela/persona.go:372.29,376.33 2 1
github.com/greycoderk/lore/internal/angela/persona.go:376.33,377.23 1 1
github.com/greycoderk/lore/internal/angela/persona.go:377.23,379.10 2 1
github.com/greycoderk/lore/internal/angela/persona.go:384.3,384.43 1 1
github.com/greycoderk/lore/internal/angela/persona.go:384.43,385.35 1 1
github.com/greycoderk/lore/internal/angela/persona.go:385.35,387.5 1 1
github.com/greycoderk/lore/internal/angela/persona.go:390.3,390.16 1 1
github.com/greycoderk/lore/internal/angela/persona.go:390.16,392.4 1 1
github.com/greycoderk/lore/internal/angela/persona.go:396.2,396.23 1 1
github.com/greycoderk/lore/internal/angela/persona.go:396.23,397.30 1 1
github.com/greycoderk/lore/internal/angela/persona.go:397.30,398.31 1 1
github.com/greycoderk/lore/internal/angela/persona.go:398.31,400.5 1 1
github.com/greycoderk/lore/internal/angela/persona.go:405.2,405.36 1 1
github.com/greycoderk/lore/internal/angela/persona.go:405.36,406.67 1 1
github.com/greycoderk/lore/internal/angela/persona.go:406.67,408.4 1 1
github.com/greycoderk/lore/internal/angela/persona.go:412.2,412.22 1 1
github.com/greycoderk/lore/internal/angela/persona.go:412.22,414.3 1 1
github.com/greycoderk/lore/internal/angela/persona.go:416.2,416.16 1 1
github.com/greycoderk/lore/internal/angela/persona.go:420.56,422.28 2 1
github.com/greycoderk/lore/internal/angela/persona.go:422.28,424.3 1 1
github.com/greycoderk/lore/internal/angela/persona.go:425.2,425.12 1 1
github.com/greycoderk/lore/internal/angela/persona.go:429.51,430.22 1 1
github.com/greycoderk/lore/internal/angela/persona.go:430.22,432.3 1 1
github.com/greycoderk/lore/internal/angela/persona.go:433.2,434.28 2 1
github.com/greycoderk/lore/internal/angela/persona.go:434.28,436.3 1 1
github.com/greycoderk/lore/internal/angela/persona.go:437.2,437.46 1 1
github.com/greycoderk/lore/internal/angela/persona.go:442.81,444.2 1 1
github.com/greycoderk/lore/internal/angela/persona.go:447.121,450.29 2 1
github.com/greycoderk/lore/internal/angela/persona.go:450.29,451.36 1 1
github.com/greycoderk/lore/internal/angela/persona.go:451.36,452.47 1 1
github.com/greycoderk/lore/internal/angela/persona.go:452.47,456.5 3 1
github.com/greycoderk/lore/internal/angela/persona.go:460.2,460.20 1 1
github.com/greycoderk/lore/internal/angela/persona.go:464.59,465.24 1 1
github.com/greycoderk/lore/internal/angela/persona.go:465.24,467.3 1 1
github.com/greycoderk/lore/internal/angela/persona.go:469.2,472.29 3 1
github.com/greycoderk/lore/internal/angela/persona.go:472.29,474.3 1 1
github.com/greycoderk/lore/internal/angela/persona.go:475.2,477.29 2 1
github.com/greycoderk/lore/internal/angela/persona.go:477.29,480.3 2 1
github.com/greycoderk/lore/internal/angela/persona.go:482.2,482.20 1 1
github.com/greycoderk/lore/internal/angela/polish.go:17.142,34.23 12 1
github.com/greycoderk/lore/internal/angela/polish.go:34.23,36.3 1 1
github.com/greycoderk/lore/internal/angela/polish.go:38.2,38.22 1 1
github.com/greycoderk/lore/internal/angela/polish.go:38.22,43.3 4 1
github.com/greycoderk/lore/internal/angela/polish.go:45.2,45.25 1 1
github.com/greycoderk/lore/internal/angela/polish.go:45.25,50.3 4 1
github.com/greycoderk/lore/internal/angela/polish.go:53.2,59.35 6 1
github.com/greycoderk/lore/internal/angela/polish.go:64.57,66.25 2 1
github.com/greycoderk/lore/internal/angela/polish.go:66.25,68.3 1 0
github.com/greycoderk/lore/internal/angela/polish.go:70.2,71.29 2 1
github.com/greycoderk/lore/internal/angela/polish.go:71.29,74.25 3 1
github.com/greycoderk/lore/internal/angela/polish.go:74.25,76.4 1 0
github.com/greycoderk/lore/internal/angela/polish.go:77.3,77.23 1 1
github.com/greycoderk/lore/internal/angela/polish.go:79.2,79.22 1 1
github.com/greycoderk/lore/internal/angela/polish.go:79.22,81.3 1 1
github.com/greycoderk/lore/internal/angela/polish.go:82.2,82.20 1 1
github.com/greycoderk/lore/internal/angela/polish.go:90.179,91.21 1 1
github.com/greycoderk/lore/internal/angela/polish.go:91.21,93.3 1 1
github.com/greycoderk/lore/internal/angela/polish.go:94.2,94.31 1 1
github.com/greycoderk/lore/internal/angela/polish.go:94.31,96.3 1 0
github.com/greycoderk/lore/internal/angela/polish.go:98.2,102.16 5 1
github.com/greycoderk/lore/internal/angela/polish.go:102.16,104.3 1 0
github.com/greycoderk/lore/internal/angela/polish.go:107.2,109.20 2 1
github.com/greycoderk/lore/internal/angela/polish.go:114.38,118.34 2 1
github.com/greycoderk/lore/internal/angela/polish.go:118.34,120.3 1 1
github.com/greycoderk/lore/internal/angela/polish.go:123.2,124.13 2 1
github.com/greycoderk/lore/internal/angela/polish.go:124.13,126.3 1 0
github.com/greycoderk/lore/internal/angela/polish.go:129.2,129.71 1 1
github.com/greycoderk/lore/internal/angela/polish.go:129.71,131.85 1 0
github.com/greycoderk/lore/internal/angela/polish.go:131.85,133.4 1 0
github.com/greycoderk/lore/internal/angela/polish.go:137.2,139.20 3 1
github.com/greycoderk/lore/internal/angela/polish.go:139.20,141.3 1 1
github.com/greycoderk/lore/internal/angela/polish.go:143.2,143.33 1 1
github.com/greycoderk/lore/internal/angela/review.go:55.45,66.2 2 1
github.com/greycoderk/lore/internal/angela/review.go:71.103,92.22 17 1
github.com/greycoderk/lore/internal/angela/review.go:92.22,97.3 4 1
github.com/greycoderk/lore/internal/angela/review.go:100.2,108.35 5 1
github.com/greycoderk/lore/internal/angela/review.go:113.123,114.21 1 1
github.com/greycoderk/lore/internal/angela/review.go:114.21,116.3 1 1
github.com/greycoderk/lore/internal/angela/review.go:118.2,120.39 3 1
github.com/greycoderk/lore/internal/angela/review.go:120.39,122.3 1 0
github.com/greycoderk/lore/internal/angela/review.go:123.2,125.16 3 1
github.com/greycoderk/lore/internal/angela/review.go:125.16,127.3 1 1
github.com/greycoderk/lore/internal/angela/review.go:129.2,130.16 2 1
github.com/greycoderk/lore/internal/angela/review.go:130.16,132.3 1 1
github.com/greycoderk/lore/internal/angela/review.go:134.2,139.8 2 1
github.com/greycoderk/lore/internal/angela/review.go:152.68,157.67 3 1
github.com/greycoderk/lore/internal/angela/review.go:157.67,159.3 1 1
github.com/greycoderk/lore/internal/angela/review.go:162.2,163.23 2 1
github.com/greycoderk/lore/internal/angela/review.go:163.23,164.89 1 1
github.com/greycoderk/lore/internal/angela/review.go:164.89,166.4 1 1
github.com/greycoderk/lore/internal/angela/review.go:170.2,170.81 1 1
github.com/greycoderk/lore/internal/angela/review.go:184.59,185.14 1 1
github.com/greycoderk/lore/internal/angela/review.go:185.14,187.3 1 0
github.com/greycoderk/lore/internal/angela/review.go:188.2,188.19 1 1
github.com/greycoderk/lore/internal/angela/review.go:188.19,190.38 2 1
github.com/greycoderk/lore/internal/angela/review.go:190.38,192.4 1 1
github.com/greycoderk/lore/internal/angela/review.go:194.2,194.10 1 1
github.com/greycoderk/lore/internal/angela/review.go:199.45,200.49 1 1
github.com/greycoderk/lore/internal/angela/review.go:200.49,204.3 3 1
github.com/greycoderk/lore/internal/angela/review.go:209.35,210.40 1 1
github.com/greycoderk/lore/internal/angela/review.go:210.40,212.3 1 1
github.com/greycoderk/lore/internal/angela/review.go:213.2,213.27 1 0
github.com/greycoderk/lore/internal/angela/review.go:219.81,221.16 2 1
github.com/greycoderk/lore/internal/angela/review.go:221.16,223.3 1 0
github.com/greycoderk/lore/internal/angela/review.go:225.2,226.20 2 1
github.com/greycoderk/lore/internal/angela/review.go:226.20,228.3 1 1
github.com/greycoderk/lore/internal/angela/review.go:231.2,231.42 1 1
github.com/greycoderk/lore/internal/angela/review.go:231.42,233.3 1 1
github.com/greycoderk/lore/internal/angela/review.go:236.2,237.22 2 1
github.com/greycoderk/lore/internal/angela/review.go:237.22,239.3 1 1
github.com/greycoderk/lore/internal/angela/review.go:239.8,242.3 2 1
github.com/greycoderk/lore/internal/angela/review.go:245.2,246.32 2 1
github.com/greycoderk/lore/internal/angela/review.go:246.32,248.21 2 1
github.com/greycoderk/lore/internal/angela/review.go:248.21,249.12 1 0
github.com/greycoderk/lore/internal/angela/review.go:252.3,259.5 2 1
github.com/greycoderk/lore/internal/angela/review.go:262.2,262.35 1 1
github.com/greycoderk/lore/internal/angela/review.go:273.54,281.29 7 1
github.com/greycoderk/lore/internal/angela/review.go:281.29,285.23 2 1
github.com/greycoderk/lore/internal/angela/review.go:285.23,286.24 1 1
github.com/greycoderk/lore/internal/angela/review.go:286.24,289.13 3 1
github.com/greycoderk/lore/internal/angela/review.go:291.4,291.21 1 1
github.com/greycoderk/lore/internal/angela/review.go:291.21,293.13 2 1
github.com/greycoderk/lore/internal/angela/review.go:296.3,296.20 1 1
github.com/greycoderk/lore/internal/angela/review.go:296.20,297.12 1 1
github.com/greycoderk/lore/internal/angela/review.go:301.3,301.40 1 1
github.com/greycoderk/lore/internal/angela/review.go:301.40,303.28 1 1
github.com/greycoderk/lore/internal/angela/review.go:303.28,305.19 2 1
github.com/greycoderk/lore/internal/angela/review.go:305.19,307.6 1 1
github.com/greycoderk/lore/internal/angela/review.go:309.4,311.12 3 1
github.com/greycoderk/lore/internal/angela/review.go:315.3,315.39 1 1
github.com/greycoderk/lore/internal/angela/review.go:315.39,316.28 1 0
github.com/greycoderk/lore/internal/angela/review.go:316.28,318.19 2 0
github.com/greycoderk/lore/internal/angela/review.go:318.19,320.6 1 0
github.com/greycoderk/lore/internal/angela/review.go:321.5,322.24 2 0
github.com/greycoderk/lore/internal/angela/review.go:324.4,324.12 1 0
github.com/greycoderk/lore/internal/angela/review.go:328.3,328.27 1 1
github.com/greycoderk/lore/internal/angela/review.go:328.27,329.46 1 1
github.com/greycoderk/lore/internal/angela/review.go:329.46,330.30 1 1
github.com/greycoderk/lore/internal/angela/review.go:330.30,332.6 1 1
github.com/greycoderk/lore/internal/angela/review.go:333.5,333.37 1 1
github.com/greycoderk/lore/internal/angela/review.go:339.2,339.26 1 1
github.com/greycoderk/lore/internal/angela/review.go:339.26,341.17 2 1
github.com/greycoderk/lore/internal/angela/review.go:341.17,343.4 1 1
github.com/greycoderk/lore/internal/angela/review.go:346.2,346.17 1 1
github.com/greycoderk/lore/internal/angela/review.go:350.51,351.43 1 1
github.com/greycoderk/lore/internal/angela/review.go:351.43,353.3 1 1
github.com/greycoderk/lore/internal/angela/review.go:354.2,355.33 2 1
github.com/greycoderk/lore/internal/angela/review_cache.go:29.81,31.53 2 0
github.com/greycoderk/lore/internal/angela/review_cache.go:31.53,33.3 1 0
github.com/greycoderk/lore/internal/angela/review_cache.go:35.2,44.16 3 0
github.com/greycoderk/lore/internal/angela/review_cache.go:44.16,46.3 1 0
github.com/greycoderk/lore/internal/angela/review_cache.go:48.2,49.63 2 0
github.com/greycoderk/lore/internal/angela/review_cache.go:49.63,51.3 1 0
github.com/greycoderk/lore/internal/angela/review_cache.go:52.2,52.12 1 0
github.com/greycoderk/lore/internal/angela/review_cache.go:56.60,59.16 3 0
github.com/greycoderk/lore/internal/angela/review_cache.go:59.16,60.25 1 0
github.com/greycoderk/lore/internal/angela/review_cache.go:60.25,62.4 1 0
github.com/greycoderk/lore/internal/angela/review_cache.go:63.3,63.64 1 0
github.com/greycoderk/lore/internal/angela/review_cache.go:66.2,67.53 2 0
github.com/greycoderk/lore/internal/angela/review_cache.go:67.53,69.3 1 0
github.com/greycoderk/lore/internal/angela/review_cache.go:70.2,70.41 1 0
github.com/greycoderk/lore/internal/angela/review_cache.go:70.41,73.3 1 0
github.com/greycoderk/lore/internal/angela/review_cache.go:74.2,74.20 1 0
github.com/greycoderk/lore/internal/angela/style.go:33.64,41.18 2 1
github.com/greycoderk/lore/internal/angela/style.go:41.18,43.3 1 1
github.com/greycoderk/lore/internal/angela/style.go:45.2,45.25 1 1
github.com/greycoderk/lore/internal/angela/style.go:45.25,46.23 1 1
github.com/greycoderk/lore/internal/angela/style.go:46.23,52.4 1 1
github.com/greycoderk/lore/internal/angela/style.go:55.2,55.39 1 1
github.com/greycoderk/lore/internal/angela/style.go:55.39,56.28 1 1
github.com/greycoderk/lore/internal/angela/style.go:56.28,58.4 1 1
github.com/greycoderk/lore/internal/angela/style.go:60.2,60.48 1 1
github.com/greycoderk/lore/internal/angela/style.go:60.48,61.28 1 1
github.com/greycoderk/lore/internal/angela/style.go:61.28,63.4 1 1
github.com/greycoderk/lore/internal/angela/style.go:65.2,65.43 1 1
github.com/greycoderk/lore/internal/angela/style.go:65.43,66.24 1 1
github.com/greycoderk/lore/internal/angela/style.go:67.12,68.27 1 1
github.com/greycoderk/lore/internal/angela/style.go:69.16,70.32 1 0
github.com/greycoderk/lore/internal/angela/style.go:73.2,73.36 1 1
github.com/greycoderk/lore/internal/angela/style.go:73.36,74.24 1 1
github.com/greycoderk/lore/internal/angela/style.go:75.12,76.21 1 1
github.com/greycoderk/lore/internal/angela/style.go:77.16,78.26 1 0
github.com/greycoderk/lore/internal/angela/style.go:82.2,82.14 1 1
github.com/greycoderk/lore/internal/angela/style.go:87.54,88.18 1 1
github.com/greycoderk/lore/internal/angela/style.go:88.18,90.3 1 1
github.com/greycoderk/lore/internal/angela/style.go:91.2,92.22 2 1
github.com/greycoderk/lore/internal/angela/style.go:92.22,94.3 1 1
github.com/greycoderk/lore/internal/angela/style.go:95.2,95.31 1 1
github.com/greycoderk/lore/internal/angela/style.go:95.31,97.3 1 1
github.com/greycoderk/lore/internal/angela/style.go:98.2,98.29 1 1
github.com/greycoderk/lore/internal/angela/style.go:98.29,100.3 1 1
github.com/greycoderk/lore/internal/angela/style.go:101.2,101.23 1 1
github.com/greycoderk/lore/internal/angela/style.go:101.23,103.3 1 1
github.com/greycoderk/lore/internal/angela/style.go:104.2,104.19 1 1
github.com/greycoderk/lore/internal/angela/summary.go:21.39,25.100 2 1
github.com/greycoderk/lore/internal/angela/summary.go:25.100,26.30 1 1
github.com/greycoderk/lore/internal/angela/summary.go:26.30,28.4 1 1
github.com/greycoderk/lore/internal/angela/summary.go:32.2,32.95 1 1
github.com/greycoderk/lore/internal/angela/summary.go:32.95,33.30 1 1
github.com/greycoderk/lore/internal/angela/summary.go:33.30,35.4 1 1
github.com/greycoderk/lore/internal/angela/summary.go:39.2,39.109 1 1
github.com/greycoderk/lore/internal/angela/summary.go:39.109,40.30 1 1
github.com/greycoderk/lore/internal/angela/summary.go:40.30,42.4 1 1
github.com/greycoderk/lore/internal/angela/summary.go:46.2,46.116 1 1
github.com/greycoderk/lore/internal/angela/summary.go:46.116,47.30 1 1
github.com/greycoderk/lore/internal/angela/summary.go:47.30,49.4 1 1
github.com/greycoderk/lore/internal/angela/summary.go:52.2,52.10 1 1
github.com/greycoderk/lore/internal/angela/summary.go:59.63,62.24 2 1
github.com/greycoderk/lore/internal/angela/summary.go:62.24,66.3 2 1
github.com/greycoderk/lore/internal/angela/summary.go:69.2,70.31 2 1
github.com/greycoderk/lore/internal/angela/summary.go:70.31,72.45 2 1
github.com/greycoderk/lore/internal/angela/summary.go:72.45,74.4 1 1
github.com/greycoderk/lore/internal/angela/summary.go:75.3,75.79 1 1
github.com/greycoderk/lore/internal/angela/summary.go:79.2,79.47 1 1
github.com/greycoderk/lore/internal/angela/summary.go:79.47,81.3 1 1
github.com/greycoderk/lore/internal/angela/summary.go:84.2,85.21 2 1
github.com/greycoderk/lore/internal/angela/summary.go:85.21,87.3 1 1
github.com/greycoderk/lore/internal/angela/summary.go:88.2,93.31 4 1
github.com/greycoderk/lore/internal/angela/summary.go:93.31,96.3 2 1
github.com/greycoderk/lore/internal/angela/summary.go:98.2,98.35 1 1
github.com/greycoderk/lore/internal/angela/tokens.go:11.58,12.14 1 1
github.com/greycoderk/lore/internal/angela/tokens.go:13.16,14.24 1 1
github.com/greycoderk/lore/internal/angela/tokens.go:14.24,16.4 1 1
github.com/greycoderk/lore/internal/angela/tokens.go:17.3,20.22 4 1
github.com/greycoderk/lore/internal/angela/tokens.go:21.16,22.14 1 1
github.com/greycoderk/lore/internal/angela/tokens.go:23.16,24.13 1 1
github.com/greycoderk/lore/internal/angela/tokens.go:25.13,26.14 1 1
github.com/greycoderk/lore/internal/angela/tokens.go:27.10,28.14 1 1
github.com/greycoderk/lore/internal/angela/toon.go:13.34,18.2 4 1
github.com/greycoderk/lore/internal/angela/toon.go:22.75,28.32 4 1
github.com/greycoderk/lore/internal/angela/toon.go:28.32,37.3 2 1
github.com/greycoderk/lore/internal/angela/toon.go:40.2,40.90 1 1
github.com/greycoderk/lore/internal/angela/toon.go:40.90,43.44 3 1
github.com/greycoderk/lore/internal/angela/toon.go:43.44,48.4 3 1
github.com/greycoderk/lore/internal/angela/toon.go:49.3,49.44 1 1
github.com/greycoderk/lore/internal/angela/toon.go:49.44,51.4 1 1
github.com/greycoderk/lore/internal/angela/toon.go:54.2,54.20 1 1
github.com/greycoderk/lore/internal/config/config.go:50.37,53.16 3 1
github.com/greycoderk/lore/internal/config/config.go:53.16,57.17 3 1
github.com/greycoderk/lore/internal/config/config.go:57.17,60.18 3 1
github.com/greycoderk/lore/internal/config/config.go:60.18,62.5 1 0
github.com/greycoderk/lore/internal/config/config.go:65.2,65.35 1 1
github.com/greycoderk/lore/internal/config/config.go:65.35,66.57 1 1
github.com/greycoderk/lore/internal/config/config.go:66.57,68.4 1 0
github.com/greycoderk/lore/internal/config/config.go:68.9,70.4 1 1
github.com/greycoderk/lore/internal/config/config.go:75.30,77.2 1 0
github.com/greycoderk/lore/internal/config/config.go:81.50,82.52 1 1
github.com/greycoderk/lore/internal/config/config.go:82.52,85.17 3 1
github.com/greycoderk/lore/internal/config/config.go:85.17,86.12 1 1
github.com/greycoderk/lore/internal/config/config.go:88.3,88.34 1 1
github.com/greycoderk/lore/internal/config/config.go:88.34,90.4 1 0
github.com/greycoderk/lore/internal/config/config.go:91.3,91.13 1 1
github.com/greycoderk/lore/internal/config/config.go:93.2,93.12 1 1
github.com/greycoderk/lore/internal/config/config.go:98.50,101.29 3 1
github.com/greycoderk/lore/internal/config/config.go:101.29,103.42 2 1
github.com/greycoderk/lore/internal/config/config.go:103.42,105.4 1 1
github.com/greycoderk/lore/internal/config/config.go:107.2,107.20 1 1
github.com/greycoderk/lore/internal/config/config.go:107.20,110.3 1 0
github.com/greycoderk/lore/internal/config/config.go:114.50,123.60 4 1
github.com/greycoderk/lore/internal/config/config.go:123.60,125.3 1 0
github.com/greycoderk/lore/internal/config/config.go:126.2,126.66 1 1
github.com/greycoderk/lore/internal/config/config.go:126.66,128.3 1 0
github.com/greycoderk/lore/internal/config/config.go:131.2,134.41 4 1
github.com/greycoderk/lore/internal/config/config.go:134.41,135.56 1 1
github.com/greycoderk/lore/internal/config/config.go:135.56,137.4 1 1
github.com/greycoderk/lore/internal/config/config.go:141.2,142.42 2 1
github.com/greycoderk/lore/internal/config/config.go:142.42,143.56 1 1
github.com/greycoderk/lore/internal/config/config.go:143.56,145.4 1 0
github.com/greycoderk/lore/internal/config/config.go:146.8,151.61 2 1
github.com/greycoderk/lore/internal/config/config.go:151.61,152.49 1 1
github.com/greycoderk/lore/internal/config/config.go:152.49,155.39 3 1
github.com/greycoderk/lore/internal/config/config.go:155.39,157.6 1 0
github.com/greycoderk/lore/internal/config/config.go:163.2,167.15 4 1
github.com/greycoderk/lore/internal/config/config.go:172.55,180.72 3 1
github.com/greycoderk/lore/internal/config/config.go:180.72,183.3 2 1
github.com/greycoderk/lore/internal/config/config.go:184.2,184.22 1 1
github.com/greycoderk/lore/internal/config/config.go:184.22,186.3 1 1
github.com/greycoderk/lore/internal/config/config.go:189.2,190.67 2 1
github.com/greycoderk/lore/internal/config/config.go:190.67,192.3 1 1
github.com/greycoderk/lore/internal/config/config.go:192.17,194.3 1 0
github.com/greycoderk/lore/internal/config/config.go:195.2,195.18 1 1
github.com/greycoderk/lore/internal/config/config.go:199.47,201.16 2 1
github.com/greycoderk/lore/internal/config/config.go:201.16,203.3 1 1
github.com/greycoderk/lore/internal/config/config.go:204.2,204.27 1 1
github.com/greycoderk/lore/internal/config/config.go:209.40,215.2 5 1
github.com/greycoderk/lore/internal/config/config.go:220.58,221.86 1 1
github.com/greycoderk/lore/internal/config/config.go:221.86,223.3 1 0
github.com/greycoderk/lore/internal/config/config.go:224.2,224.80 1 1
github.com/greycoderk/lore/internal/config/config.go:224.80,226.3 1 0
github.com/greycoderk/lore/internal/config/config.go:227.2,227.12 1 1
github.com/greycoderk/lore/internal/config/config.go:232.76,234.16 2 1
github.com/greycoderk/lore/internal/config/config.go:234.16,236.3 1 0
github.com/greycoderk/lore/internal/config/config.go:237.2,237.42 1 1
github.com/greycoderk/lore/internal/config/config.go:237.42,239.3 1 0
github.com/greycoderk/lore/internal/config/config.go:240.2,240.27 1 1
github.com/greycoderk/lore/internal/config/defaults.go:58.34,90.2 24 1
github.com/greycoderk/lore/internal/config/language.go:18.42,19.74 1 0
github.com/greycoderk/lore/internal/config/language.go:19.74,21.17 2 0
github.com/greycoderk/lore/internal/config/language.go:21.17,22.12 1 0
github.com/greycoderk/lore/internal/config/language.go:24.3,27.56 2 0
github.com/greycoderk/lore/internal/config/language.go:27.56,29.4 1 0
github.com/greycoderk/lore/internal/config/language.go:30.3,30.26 1 0
github.com/greycoderk/lore/internal/config/language.go:32.2,32.11 1 0
github.com/greycoderk/lore/internal/config/validate.go:26.34,28.2 1 1
github.com/greycoderk/lore/internal/config/validate.go:31.34,32.13 1 1
github.com/greycoderk/lore/internal/config/validate.go:32.13,34.3 1 1
github.com/greycoderk/lore/internal/config/validate.go:35.2,35.15 1 1
github.com/greycoderk/lore/internal/config/validate.go:45.70,47.36 2 1
github.com/greycoderk/lore/internal/config/validate.go:47.36,50.30 3 1
github.com/greycoderk/lore/internal/config/validate.go:50.30,51.12 1 0
github.com/greycoderk/lore/internal/config/validate.go:54.3,55.17 2 1
github.com/greycoderk/lore/internal/config/validate.go:55.17,56.12 1 0
github.com/greycoderk/lore/internal/config/validate.go:58.3,59.19 2 1
github.com/greycoderk/lore/internal/config/validate.go:59.19,61.4 1 1
github.com/greycoderk/lore/internal/config/validate.go:62.3,65.34 3 1
github.com/greycoderk/lore/internal/config/validate.go:65.34,66.48 1 1
github.com/greycoderk/lore/internal/config/validate.go:66.48,68.5 1 1
github.com/greycoderk/lore/internal/config/validate.go:71.2,71.15 1 1
github.com/greycoderk/lore/internal/config/validate.go:77.47,83.60 2 1
github.com/greycoderk/lore/internal/config/validate.go:83.60,85.3 1 1
github.com/greycoderk/lore/internal/config/validate.go:88.2,89.16 2 1
github.com/greycoderk/lore/internal/config/validate.go:89.16,93.3 3 1
github.com/greycoderk/lore/internal/config/validate.go:95.2,108.15 13 1
github.com/greycoderk/lore/internal/config/validate.go:112.62,115.52 2 1
github.com/greycoderk/lore/internal/config/validate.go:115.52,117.47 2 1
github.com/greycoderk/lore/internal/config/validate.go:117.47,119.9 2 1
github.com/greycoderk/lore/internal/config/validate.go:122.2,122.16 1 1
github.com/greycoderk/lore/internal/config/validate.go:122.16,124.3 1 1
github.com/greycoderk/lore/internal/config/validate.go:126.2,127.16 2 1
github.com/greycoderk/lore/internal/config/validate.go:127.16,130.3 2 0
github.com/greycoderk/lore/internal/config/validate.go:131.2,131.23 1 1
github.com/greycoderk/lore/internal/config/validate.go:131.23,134.3 2 0
github.com/greycoderk/lore/internal/config/validate.go:136.2,137.51 2 1
github.com/greycoderk/lore/internal/config/validate.go:137.51,140.3 2 1
github.com/greycoderk/lore/internal/config/validate.go:143.2,144.27 2 1
github.com/greycoderk/lore/internal/config/validate.go:144.27,145.24 1 1
github.com/greycoderk/lore/internal/config/validate.go:145.24,147.24 2 1
github.com/greycoderk/lore/internal/config/validate.go:147.24,150.5 1 1
github.com/greycoderk/lore/internal/config/validate.go:150.10,153.5 1 1
github.com/greycoderk/lore/internal/config/validate.go:159.67,161.22 2 1
github.com/greycoderk/lore/internal/config/validate.go:161.22,163.19 2 1
github.com/greycoderk/lore/internal/config/validate.go:163.19,165.4 1 1
github.com/greycoderk/lore/internal/config/validate.go:166.3,167.48 2 1
github.com/greycoderk/lore/internal/config/validate.go:167.48,169.4 1 1
github.com/greycoderk/lore/internal/config/validate.go:171.2,172.13 2 1
github.com/greycoderk/lore/internal/config/validate.go:177.42,180.33 3 1
github.com/greycoderk/lore/internal/config/validate.go:180.33,182.36 1 1
github.com/greycoderk/lore/internal/config/validate.go:182.36,183.12 1 1
github.com/greycoderk/lore/internal/config/validate.go:185.3,186.19 2 1
github.com/greycoderk/lore/internal/config/validate.go:186.19,189.4 2 1
github.com/greycoderk/lore/internal/config/validate.go:191.2,191.13 1 1
github.com/greycoderk/lore/internal/config/validate.go:195.35,197.13 2 1
github.com/greycoderk/lore/internal/config/validate.go:197.13,199.3 1 1
github.com/greycoderk/lore/internal/config/validate.go:200.2,200.13 1 1
github.com/greycoderk/lore/internal/config/validate.go:200.13,202.3 1 1
github.com/greycoderk/lore/internal/config/validate.go:205.2,206.22 2 1
github.com/greycoderk/lore/internal/config/validate.go:206.22,208.3 1 1
github.com/greycoderk/lore/internal/config/validate.go:210.2,210.27 1 1
github.com/greycoderk/lore/internal/config/validate.go:210.27,213.28 3 1
github.com/greycoderk/lore/internal/config/validate.go:213.28,215.24 2 1
github.com/greycoderk/lore/internal/config/validate.go:215.24,217.5 1 1
github.com/greycoderk/lore/internal/config/validate.go:218.4,218.62 1 1
github.com/greycoderk/lore/internal/config/validate.go:220.3,220.14 1 1
github.com/greycoderk/lore/internal/config/validate.go:222.2,222.17 1 1
github.com/greycoderk/lore/internal/engagement/messages.go:12.39,13.11 1 1
github.com/greycoderk/lore/internal/engagement/messages.go:13.11,15.3 1 1
github.com/greycoderk/lore/internal/engagement/messages.go:16.2,17.12 2 1
github.com/greycoderk/lore/internal/engagement/messages.go:17.12,19.3 1 1
github.com/greycoderk/lore/internal/engagement/messages.go:20.2,20.15 1 1
github.com/greycoderk/lore/internal/engagement/messages.go:25.48,26.40 1 1
github.com/greycoderk/lore/internal/engagement/messages.go:26.40,27.20 1 1
github.com/greycoderk/lore/internal/engagement/messages.go:27.20,29.4 1 1
github.com/greycoderk/lore/internal/engagement/messages.go:31.2,31.14 1 1
github.com/greycoderk/lore/internal/engagement/messages.go:39.80,40.39 1 1
github.com/greycoderk/lore/internal/engagement/messages.go:40.39,42.3 1 1
github.com/greycoderk/lore/internal/engagement/messages.go:43.2,44.15 2 1
github.com/greycoderk/lore/internal/engagement/messages.go:44.15,46.3 1 0
github.com/greycoderk/lore/internal/engagement/messages.go:47.2,47.18 1 1
github.com/greycoderk/lore/internal/engagement/star_prompt.go:18.53,19.19 1 1
github.com/greycoderk/lore/internal/engagement/star_prompt.go:19.19,21.3 1 1
github.com/greycoderk/lore/internal/engagement/star_prompt.go:22.2,22.23 1 1
github.com/greycoderk/lore/internal/engagement/star_prompt.go:22.23,24.3 1 1
github.com/greycoderk/lore/internal/engagement/star_prompt.go:25.2,25.17 1 1
github.com/greycoderk/lore/internal/engagement/star_prompt.go:25.17,27.3 1 1
github.com/greycoderk/lore/internal/engagement/star_prompt.go:28.2,28.18 1 1
github.com/greycoderk/lore/internal/engagement/star_prompt.go:28.18,30.3 1 1
github.com/greycoderk/lore/internal/engagement/star_prompt.go:31.2,32.20 2 1
github.com/greycoderk/lore/internal/engagement/star_prompt.go:32.20,34.3 1 1
github.com/greycoderk/lore/internal/engagement/star_prompt.go:35.2,35.35 1 1
github.com/greycoderk/lore/internal/engagement/state.go:22.39,24.2 1 0
github.com/greycoderk/lore/internal/engagement/state.go:27.45,29.16 2 1
github.com/greycoderk/lore/internal/engagement/state.go:29.16,31.3 1 1
github.com/greycoderk/lore/internal/engagement/state.go:32.2,33.53 2 1
github.com/greycoderk/lore/internal/engagement/state.go:33.53,35.3 1 1
github.com/greycoderk/lore/internal/engagement/state.go:36.2,36.14 1 1
github.com/greycoderk/lore/internal/engagement/state.go:40.58,42.16 2 1
github.com/greycoderk/lore/internal/engagement/state.go:42.16,44.3 1 0
github.com/greycoderk/lore/internal/engagement/state.go:45.2,45.62 1 1
github.com/greycoderk/lore/internal/ai/anthropic.go:35.66,37.17 2 1
github.com/greycoderk/lore/internal/ai/anthropic.go:37.17,39.3 1 1
github.com/greycoderk/lore/internal/ai/anthropic.go:40.2,41.57 2 1
github.com/greycoderk/lore/internal/ai/anthropic.go:41.57,43.3 1 1
github.com/greycoderk/lore/internal/ai/anthropic.go:44.2,50.3 1 1
github.com/greycoderk/lore/internal/ai/anthropic.go:85.113,100.27 8 1
github.com/greycoderk/lore/internal/ai/anthropic.go:100.27,108.3 1 1
github.com/greycoderk/lore/internal/ai/anthropic.go:110.2,111.16 2 1
github.com/greycoderk/lore/internal/ai/anthropic.go:111.16,113.3 1 0
github.com/greycoderk/lore/internal/ai/anthropic.go:115.2,116.16 2 1
github.com/greycoderk/lore/internal/ai/anthropic.go:116.16,118.3 1 0
github.com/greycoderk/lore/internal/ai/anthropic.go:119.2,124.16 5 1
github.com/greycoderk/lore/internal/ai/anthropic.go:124.16,126.3 1 1
github.com/greycoderk/lore/internal/ai/anthropic.go:127.2,127.15 1 1
github.com/greycoderk/lore/internal/ai/anthropic.go:127.15,128.45 1 1
github.com/greycoderk/lore/internal/ai/anthropic.go:128.45,130.4 1 0
github.com/greycoderk/lore/internal/ai/anthropic.go:133.2,134.16 2 1
github.com/greycoderk/lore/internal/ai/anthropic.go:134.16,136.3 1 0
github.com/greycoderk/lore/internal/ai/anthropic.go:138.2,138.38 1 1
github.com/greycoderk/lore/internal/ai/anthropic.go:138.38,140.3 1 1
github.com/greycoderk/lore/internal/ai/anthropic.go:142.2,143.58 2 1
github.com/greycoderk/lore/internal/ai/anthropic.go:143.58,145.3 1 0
github.com/greycoderk/lore/internal/ai/anthropic.go:147.2,147.25 1 1
github.com/greycoderk/lore/internal/ai/anthropic.go:147.25,149.3 1 0
github.com/greycoderk/lore/internal/ai/anthropic.go:151.2,151.30 1 1
github.com/greycoderk/lore/internal/ai/anthropic.go:151.30,153.3 1 0
github.com/greycoderk/lore/internal/ai/anthropic.go:155.2,155.34 1 1
github.com/greycoderk/lore/internal/ai/anthropic.go:155.34,157.3 1 0
github.com/greycoderk/lore/internal/ai/anthropic.go:159.2,159.36 1 1
github.com/greycoderk/lore/internal/ai/ollama.go:30.60,32.17 2 1
github.com/greycoderk/lore/internal/ai/ollama.go:32.17,34.3 1 1
github.com/greycoderk/lore/internal/ai/ollama.go:35.2,36.20 2 1
github.com/greycoderk/lore/internal/ai/ollama.go:36.20,38.3 1 1
github.com/greycoderk/lore/internal/ai/ollama.go:39.2,44.3 1 1
github.com/greycoderk/lore/internal/ai/ollama.go:58.110,75.16 9 1
github.com/greycoderk/lore/internal/ai/ollama.go:75.16,77.3 1 0
github.com/greycoderk/lore/internal/ai/ollama.go:79.2,80.16 2 1
github.com/greycoderk/lore/internal/ai/ollama.go:80.16,82.3 1 0
github.com/greycoderk/lore/internal/ai/ollama.go:83.2,86.16 3 1
github.com/greycoderk/lore/internal/ai/ollama.go:86.16,88.3 1 1
github.com/greycoderk/lore/internal/ai/ollama.go:89.2,89.15 1 1
github.com/greycoderk/lore/internal/ai/ollama.go:89.15,90.45 1 1
github.com/greycoderk/lore/internal/ai/ollama.go:90.45,92.4 1 0
github.com/greycoderk/lore/internal/ai/ollama.go:95.2,96.16 2 1
github.com/greycoderk/lore/internal/ai/ollama.go:96.16,98.3 1 0
github.com/greycoderk/lore/internal/ai/ollama.go:100.2,100.38 1 1
github.com/greycoderk/lore/internal/ai/ollama.go:100.38,102.3 1 0
github.com/greycoderk/lore/internal/ai/ollama.go:104.2,105.58 2 1
github.com/greycoderk/lore/internal/ai/ollama.go:105.58,107.3 1 0
github.com/greycoderk/lore/internal/ai/ollama.go:109.2,109.27 1 1
github.com/greycoderk/lore/internal/ai/ollama.go:109.27,111.3 1 0
github.com/greycoderk/lore/internal/ai/ollama.go:113.2,113.29 1 1
github.com/greycoderk/lore/internal/ai/openai.go:33.60,35.17 2 1
github.com/greycoderk/lore/internal/ai/openai.go:35.17,37.3 1 1
github.com/greycoderk/lore/internal/ai/openai.go:38.2,39.57 2 1
github.com/greycoderk/lore/internal/ai/openai.go:39.57,41.3 1 1
github.com/greycoderk/lore/internal/ai/openai.go:42.2,48.3 1 1
github.com/greycoderk/lore/internal/ai/openai.go:71.110,81.27 8 1
github.com/greycoderk/lore/internal/ai/openai.go:81.27,83.3 1 1
github.com/greycoderk/lore/internal/ai/openai.go:84.2,94.16 4 1
github.com/greycoderk/lore/internal/ai/openai.go:94.16,96.3 1 0
github.com/greycoderk/lore/internal/ai/openai.go:98.2,99.16 2 1
github.com/greycoderk/lore/internal/ai/openai.go:99.16,101.3 1 0
github.com/greycoderk/lore/internal/ai/openai.go:102.2,106.16 4 1
github.com/greycoderk/lore/internal/ai/openai.go:106.16,108.3 1 1
github.com/greycoderk/lore/internal/ai/openai.go:109.2,109.15 1 1
github.com/greycoderk/lore/internal/ai/openai.go:109.15,110.45 1 1
github.com/greycoderk/lore/internal/ai/openai.go:110.45,112.4 1 0
github.com/greycoderk/lore/internal/ai/openai.go:115.2,116.16 2 1
github.com/greycoderk/lore/internal/ai/openai.go:116.16,118.3 1 0
github.com/greycoderk/lore/internal/ai/openai.go:120.2,120.38 1 1
github.com/greycoderk/lore/internal/ai/openai.go:120.38,122.3 1 1
github.com/greycoderk/lore/internal/ai/openai.go:124.2,125.58 2 1
github.com/greycoderk/lore/internal/ai/openai.go:125.58,127.3 1 0
github.com/greycoderk/lore/internal/ai/openai.go:129.2,129.30 1 1
github.com/greycoderk/lore/internal/ai/openai.go:129.30,131.3 1 0
github.com/greycoderk/lore/internal/ai/openai.go:133.2,133.45 1 1
github.com/greycoderk/lore/internal/ai/openai.go:133.45,135.3 1 0
github.com/greycoderk/lore/internal/ai/openai.go:137.2,137.47 1 1
github.com/greycoderk/lore/internal/ai/options.go:22.46,28.2 1 1
github.com/greycoderk/lore/internal/ai/options.go:31.92,32.27 1 1
github.com/greycoderk/lore/internal/ai/options.go:32.27,34.3 1 1
github.com/greycoderk/lore/internal/ai/options.go:35.2,35.17 1 1
github.com/greycoderk/lore/internal/ai/options.go:39.51,40.11 1 1
github.com/greycoderk/lore/internal/ai/options.go:40.11,42.3 1 1
github.com/greycoderk/lore/internal/ai/options.go:43.2,43.25 1 1
github.com/greycoderk/lore/internal/ai/options.go:49.46,51.16 2 1
github.com/greycoderk/lore/internal/ai/options.go:51.16,53.3 1 0
github.com/greycoderk/lore/internal/ai/options.go:54.2,54.47 1 1
github.com/greycoderk/lore/internal/ai/options.go:54.47,56.3 1 1
github.com/greycoderk/lore/internal/ai/options.go:57.2,57.18 1 1
github.com/greycoderk/lore/internal/ai/options.go:57.18,59.3 1 1
github.com/greycoderk/lore/internal/ai/options.go:60.2,60.48 1 1
github.com/greycoderk/lore/internal/ai/options.go:60.48,62.3 1 0
github.com/greycoderk/lore/internal/ai/options.go:63.2,63.12 1 1
github.com/greycoderk/lore/internal/ai/options.go:67.36,70.2 2 1
github.com/greycoderk/lore/internal/ai/options.go:74.52,75.22 1 1
github.com/greycoderk/lore/internal/ai/options.go:75.22,77.3 1 1
github.com/greycoderk/lore/internal/ai/options.go:78.2,78.38 1 1
github.com/greycoderk/lore/internal/ai/options.go:83.36,92.69 1 1
github.com/greycoderk/lore/internal/ai/options.go:92.69,94.4 1 1
github.com/greycoderk/lore/internal/ai/provider.go:20.116,21.27 1 1
github.com/greycoderk/lore/internal/ai/provider.go:21.27,23.3 1 1
github.com/greycoderk/lore/internal/ai/provider.go:26.2,26.27 1 1
github.com/greycoderk/lore/internal/ai/provider.go:26.27,27.59 1 0
github.com/greycoderk/lore/internal/ai/provider.go:27.59,29.4 1 0
github.com/greycoderk/lore/internal/ai/provider.go:33.2,34.16 2 1
github.com/greycoderk/lore/internal/ai/provider.go:34.16,36.3 1 0
github.com/greycoderk/lore/internal/ai/provider.go:39.2,42.25 3 1
github.com/greycoderk/lore/internal/ai/provider.go:43.19,44.19 1 1
github.com/greycoderk/lore/internal/ai/provider.go:44.19,46.4 1 1
github.com/greycoderk/lore/internal/ai/provider.go:47.3,47.46 1 1
github.com/greycoderk/lore/internal/ai/provider.go:48.16,49.19 1 1
github.com/greycoderk/lore/internal/ai/provider.go:49.19,51.4 1 1
github.com/greycoderk/lore/internal/ai/provider.go:52.3,52.43 1 1
github.com/greycoderk/lore/internal/ai/provider.go:53.16,54.43 1 1
github.com/greycoderk/lore/internal/ai/provider.go:55.10,56.107 1 1
github.com/greycoderk/lore/internal/ai/provider.go:65.115,67.58 1 1
github.com/greycoderk/lore/internal/ai/provider.go:67.58,69.3 1 1
github.com/greycoderk/lore/internal/ai/provider.go:72.2,72.49 1 1
github.com/greycoderk/lore/internal/ai/provider.go:72.49,73.19 1 1
github.com/greycoderk/lore/internal/ai/provider.go:73.19,75.18 2 1
github.com/greycoderk/lore/internal/ai/provider.go:75.18,77.5 1 1
github.com/greycoderk/lore/internal/ai/provider.go:78.4,78.102 1 1
github.com/greycoderk/lore/internal/ai/provider.go:78.102,80.5 1 1
github.com/greycoderk/lore/internal/ai/provider.go:82.4,82.74 1 1
github.com/greycoderk/lore/internal/ai/provider.go:82.74,84.5 1 1
github.com/greycoderk/lore/internal/ai/provider.go:86.3,86.17 1 1
github.com/greycoderk/lore/internal/ai/provider.go:90.2,90.18 1 1
github.com/greycoderk/lore/internal/ai/provider.go:90.18,92.3 1 1
github.com/greycoderk/lore/internal/ai/provider.go:93.2,93.23 1 1
github.com/greycoderk/lore/internal/ai/scrub.go:11.38,13.2 1 1
github.com/greycoderk/lore/internal/cli/exitcodes.go:27.40,29.2 1 1
github.com/greycoderk/lore/internal/cli/exitcodes.go:32.34,34.24 2 1
github.com/greycoderk/lore/internal/cli/exitcodes.go:34.24,36.3 1 1
github.com/greycoderk/lore/internal/cli/exitcodes.go:37.2,37.11 1 1
github.com/greycoderk/lore/internal/service/angela.go:29.146,34.16 3 0
github.com/greycoderk/lore/internal/service/angela.go:34.16,36.3 1 0
github.com/greycoderk/lore/internal/service/angela.go:37.2,40.16 3 0
github.com/greycoderk/lore/internal/service/angela.go:40.16,42.3 1 0
github.com/greycoderk/lore/internal/service/angela.go:43.2,47.34 3 0
github.com/greycoderk/lore/internal/service/angela.go:47.34,50.3 2 0
github.com/greycoderk/lore/internal/service/angela.go:53.2,63.16 7 0
github.com/greycoderk/lore/internal/service/angela.go:63.16,65.3 1 0
github.com/greycoderk/lore/internal/service/angela.go:68.2,76.8 2 0
github.com/greycoderk/lore/internal/service/angela.go:81.186,84.16 2 0
github.com/greycoderk/lore/internal/service/angela.go:84.16,86.3 1 0
github.com/greycoderk/lore/internal/service/angela.go:89.2,90.23 2 0
github.com/greycoderk/lore/internal/service/angela.go:90.23,93.3 2 0
github.com/greycoderk/lore/internal/service/angela.go:96.2,97.16 2 0
github.com/greycoderk/lore/internal/service/angela.go:97.16,99.3 1 0
github.com/greycoderk/lore/internal/service/angela.go:101.2,101.32 1 0
github.com/greycoderk/lore/internal/service/decision.go:23.135,25.16 2 0
github.com/greycoderk/lore/internal/service/decision.go:25.16,27.3 1 0
github.com/greycoderk/lore/internal/service/decision.go:29.2,30.20 2 0
github.com/greycoderk/lore/internal/service/decision.go:30.20,33.3 1 0
github.com/greycoderk/lore/internal/service/decision.go:34.2,56.8 7 0
github.com/greycoderk/lore/internal/service/decision.go:64.68,75.83 2 0
github.com/greycoderk/lore/internal/service/decision.go:75.83,77.3 1 0
github.com/greycoderk/lore/internal/service/decision.go:78.2,78.11 1 0
github.com/greycoderk/lore/internal/fileutil/atomic.go:14.68,17.16 3 1
github.com/greycoderk/lore/internal/fileutil/atomic.go:17.16,19.3 1 1
github.com/greycoderk/lore/internal/fileutil/atomic.go:20.2,22.43 2 1
github.com/greycoderk/lore/internal/fileutil/atomic.go:22.43,24.56 2 0
github.com/greycoderk/lore/internal/fileutil/atomic.go:24.56,26.4 1 0
github.com/greycoderk/lore/internal/fileutil/atomic.go:27.3,27.53 1 0
github.com/greycoderk/lore/internal/fileutil/atomic.go:29.2,29.36 1 1
github.com/greycoderk/lore/internal/fileutil/atomic.go:29.36,30.56 1 0
github.com/greycoderk/lore/internal/fileutil/atomic.go:30.56,32.4 1 0
github.com/greycoderk/lore/internal/fileutil/atomic.go:33.3,33.53 1 0
github.com/greycoderk/lore/internal/fileutil/atomic.go:35.2,35.48 1 1
github.com/greycoderk/lore/internal/fileutil/atomic.go:35.48,36.56 1 0
github.com/greycoderk/lore/internal/fileutil/atomic.go:36.56,38.4 1 0
github.com/greycoderk/lore/internal/fileutil/atomic.go:39.3,39.53 1 0
github.com/greycoderk/lore/internal/fileutil/atomic.go:41.2,41.49 1 1
github.com/greycoderk/lore/internal/fileutil/atomic.go:41.49,42.56 1 0
github.com/greycoderk/lore/internal/fileutil/atomic.go:42.56,44.4 1 0
github.com/greycoderk/lore/internal/fileutil/atomic.go:45.3,45.54 1 0
github.com/greycoderk/lore/internal/fileutil/atomic.go:47.2,47.12 1 1
github.com/greycoderk/lore/internal/fileutil/atomic.go:54.77,57.16 3 1
github.com/greycoderk/lore/internal/fileutil/atomic.go:57.16,59.3 1 0
github.com/greycoderk/lore/internal/fileutil/atomic.go:60.2,62.43 2 1
github.com/greycoderk/lore/internal/fileutil/atomic.go:62.43,64.56 2 0
github.com/greycoderk/lore/internal/fileutil/atomic.go:64.56,66.4 1 0
github.com/greycoderk/lore/internal/fileutil/atomic.go:67.3,67.53 1 0
github.com/greycoderk/lore/internal/fileutil/atomic.go:69.2,69.36 1 1
github.com/greycoderk/lore/internal/fileutil/atomic.go:69.36,70.56 1 0
github.com/greycoderk/lore/internal/fileutil/atomic.go:70.56,72.4 1 0
github.com/greycoderk/lore/internal/fileutil/atomic.go:73.3,73.53 1 0
github.com/greycoderk/lore/internal/fileutil/atomic.go:75.2,75.48 1 1
github.com/greycoderk/lore/internal/fileutil/atomic.go:75.48,76.56 1 0
github.com/greycoderk/lore/internal/fileutil/atomic.go:76.56,78.4 1 0
github.com/greycoderk/lore/internal/fileutil/atomic.go:79.3,79.53 1 0
github.com/greycoderk/lore/internal/fileutil/atomic.go:84.2,84.47 1 1
github.com/greycoderk/lore/internal/fileutil/atomic.go:84.47,85.56 1 1
github.com/greycoderk/lore/internal/fileutil/atomic.go:85.56,87.4 1 0
github.com/greycoderk/lore/internal/fileutil/atomic.go:88.3,88.13 1 1
github.com/greycoderk/lore/internal/fileutil/atomic.go:90.2,91.12 2 1
github.com/greycoderk/lore/internal/generator/generator.go:29.38,30.56 1 1
github.com/greycoderk/lore/internal/generator/generator.go:30.56,32.3 1 1
github.com/greycoderk/lore/internal/generator/generator.go:33.2,33.40 1 1
github.com/greycoderk/lore/internal/generator/generator.go:49.110,50.9 1 1
github.com/greycoderk/lore/internal/generator/generator.go:51.20,52.37 1 1
github.com/greycoderk/lore/internal/generator/generator.go:53.10,53.10 0 1
github.com/greycoderk/lore/internal/generator/generator.go:56.2,58.29 3 1
github.com/greycoderk/lore/internal/generator/generator.go:58.29,61.3 2 1
github.com/greycoderk/lore/internal/generator/generator.go:65.2,81.16 5 1
github.com/greycoderk/lore/internal/generator/generator.go:81.16,83.3 1 0
github.com/greycoderk/lore/internal/generator/generator.go:85.2,93.52 2 1
github.com/greycoderk/lore/internal/i18n/i18n.go:33.13,35.2 1 1
github.com/greycoderk/lore/internal/i18n/i18n.go:40.24,41.20 1 1
github.com/greycoderk/lore/internal/i18n/i18n.go:42.10,43.27 1 1
github.com/greycoderk/lore/internal/i18n/i18n.go:44.10,45.27 1 1
github.com/greycoderk/lore/internal/i18n/i18n.go:46.10,48.17 2 1
github.com/greycoderk/lore/internal/i18n/i18n.go:48.17,50.4 1 1
github.com/greycoderk/lore/internal/i18n/i18n.go:56.20,58.14 2 1
github.com/greycoderk/lore/internal/i18n/i18n.go:58.14,60.3 1 0
github.com/greycoderk/lore/internal/i18n/i18n.go:61.2,61.22 1 1
github.com/greycoderk/lore/internal/i18n/i18n.go:66.34,68.2 1 1
github.com/greycoderk/lore/internal/i18n/i18n.go:71.36,72.41 1 1
github.com/greycoderk/lore/internal/i18n/i18n.go:72.41,73.24 1 1
github.com/greycoderk/lore/internal/i18n/i18n.go:73.24,75.4 1 1
github.com/greycoderk/lore/internal/i18n/i18n.go:77.2,77.14 1 1
github.com/greycoderk/lore/internal/notify/dialog.go:45.33,46.27 1 1
github.com/greycoderk/lore/internal/notify/dialog.go:46.27,48.3 1 0
github.com/greycoderk/lore/internal/notify/dialog.go:49.2,49.23 1 1
github.com/greycoderk/lore/internal/notify/dialog.go:49.23,51.3 1 1
github.com/greycoderk/lore/internal/notify/dialog_darwin.go:14.61,19.2 3 1
github.com/greycoderk/lore/internal/notify/dialog_darwin.go:21.47,29.23 7 1
github.com/greycoderk/lore/internal/notify/dialog_darwin.go:29.23,31.3 1 1
github.com/greycoderk/lore/internal/notify/dialog_darwin.go:34.2,71.3 10 1
github.com/greycoderk/lore/internal/notify/environment.go:44.45,45.21 1 1
github.com/greycoderk/lore/internal/notify/environment.go:45.21,47.3 1 1
github.com/greycoderk/lore/internal/notify/environment.go:48.2,48.23 1 0
github.com/greycoderk/lore/internal/notify/environment.go:51.97,52.26 1 1
github.com/greycoderk/lore/internal/notify/environment.go:52.26,54.3 1 1
github.com/greycoderk/lore/internal/notify/environment.go:55.2,55.51 1 0
github.com/greycoderk/lore/internal/notify/environment.go:68.56,70.17 1 1
github.com/greycoderk/lore/internal/notify/environment.go:70.17,72.3 1 1
github.com/greycoderk/lore/internal/notify/environment.go:75.2,75.39 1 1
github.com/greycoderk/lore/internal/notify/environment.go:75.39,77.3 1 1
github.com/greycoderk/lore/internal/notify/environment.go:80.2,80.31 1 1
github.com/greycoderk/lore/internal/notify/environment.go:80.31,82.3 1 1
github.com/greycoderk/lore/internal/notify/environment.go:85.2,85.30 1 1
github.com/greycoderk/lore/internal/notify/environment.go:85.30,87.3 1 1
github.com/greycoderk/lore/internal/notify/environment.go:90.2,90.49 1 1
github.com/greycoderk/lore/internal/notify/environment.go:90.49,92.3 1 1
github.com/greycoderk/lore/internal/notify/environment.go:95.2,96.60 1 1
github.com/greycoderk/lore/internal/notify/environment.go:96.60,98.3 1 1
github.com/greycoderk/lore/internal/notify/environment.go:101.2,101.48 1 1
github.com/greycoderk/lore/internal/notify/environment.go:101.48,103.3 1 1
github.com/greycoderk/lore/internal/notify/environment.go:106.2,106.39 1 1
github.com/greycoderk/lore/internal/notify/environment.go:106.39,108.3 1 1
github.com/greycoderk/lore/internal/notify/environment.go:111.2,111.19 1 1
github.com/greycoderk/lore/internal/notify/environment.go:115.49,116.13 1 1
github.com/greycoderk/lore/internal/notify/environment.go:117.52,118.14 1 1
github.com/greycoderk/lore/internal/notify/environment.go:120.2,120.14 1 1
github.com/greycoderk/lore/internal/notify/environment.go:125.45,128.57 1 1
github.com/greycoderk/lore/internal/notify/environment.go:128.57,130.3 1 1
github.com/greycoderk/lore/internal/notify/environment.go:131.2,131.35 1 1
github.com/greycoderk/lore/internal/notify/environment.go:137.66,140.13 2 1
github.com/greycoderk/lore/internal/notify/environment.go:141.17,145.4 1 1
github.com/greycoderk/lore/internal/notify/environment.go:146.19,150.4 1 0
github.com/greycoderk/lore/internal/notify/environment.go:151.17,155.4 1 0
github.com/greycoderk/lore/internal/notify/environment.go:156.10,159.4 1 1
github.com/greycoderk/lore/internal/notify/environment.go:162.2,162.34 1 1
github.com/greycoderk/lore/internal/notify/environment.go:162.34,163.47 1 1
github.com/greycoderk/lore/internal/notify/environment.go:163.47,165.4 1 1
github.com/greycoderk/lore/internal/notify/environment.go:167.2,167.11 1 1
github.com/greycoderk/lore/internal/notify/environment.go:171.31,172.29 1 1
github.com/greycoderk/lore/internal/notify/environment.go:172.29,174.3 1 1
github.com/greycoderk/lore/internal/notify/environment.go:175.2,179.27 2 1
github.com/greycoderk/lore/internal/notify/environment.go:179.27,180.27 1 1
github.com/greycoderk/lore/internal/notify/environment.go:180.27,182.4 1 1
github.com/greycoderk/lore/internal/notify/environment.go:184.2,184.14 1 1
github.com/greycoderk/lore/internal/notify/environment.go:188.58,190.19 2 1
github.com/greycoderk/lore/internal/notify/environment.go:190.19,192.10 2 1
github.com/greycoderk/lore/internal/notify/environment.go:193.42,194.20 1 1
github.com/greycoderk/lore/internal/notify/environment.go:195.44,196.22 1 1
github.com/greycoderk/lore/internal/notify/environment.go:197.42,198.20 1 1
github.com/greycoderk/lore/internal/notify/environment.go:199.40,200.20 1 1
github.com/greycoderk/lore/internal/notify/environment.go:204.2,204.50 1 1
github.com/greycoderk/lore/internal/notify/environment.go:204.50,206.3 1 1
github.com/greycoderk/lore/internal/notify/environment.go:207.2,207.11 1 1
github.com/greycoderk/lore/internal/notify/environment.go:211.46,212.74 1 1
github.com/greycoderk/lore/internal/notify/environment.go:212.74,214.3 1 1
github.com/greycoderk/lore/internal/notify/environment.go:215.2,215.77 1 0
github.com/greycoderk/lore/internal/notify/environment.go:220.59,222.16 2 1
github.com/greycoderk/lore/internal/notify/environment.go:222.16,224.3 1 1
github.com/greycoderk/lore/internal/notify/environment.go:225.2,226.13 2 1
github.com/greycoderk/lore/internal/notify/notify.go:32.41,36.2 1 0
github.com/greycoderk/lore/internal/notify/notify.go:59.64,62.20 2 1
github.com/greycoderk/lore/internal/notify/notify.go:62.20,64.3 1 0
github.com/greycoderk/lore/internal/notify/notify.go:67.2,67.28 1 1
github.com/greycoderk/lore/internal/notify/notify.go:67.28,69.3 1 1
github.com/greycoderk/lore/internal/notify/notify.go:72.2,72.44 1 1
github.com/greycoderk/lore/internal/notify/notify.go:72.44,73.22 1 1
github.com/greycoderk/lore/internal/notify/notify.go:73.22,75.4 1 1
github.com/greycoderk/lore/internal/notify/notify.go:79.2,82.38 3 1
github.com/greycoderk/lore/internal/notify/notify.go:82.38,86.3 2 0
github.com/greycoderk/lore/internal/notify/notify.go:89.2,90.28 2 1
github.com/greycoderk/lore/internal/notify/notify.go:90.28,92.3 1 0
github.com/greycoderk/lore/internal/notify/notify.go:93.2,107.28 3 1
github.com/greycoderk/lore/internal/notify/notify.go:107.28,109.3 1 0
github.com/greycoderk/lore/internal/notify/notify.go:111.2,111.18 1 1
github.com/greycoderk/lore/internal/notify/notify.go:112.20,114.9 2 0
github.com/greycoderk/lore/internal/notify/notify.go:115.18,117.9 2 0
github.com/greycoderk/lore/internal/notify/notify.go:118.18,120.9 2 0
github.com/greycoderk/lore/internal/notify/notify.go:126.2,126.39 1 1
github.com/greycoderk/lore/internal/notify/notify.go:126.39,129.3 2 0
github.com/greycoderk/lore/internal/notify/notify.go:132.2,132.25 1 1
github.com/greycoderk/lore/internal/notify/notify.go:132.25,134.22 2 1
github.com/greycoderk/lore/internal/notify/notify.go:134.22,135.106 1 1
github.com/greycoderk/lore/internal/notify/notify.go:135.106,137.5 1 1
github.com/greycoderk/lore/internal/notify/notify.go:143.2,143.41 1 1
github.com/greycoderk/lore/internal/notify/notify.go:146.105,147.25 1 0
github.com/greycoderk/lore/internal/notify/notify.go:147.25,149.22 2 0
github.com/greycoderk/lore/internal/notify/notify.go:149.22,150.106 1 0
github.com/greycoderk/lore/internal/notify/notify.go:150.106,152.5 1 0
github.com/greycoderk/lore/internal/notify/notify.go:158.75,159.62 1 1
github.com/greycoderk/lore/internal/notify/notify.go:159.62,161.3 1 1
github.com/greycoderk/lore/internal/notify/notify.go:163.2,163.48 1 0
github.com/greycoderk/lore/internal/notify/notify.go:171.36,177.84 4 1
github.com/greycoderk/lore/internal/notify/notify.go:177.84,179.3 1 0
github.com/greycoderk/lore/internal/notify/notify.go:180.2,180.15 1 1
github.com/greycoderk/lore/internal/notify/notify.go:180.15,180.37 1 1
github.com/greycoderk/lore/internal/notify/notify.go:182.2,182.43 1 1
github.com/greycoderk/lore/internal/notify/notify.go:182.43,185.21 2 1
github.com/greycoderk/lore/internal/notify/notify.go:185.21,187.4 1 0
github.com/greycoderk/lore/internal/notify/notify.go:188.3,189.22 2 1
github.com/greycoderk/lore/internal/notify/notify.go:189.22,193.4 2 0
github.com/greycoderk/lore/internal/notify/notify.go:195.3,195.27 1 1
github.com/greycoderk/lore/internal/notify/notify.go:195.27,199.4 2 1
github.com/greycoderk/lore/internal/notify/notify.go:200.3,200.15 1 1
github.com/greycoderk/lore/internal/notify/notify.go:202.2,202.13 1 1
github.com/greycoderk/lore/internal/notify/notify.go:206.31,208.2 1 1
github.com/greycoderk/lore/internal/notify/paths.go:31.31,32.25 1 1
github.com/greycoderk/lore/internal/notify/paths.go:32.25,34.3 1 1
github.com/greycoderk/lore/internal/notify/paths.go:35.2,35.23 1 1
github.com/greycoderk/lore/internal/notify/paths.go:35.23,37.3 1 1
github.com/greycoderk/lore/internal/notify/paths.go:38.2,38.25 1 1
github.com/greycoderk/lore/internal/notify/paths.go:38.25,40.3 1 1
github.com/greycoderk/lore/internal/notify/paths.go:41.2,41.20 1 1
github.com/greycoderk/lore/internal/notify/paths.go:41.20,43.3 1 1
github.com/greycoderk/lore/internal/notify/paths.go:44.2,44.19 1 1
github.com/greycoderk/lore/internal/notify/paths.go:44.19,46.3 1 1
github.com/greycoderk/lore/internal/notify/paths.go:51.55,55.52 2 1
github.com/greycoderk/lore/internal/notify/paths.go:55.52,56.67 1 1
github.com/greycoderk/lore/internal/notify/paths.go:56.67,58.4 1 1
github.com/greycoderk/lore/internal/notify/paths.go:59.3,59.23 1 1
github.com/greycoderk/lore/internal/notify/paths.go:63.2,63.52 1 1
github.com/greycoderk/lore/internal/notify/paths.go:63.52,64.49 1 1
github.com/greycoderk/lore/internal/notify/paths.go:64.49,66.4 1 1
github.com/greycoderk/lore/internal/notify/paths.go:67.3,67.19 1 0
github.com/greycoderk/lore/internal/notify/paths.go:71.2,72.16 2 1
github.com/greycoderk/lore/internal/notify/paths.go:72.16,78.32 2 1
github.com/greycoderk/lore/internal/notify/paths.go:78.32,79.40 1 1
github.com/greycoderk/lore/internal/notify/paths.go:79.40,81.5 1 1
github.com/greycoderk/lore/internal/notify/paths.go:85.2,85.28 1 1
github.com/greycoderk/lore/internal/notify/paths.go:90.53,94.29 3 1
github.com/greycoderk/lore/internal/notify/paths.go:94.29,96.3 1 1
github.com/greycoderk/lore/internal/notify/paths.go:98.2,98.21 1 1
github.com/greycoderk/lore/internal/notify/paths.go:101.56,104.16 3 0
github.com/greycoderk/lore/internal/notify/paths.go:104.16,106.3 1 0
github.com/greycoderk/lore/internal/notify/paths.go:107.2,107.44 1 0
github.com/greycoderk/lore/internal/notify/sanitize.go:19.40,23.22 4 1
github.com/greycoderk/lore/internal/notify/sanitize.go:23.22,24.31 1 1
github.com/greycoderk/lore/internal/notify/sanitize.go:24.31,25.9 1 0
github.com/greycoderk/lore/internal/notify/sanitize.go:27.3,27.13 1 1
github.com/greycoderk/lore/internal/notify/sanitize.go:27.13,28.12 1 1
github.com/greycoderk/lore/internal/notify/sanitize.go:30.3,30.53 1 1
github.com/greycoderk/lore/internal/notify/sanitize.go:30.53,31.12 1 1
github.com/greycoderk/lore/internal/notify/sanitize.go:33.3,34.10 2 1
github.com/greycoderk/lore/internal/notify/sanitize.go:36.2,36.19 1 1
github.com/greycoderk/lore/internal/notify/sanitize.go:41.45,44.25 3 1
github.com/greycoderk/lore/internal/notify/sanitize.go:44.25,45.81 1 1
github.com/greycoderk/lore/internal/notify/sanitize.go:45.81,47.4 1 1
github.com/greycoderk/lore/internal/notify/sanitize.go:49.2,49.19 1 1
github.com/greycoderk/lore/internal/notify/sanitize.go:54.37,57.22 3 1
github.com/greycoderk/lore/internal/notify/sanitize.go:57.22,58.12 1 1
github.com/greycoderk/lore/internal/notify/sanitize.go:59.13,60.23 1 1
github.com/greycoderk/lore/internal/notify/sanitize.go:61.12,62.23 1 1
github.com/greycoderk/lore/internal/notify/sanitize.go:63.13,64.23 1 1
github.com/greycoderk/lore/internal/notify/sanitize.go:65.13,66.23 1 1
github.com/greycoderk/lore/internal/notify/sanitize.go:67.13,68.23 1 1
github.com/greycoderk/lore/internal/notify/sanitize.go:69.13,70.23 1 0
github.com/greycoderk/lore/internal/notify/sanitize.go:71.13,72.23 1 0
github.com/greycoderk/lore/internal/notify/sanitize.go:73.11,74.16 1 1
github.com/greycoderk/lore/internal/notify/sanitize.go:74.16,76.13 1 0
github.com/greycoderk/lore/internal/notify/sanitize.go:78.4,78.18 1 1
github.com/greycoderk/lore/internal/notify/sanitize.go:81.2,81.19 1 1
github.com/greycoderk/lore/internal/notify/sanitize.go:87.41,93.2 5 1
github.com/greycoderk/lore/internal/notify/sanitize.go:97.40,99.2 1 1
github.com/greycoderk/lore/internal/notify/sanitize.go:102.33,109.2 6 1
github.com/greycoderk/lore/internal/notify/sanitize.go:112.40,113.27 1 1
github.com/greycoderk/lore/internal/notify/sanitize.go:113.27,114.14 1 1
[...]
github.com/greycoderk/lore/cmd/list.go:47.4,47.37 1 1
github.com/greycoderk/lore/cmd/list.go:47.37,49.5 1 0
github.com/greycoderk/lore/cmd/list.go:52.4,52.25 1 1
github.com/greycoderk/lore/cmd/list.go:52.25,53.19 1 1
github.com/greycoderk/lore/cmd/list.go:53.19,54.24 1 1
github.com/greycoderk/lore/cmd/list.go:54.24,56.7 1 1
github.com/greycoderk/lore/cmd/list.go:56.12,58.7 1 1
github.com/greycoderk/lore/cmd/list.go:60.5,60.15 1 1
github.com/greycoderk/lore/cmd/list.go:64.4,64.44 1 1
github.com/greycoderk/lore/cmd/list.go:64.44,66.5 1 1
github.com/greycoderk/lore/cmd/list.go:69.4,69.33 1 1
github.com/greycoderk/lore/cmd/list.go:69.33,73.22 4 1
github.com/greycoderk/lore/cmd/list.go:73.22,75.6 1 1
github.com/greycoderk/lore/cmd/list.go:76.5,77.52 1 1
github.com/greycoderk/lore/cmd/list.go:80.4,80.14 1 1
github.com/greycoderk/lore/cmd/list.go:84.2,87.12 3 1
github.com/greycoderk/lore/cmd/lore_check.go:18.53,19.51 1 1
github.com/greycoderk/lore/cmd/lore_check.go:19.51,20.25 1 1
github.com/greycoderk/lore/cmd/lore_check.go:20.25,23.4 2 1
github.com/greycoderk/lore/cmd/lore_check.go:24.3,24.64 1 0
github.com/greycoderk/lore/cmd/lore_check.go:26.2,26.12 1 1
github.com/greycoderk/lore/cmd/new.go:18.75,30.55 2 1
github.com/greycoderk/lore/cmd/new.go:30.55,32.50 1 1
github.com/greycoderk/lore/cmd/new.go:32.50,34.5 1 1
github.com/greycoderk/lore/cmd/new.go:36.4,37.18 2 1
github.com/greycoderk/lore/cmd/new.go:37.18,39.5 1 0
github.com/greycoderk/lore/cmd/new.go:41.4,43.23 2 1
github.com/greycoderk/lore/cmd/new.go:43.23,48.22 3 1
github.com/greycoderk/lore/cmd/new.go:48.22,50.6 1 0
github.com/greycoderk/lore/cmd/new.go:51.5,51.16 1 1
github.com/greycoderk/lore/cmd/new.go:51.16,55.6 2 1
github.com/greycoderk/lore/cmd/new.go:58.5,59.22 2 1
github.com/greycoderk/lore/cmd/new.go:59.22,61.6 1 0
github.com/greycoderk/lore/cmd/new.go:63.5,63.29 1 1
github.com/greycoderk/lore/cmd/new.go:64.10,66.22 1 1
github.com/greycoderk/lore/cmd/new.go:66.22,68.6 1 1
github.com/greycoderk/lore/cmd/new.go:69.5,69.22 1 1
github.com/greycoderk/lore/cmd/new.go:69.22,71.6 1 1
github.com/greycoderk/lore/cmd/new.go:72.5,72.22 1 1
github.com/greycoderk/lore/cmd/new.go:72.22,74.6 1 1
github.com/greycoderk/lore/cmd/new.go:77.4,77.74 1 1
github.com/greycoderk/lore/cmd/new.go:81.2,82.12 2 1
github.com/greycoderk/lore/cmd/notify_config.go:13.67,15.48 2 0
github.com/greycoderk/lore/cmd/notify_config.go:15.48,17.3 1 0
github.com/greycoderk/lore/cmd/notify_config.go:18.2,19.16 2 0
github.com/greycoderk/lore/cmd/notify_config.go:19.16,21.3 1 0
github.com/greycoderk/lore/cmd/notify_config.go:22.2,25.3 1 0
github.com/greycoderk/lore/cmd/pending.go:25.79,39.55 2 1
github.com/greycoderk/lore/cmd/pending.go:39.55,40.17 1 1
github.com/greycoderk/lore/cmd/pending.go:40.17,42.5 1 0
github.com/greycoderk/lore/cmd/pending.go:43.4,43.39 1 1
github.com/greycoderk/lore/cmd/pending.go:47.2,55.12 3 1
github.com/greycoderk/lore/cmd/pending.go:58.83,66.55 2 1
github.com/greycoderk/lore/cmd/pending.go:66.55,67.17 1 1
github.com/greycoderk/lore/cmd/pending.go:67.17,69.5 1 1
github.com/greycoderk/lore/cmd/pending.go:70.4,70.39 1 0
github.com/greycoderk/lore/cmd/pending.go:74.2,75.12 2 1
github.com/greycoderk/lore/cmd/pending.go:78.86,94.55 2 1
github.com/greycoderk/lore/cmd/pending.go:94.55,102.4 1 0
github.com/greycoderk/lore/cmd/pending.go:105.2,113.12 8 1
github.com/greycoderk/lore/cmd/pending.go:116.83,123.55 1 1
github.com/greycoderk/lore/cmd/pending.go:123.55,125.4 1 1
github.com/greycoderk/lore/cmd/pending.go:130.73,131.48 1 1
github.com/greycoderk/lore/cmd/pending.go:131.48,133.3 1 1
github.com/greycoderk/lore/cmd/pending.go:135.2,136.33 2 1
github.com/greycoderk/lore/cmd/pending.go:136.33,138.3 1 0
github.com/greycoderk/lore/cmd/pending.go:139.2,140.16 2 1
github.com/greycoderk/lore/cmd/pending.go:140.16,142.3 1 0
github.com/greycoderk/lore/cmd/pending.go:144.2,144.21 1 1
github.com/greycoderk/lore/cmd/pending.go:144.21,147.3 2 1
github.com/greycoderk/lore/cmd/pending.go:149.2,155.12 5 1
github.com/greycoderk/lore/cmd/pending.go:158.78,159.48 1 1
github.com/greycoderk/lore/cmd/pending.go:159.48,161.3 1 0
github.com/greycoderk/lore/cmd/pending.go:163.2,165.16 3 1
github.com/greycoderk/lore/cmd/pending.go:165.16,167.3 1 0
github.com/greycoderk/lore/cmd/pending.go:169.2,169.29 1 1
github.com/greycoderk/lore/cmd/pending.go:169.29,171.3 1 1
github.com/greycoderk/lore/cmd/pending.go:173.2,173.12 1 1
github.com/greycoderk/lore/cmd/pending.go:176.146,177.48 1 0
github.com/greycoderk/lore/cmd/pending.go:177.48,179.3 1 0
github.com/greycoderk/lore/cmd/pending.go:181.2,182.16 2 0
github.com/greycoderk/lore/cmd/pending.go:182.16,184.3 1 0
github.com/greycoderk/lore/cmd/pending.go:186.2,187.33 2 0
github.com/greycoderk/lore/cmd/pending.go:187.33,189.3 1 0
github.com/greycoderk/lore/cmd/pending.go:190.2,191.16 2 0
github.com/greycoderk/lore/cmd/pending.go:191.16,193.3 1 0
github.com/greycoderk/lore/cmd/pending.go:195.2,195.21 1 0
github.com/greycoderk/lore/cmd/pending.go:195.21,198.3 2 0
github.com/greycoderk/lore/cmd/pending.go:201.2,201.24 1 0
github.com/greycoderk/lore/cmd/pending.go:201.24,202.30 1 0
github.com/greycoderk/lore/cmd/pending.go:202.30,203.56 1 0
github.com/greycoderk/lore/cmd/pending.go:203.56,206.5 2 0
github.com/greycoderk/lore/cmd/pending.go:208.3,209.49 2 0
github.com/greycoderk/lore/cmd/pending.go:212.2,214.20 2 0
github.com/greycoderk/lore/cmd/pending.go:214.20,217.53 2 0
github.com/greycoderk/lore/cmd/pending.go:217.53,220.4 2 0
github.com/greycoderk/lore/cmd/pending.go:221.3,221.26 1 0
github.com/greycoderk/lore/cmd/pending.go:222.8,222.28 1 0
github.com/greycoderk/lore/cmd/pending.go:222.28,225.3 1 0
github.com/greycoderk/lore/cmd/pending.go:225.8,225.48 1 0
github.com/greycoderk/lore/cmd/pending.go:225.48,228.3 1 0
github.com/greycoderk/lore/cmd/pending.go:228.8,235.22 5 0
github.com/greycoderk/lore/cmd/pending.go:235.22,237.4 1 0
github.com/greycoderk/lore/cmd/pending.go:238.3,240.53 3 0
github.com/greycoderk/lore/cmd/pending.go:240.53,243.4 2 0
github.com/greycoderk/lore/cmd/pending.go:244.3,244.26 1 0
github.com/greycoderk/lore/cmd/pending.go:247.2,248.97 2 0
github.com/greycoderk/lore/cmd/pending.go:251.88,252.48 1 1
github.com/greycoderk/lore/cmd/pending.go:252.48,254.3 1 0
github.com/greycoderk/lore/cmd/pending.go:256.2,258.16 3 1
github.com/greycoderk/lore/cmd/pending.go:258.16,261.3 2 0
github.com/greycoderk/lore/cmd/pending.go:263.2,265.12 3 1
github.com/greycoderk/lore/cmd/pending.go:269.80,273.29 3 1
github.com/greycoderk/lore/cmd/pending.go:273.29,278.3 3 1
github.com/greycoderk/lore/cmd/pending.go:282.33,283.16 1 1
github.com/greycoderk/lore/cmd/pending.go:283.16,285.3 1 1
github.com/greycoderk/lore/cmd/pending.go:286.2,286.10 1 1
github.com/greycoderk/lore/cmd/pending.go:290.44,291.41 1 1
github.com/greycoderk/lore/cmd/pending.go:291.41,293.3 1 1
github.com/greycoderk/lore/cmd/pending.go:294.2,294.17 1 1
github.com/greycoderk/lore/cmd/pending.go:294.17,296.3 1 0
github.com/greycoderk/lore/cmd/pending.go:297.2,297.45 1 1
github.com/greycoderk/lore/cmd/release.go:21.79,34.55 2 1
github.com/greycoderk/lore/cmd/release.go:34.55,36.18 2 0
github.com/greycoderk/lore/cmd/release.go:36.18,38.5 1 0
github.com/greycoderk/lore/cmd/release.go:39.4,40.81 2 0
github.com/greycoderk/lore/cmd/release.go:44.2,49.12 5 1
github.com/greycoderk/lore/cmd/release.go:52.126,54.52 1 1
github.com/greycoderk/lore/cmd/release.go:54.52,55.13 1 1
github.com/greycoderk/lore/cmd/release.go:55.13,57.4 1 1
github.com/greycoderk/lore/cmd/release.go:58.3,58.66 1 1
github.com/greycoderk/lore/cmd/release.go:61.2,66.38 4 1
github.com/greycoderk/lore/cmd/release.go:66.38,67.22 1 0
github.com/greycoderk/lore/cmd/release.go:67.22,69.4 1 0
github.com/greycoderk/lore/cmd/release.go:70.3,71.17 2 0
github.com/greycoderk/lore/cmd/release.go:71.17,73.4 1 0
github.com/greycoderk/lore/cmd/release.go:74.3,75.18 2 0
github.com/greycoderk/lore/cmd/release.go:79.2,82.16 3 1
github.com/greycoderk/lore/cmd/release.go:82.16,84.20 2 0
github.com/greycoderk/lore/cmd/release.go:84.20,85.14 1 0
github.com/greycoderk/lore/cmd/release.go:85.14,88.5 2 0
github.com/greycoderk/lore/cmd/release.go:89.4,89.49 1 0
github.com/greycoderk/lore/cmd/release.go:91.3,91.13 1 0
github.com/greycoderk/lore/cmd/release.go:93.2,93.14 1 1
github.com/greycoderk/lore/cmd/release.go:93.14,95.3 1 0
github.com/greycoderk/lore/cmd/release.go:98.2,99.19 2 1
github.com/greycoderk/lore/cmd/release.go:99.19,100.39 1 0
github.com/greycoderk/lore/cmd/release.go:100.39,102.4 1 0
github.com/greycoderk/lore/cmd/release.go:102.9,104.21 2 0
github.com/greycoderk/lore/cmd/release.go:104.21,106.5 1 0
github.com/greycoderk/lore/cmd/release.go:107.4,107.17 1 0
github.com/greycoderk/lore/cmd/release.go:112.2,113.16 2 1
github.com/greycoderk/lore/cmd/release.go:113.16,115.3 1 0
github.com/greycoderk/lore/cmd/release.go:118.2,119.16 2 1
github.com/greycoderk/lore/cmd/release.go:119.16,121.3 1 0
github.com/greycoderk/lore/cmd/release.go:122.2,122.31 1 1
github.com/greycoderk/lore/cmd/release.go:122.31,124.3 1 0
github.com/greycoderk/lore/cmd/release.go:127.2,127.20 1 1
github.com/greycoderk/lore/cmd/release.go:127.20,128.13 1 1
github.com/greycoderk/lore/cmd/release.go:128.13,131.4 2 1
github.com/greycoderk/lore/cmd/release.go:132.3,132.13 1 1
github.com/greycoderk/lore/cmd/release.go:135.2,139.16 3 1
github.com/greycoderk/lore/cmd/release.go:139.16,141.3 1 0
github.com/greycoderk/lore/cmd/release.go:144.2,145.25 2 1
github.com/greycoderk/lore/cmd/release.go:145.25,147.3 1 1
github.com/greycoderk/lore/cmd/release.go:150.2,150.89 1 1
github.com/greycoderk/lore/cmd/release.go:150.89,152.3 1 0
github.com/greycoderk/lore/cmd/release.go:155.2,156.16 2 1
github.com/greycoderk/lore/cmd/release.go:156.16,158.3 1 0
github.com/greycoderk/lore/cmd/release.go:159.2,159.29 1 1
github.com/greycoderk/lore/cmd/release.go:159.29,161.3 1 0
github.com/greycoderk/lore/cmd/release.go:164.2,164.67 1 1
github.com/greycoderk/lore/cmd/release.go:164.67,165.13 1 0
github.com/greycoderk/lore/cmd/release.go:165.13,167.4 1 0
github.com/greycoderk/lore/cmd/release.go:171.2,171.11 1 1
github.com/greycoderk/lore/cmd/release.go:171.11,174.3 1 1
github.com/greycoderk/lore/cmd/release.go:174.8,176.3 1 1
github.com/greycoderk/lore/cmd/release.go:178.2,178.12 1 1
github.com/greycoderk/lore/cmd/root.go:21.106,27.66 1 1
github.com/greycoderk/lore/cmd/root.go:27.66,31.60 2 0
github.com/greycoderk/lore/cmd/root.go:31.60,33.5 1 0
github.com/greycoderk/lore/cmd/root.go:34.4,34.31 1 0
github.com/greycoderk/lore/cmd/root.go:34.31,37.5 2 0
github.com/greycoderk/lore/cmd/root.go:38.4,42.89 3 0
github.com/greycoderk/lore/cmd/root.go:42.89,44.5 1 0
github.com/greycoderk/lore/cmd/root.go:46.4,47.18 2 0
github.com/greycoderk/lore/cmd/root.go:47.18,49.5 1 0
github.com/greycoderk/lore/cmd/root.go:50.4,50.21 1 0
github.com/greycoderk/lore/cmd/root.go:50.21,52.5 1 0
github.com/greycoderk/lore/cmd/root.go:53.4,57.50 2 0
github.com/greycoderk/lore/cmd/root.go:57.50,58.40 1 0
github.com/greycoderk/lore/cmd/root.go:58.40,60.6 1 0
github.com/greycoderk/lore/cmd/root.go:60.11,62.6 1 0
github.com/greycoderk/lore/cmd/root.go:66.4,67.15 2 0
github.com/greycoderk/lore/cmd/root.go:67.15,69.5 1 0
github.com/greycoderk/lore/cmd/root.go:72.4,74.19 3 0
github.com/greycoderk/lore/cmd/root.go:74.19,76.5 1 0
github.com/greycoderk/lore/cmd/root.go:76.10,78.5 1 0
github.com/greycoderk/lore/cmd/root.go:80.4,80.14 1 0
github.com/greycoderk/lore/cmd/root.go:82.67,83.24 1 0
github.com/greycoderk/lore/cmd/root.go:83.24,85.5 1 0
github.com/greycoderk/lore/cmd/root.go:86.4,86.14 1 0
github.com/greycoderk/lore/cmd/root.go:90.2,113.12 3 1
github.com/greycoderk/lore/cmd/root.go:116.16,129.21 4 0
github.com/greycoderk/lore/cmd/root.go:129.21,131.3 1 0
github.com/greycoderk/lore/cmd/root.go:132.2,132.52 1 0
github.com/greycoderk/lore/cmd/root.go:132.52,134.3 1 0
github.com/greycoderk/lore/cmd/root.go:136.2,140.38 4 0
github.com/greycoderk/lore/cmd/root.go:140.38,141.47 1 0
github.com/greycoderk/lore/cmd/root.go:141.47,143.4 1 0
github.com/greycoderk/lore/cmd/root.go:144.3,144.25 1 0
github.com/greycoderk/lore/cmd/show.go:18.76,40.55 2 1
github.com/greycoderk/lore/cmd/show.go:40.55,42.50 1 1
github.com/greycoderk/lore/cmd/show.go:42.50,44.5 1 1
github.com/greycoderk/lore/cmd/show.go:47.4,48.18 2 1
github.com/greycoderk/lore/cmd/show.go:48.18,51.5 2 0
github.com/greycoderk/lore/cmd/show.go:53.4,54.21 2 1
github.com/greycoderk/lore/cmd/show.go:54.21,56.5 1 1
github.com/greycoderk/lore/cmd/show.go:59.4,59.33 1 1
github.com/greycoderk/lore/cmd/show.go:59.33,63.5 3 1
github.com/greycoderk/lore/cmd/show.go:66.4,66.29 1 1
github.com/greycoderk/lore/cmd/show.go:66.29,68.5 1 1
github.com/greycoderk/lore/cmd/show.go:70.4,77.18 4 1
github.com/greycoderk/lore/cmd/show.go:77.18,79.5 1 0
github.com/greycoderk/lore/cmd/show.go:81.4,81.63 1 1
github.com/greycoderk/lore/cmd/show.go:85.2,95.12 10 1
github.com/greycoderk/lore/cmd/show.go:98.113,101.15 2 1
github.com/greycoderk/lore/cmd/show.go:102.9,104.13 1 1
github.com/greycoderk/lore/cmd/show.go:104.13,105.21 1 1
github.com/greycoderk/lore/cmd/show.go:105.21,108.5 2 1
github.com/greycoderk/lore/cmd/show.go:108.10,110.5 1 0
github.com/greycoderk/lore/cmd/show.go:112.3,112.48 1 1
github.com/greycoderk/lore/cmd/show.go:114.9,117.17 2 1
github.com/greycoderk/lore/cmd/show.go:117.17,119.4 1 0
github.com/greycoderk/lore/cmd/show.go:120.3,120.42 1 1
github.com/greycoderk/lore/cmd/show.go:122.10,125.29 2 1
github.com/greycoderk/lore/cmd/show.go:125.29,131.4 1 1
github.com/greycoderk/lore/cmd/show.go:133.3,135.13 2 1
github.com/greycoderk/lore/cmd/show.go:135.13,138.18 2 1
github.com/greycoderk/lore/cmd/show.go:138.18,140.5 1 0
github.com/greycoderk/lore/cmd/show.go:143.4,143.25 1 1
github.com/greycoderk/lore/cmd/show.go:143.25,145.19 2 0
github.com/greycoderk/lore/cmd/show.go:145.19,147.6 1 0
github.com/greycoderk/lore/cmd/show.go:148.5,148.44 1 0
github.com/greycoderk/lore/cmd/show.go:151.9,153.30 1 1
github.com/greycoderk/lore/cmd/show.go:153.30,155.5 1 1
github.com/greycoderk/lore/cmd/show.go:159.2,159.12 1 1
github.com/greycoderk/lore/cmd/status.go:20.80,33.55 3 1
github.com/greycoderk/lore/cmd/status.go:33.55,35.50 1 1
github.com/greycoderk/lore/cmd/status.go:35.50,37.5 1 1
github.com/greycoderk/lore/cmd/status.go:39.4,41.17 2 1
github.com/greycoderk/lore/cmd/status.go:41.17,43.5 1 0
github.com/greycoderk/lore/cmd/status.go:45.4,46.18 2 1
github.com/greycoderk/lore/cmd/status.go:46.18,48.5 1 0
github.com/greycoderk/lore/cmd/status.go:50.4,50.17 1 1
github.com/greycoderk/lore/cmd/status.go:50.17,52.5 1 1
github.com/greycoderk/lore/cmd/status.go:53.4,53.41 1 1
github.com/greycoderk/lore/cmd/status.go:57.2,60.12 3 1
github.com/greycoderk/lore/cmd/status.go:65.79,73.24 4 1
github.com/greycoderk/lore/cmd/status.go:73.24,75.3 1 1
github.com/greycoderk/lore/cmd/status.go:76.2,80.27 3 1
github.com/greycoderk/lore/cmd/status.go:80.27,82.3 1 1
github.com/greycoderk/lore/cmd/status.go:83.2,87.15 3 1
github.com/greycoderk/lore/cmd/status.go:87.15,92.26 4 1
github.com/greycoderk/lore/cmd/status.go:92.26,94.4 1 0
github.com/greycoderk/lore/cmd/status.go:95.3,95.83 1 1
github.com/greycoderk/lore/cmd/status.go:96.8,96.32 1 1
github.com/greycoderk/lore/cmd/status.go:96.32,98.3 1 0
github.com/greycoderk/lore/cmd/status.go:101.2,102.32 2 1
github.com/greycoderk/lore/cmd/status.go:102.32,104.3 1 1
github.com/greycoderk/lore/cmd/status.go:104.8,104.34 1 0
github.com/greycoderk/lore/cmd/status.go:104.34,106.3 1 0
github.com/greycoderk/lore/cmd/status.go:107.2,107.56 1 1
github.com/greycoderk/lore/cmd/status.go:107.56,109.3 1 0
github.com/greycoderk/lore/cmd/status.go:109.8,109.30 1 1
github.com/greycoderk/lore/cmd/status.go:109.30,111.3 1 1
github.com/greycoderk/lore/cmd/status.go:112.2,116.24 3 1
github.com/greycoderk/lore/cmd/status.go:116.24,118.37 2 0
github.com/greycoderk/lore/cmd/status.go:118.37,120.4 1 0
github.com/greycoderk/lore/cmd/status.go:120.9,123.4 1 0
github.com/greycoderk/lore/cmd/status.go:127.2,127.28 1 1
github.com/greycoderk/lore/cmd/status.go:127.28,129.3 1 1
github.com/greycoderk/lore/cmd/status.go:129.8,132.3 1 1
github.com/greycoderk/lore/cmd/status.go:135.2,137.12 2 1
github.com/greycoderk/lore/cmd/status.go:141.42,143.9 2 0
github.com/greycoderk/lore/cmd/status.go:144.21,145.45 1 0
github.com/greycoderk/lore/cmd/status.go:146.24,147.72 1 0
github.com/greycoderk/lore/cmd/status.go:148.26,149.74 1 0
github.com/greycoderk/lore/cmd/status.go:150.10,151.32 1 0
github.com/greycoderk/lore/cmd/status.go:157.80,162.26 4 0
github.com/greycoderk/lore/cmd/status.go:162.26,165.3 2 0
github.com/greycoderk/lore/cmd/status.go:167.2,178.28 5 0
github.com/greycoderk/lore/cmd/status.go:178.28,182.3 3 0
github.com/greycoderk/lore/cmd/status.go:184.2,184.12 1 0
github.com/greycoderk/lore/cmd/status.go:187.75,191.24 3 1
github.com/greycoderk/lore/cmd/status.go:191.24,193.3 1 1
github.com/greycoderk/lore/cmd/status.go:195.2,196.27 2 1
github.com/greycoderk/lore/cmd/status.go:196.27,198.3 1 1
github.com/greycoderk/lore/cmd/status.go:200.2,204.25 5 1
github.com/greycoderk/lore/cmd/status.go:204.25,206.3 1 0
github.com/greycoderk/lore/cmd/status.go:207.2,212.24 5 1
github.com/greycoderk/lore/cmd/status.go:212.24,215.3 2 0
github.com/greycoderk/lore/cmd/status.go:217.2,217.12 1 1
github.com/greycoderk/lore/cmd/upgrade.go:23.79,32.52 2 1
github.com/greycoderk/lore/cmd/upgrade.go:32.52,34.4 1 0
github.com/greycoderk/lore/cmd/upgrade.go:37.2,39.12 2 1
github.com/greycoderk/lore/cmd/upgrade.go:42.91,46.30 2 0
github.com/greycoderk/lore/cmd/upgrade.go:46.30,49.3 2 0
github.com/greycoderk/lore/cmd/upgrade.go:52.2,53.16 2 0
github.com/greycoderk/lore/cmd/upgrade.go:53.16,55.3 1 0
github.com/greycoderk/lore/cmd/upgrade.go:56.2,57.16 2 0
github.com/greycoderk/lore/cmd/upgrade.go:57.16,59.3 1 0
github.com/greycoderk/lore/cmd/upgrade.go:61.2,62.16 2 0
github.com/greycoderk/lore/cmd/upgrade.go:63.31,65.13 2 0
github.com/greycoderk/lore/cmd/upgrade.go:66.32,68.13 2 0
github.com/greycoderk/lore/cmd/upgrade.go:72.2,77.25 5 0
github.com/greycoderk/lore/cmd/upgrade.go:77.25,79.17 2 0
github.com/greycoderk/lore/cmd/upgrade.go:79.17,82.4 2 0
github.com/greycoderk/lore/cmd/upgrade.go:83.3,83.21 1 0
github.com/greycoderk/lore/cmd/upgrade.go:83.21,86.4 2 0
github.com/greycoderk/lore/cmd/upgrade.go:87.8,89.17 2 0
github.com/greycoderk/lore/cmd/upgrade.go:89.17,92.4 2 0
github.com/greycoderk/lore/cmd/upgrade.go:93.3,93.21 1 0
github.com/greycoderk/lore/cmd/upgrade.go:93.21,96.4 2 0
github.com/greycoderk/lore/cmd/upgrade.go:100.2,101.90 2 0
github.com/greycoderk/lore/cmd/upgrade.go:101.90,104.3 2 0
github.com/greycoderk/lore/cmd/upgrade.go:106.2,111.35 4 0
github.com/greycoderk/lore/cmd/upgrade.go:111.35,112.28 1 0
github.com/greycoderk/lore/cmd/upgrade.go:112.28,114.4 1 0
github.com/greycoderk/lore/cmd/upgrade.go:115.3,115.32 1 0
github.com/greycoderk/lore/cmd/upgrade.go:115.32,117.4 1 0
github.com/greycoderk/lore/cmd/upgrade.go:119.2,119.20 1 0
github.com/greycoderk/lore/cmd/upgrade.go:119.20,122.3 2 0
github.com/greycoderk/lore/cmd/upgrade.go:125.2,127.19 3 0
github.com/greycoderk/lore/cmd/upgrade.go:127.19,130.3 2 0
github.com/greycoderk/lore/cmd/upgrade.go:131.2,136.16 4 0
github.com/greycoderk/lore/cmd/upgrade.go:136.16,138.3 1 0
github.com/greycoderk/lore/cmd/upgrade.go:139.2,143.16 4 0
github.com/greycoderk/lore/cmd/upgrade.go:143.16,146.3 2 0
github.com/greycoderk/lore/cmd/upgrade.go:149.2,149.24 1 0
github.com/greycoderk/lore/cmd/upgrade.go:149.24,152.17 3 0
github.com/greycoderk/lore/cmd/upgrade.go:152.17,155.4 2 0
github.com/greycoderk/lore/cmd/upgrade.go:156.3,156.69 1 0
github.com/greycoderk/lore/cmd/upgrade.go:156.69,159.4 2 0
github.com/greycoderk/lore/cmd/upgrade.go:163.2,164.16 2 0
github.com/greycoderk/lore/cmd/upgrade.go:164.16,167.3 2 0
github.com/greycoderk/lore/cmd/upgrade.go:170.2,171.67 2 0
github.com/greycoderk/lore/cmd/upgrade.go:171.67,174.3 2 0
github.com/greycoderk/lore/cmd/upgrade.go:176.2,177.12 2 0
